[0.278s] DEBUG:colcon:Command line arguments: ['/usr/bin/colcon', 'build', '--symlink-install', '--packages-select', 'v2x_opencv_perception', '--cmake-args', '-DPython3_EXECUTABLE=/usr/bin/python3', '-DPython_EXECUTABLE=/usr/bin/python3']
[0.279s] DEBUG:colcon:Parsed command line arguments: Namespace(log_base=None, log_level=None, verb_name='build', build_base='build', install_base='install', merge_install=False, symlink_install=True, test_result_base=None, continue_on_error=False, executor='parallel', parallel_workers=2, event_handlers=None, ignore_user_meta=False, metas=['./colcon.meta'], base_paths=['.'], packages_ignore=None, packages_ignore_regex=None, paths=None, packages_up_to=None, packages_up_to_regex=None, packages_above=None, packages_above_and_dependencies=None, packages_above_depth=None, packages_select_by_dep=None, packages_skip_by_dep=None, packages_skip_up_to=None, packages_select_build_failed=False, packages_skip_build_finished=False, packages_select_test_failures=False, packages_skip_test_passed=False, packages_select=['v2x_opencv_perception'], packages_skip=None, packages_select_regex=None, packages_skip_regex=None, packages_start=None, packages_end=None, allow_overriding=[], cmake_args=['-DPython3_EXECUTABLE=/usr/bin/python3', '-DPython_EXECUTABLE=/usr/bin/python3'], cmake_target=None, cmake_target_skip_unavailable=False, cmake_clean_cache=False, cmake_clean_first=False, cmake_force_configure=False, ament_cmake_args=None, catkin_cmake_args=None, catkin_skip_building_tests=False, mixin_files=None, mixin=None, verb_parser=<colcon_mixin.mixin.mixin_argument.MixinArgumentDecorator object at 0x75df9ee1d700>, verb_extension=<colcon_core.verb.build.BuildVerb object at 0x75df9ee1d4c0>, main=<bound method BuildVerb.main of <colcon_core.verb.build.BuildVerb object at 0x75df9ee1d4c0>>, mixin_verb=('build',))
[0.387s] Level 1:colcon.colcon_core.package_discovery:discover_packages(colcon_meta) check parameters
[0.387s] Level 1:colcon.colcon_core.package_discovery:discover_packages(recursive) check parameters
[0.387s] Level 1:colcon.colcon_core.package_discovery:discover_packages(ignore) check parameters
[0.387s] Level 1:colcon.colcon_core.package_discovery:discover_packages(path) check parameters
[0.387s] Level 1:colcon.colcon_core.package_discovery:discover_packages(colcon_meta) discover
[0.387s] Level 1:colcon.colcon_core.package_discovery:discover_packages(recursive) discover
[0.387s] INFO:colcon.colcon_core.package_discovery:Crawling recursively for packages in '/workspaces/Qcar'
[0.387s] Level 1:colcon.colcon_core.package_identification:_identify(.) by extensions ['ignore', 'ignore_ament_install']
[0.388s] Level 1:colcon.colcon_core.package_identification:_identify(.) by extension 'ignore'
[0.388s] Level 1:colcon.colcon_core.package_identification:_identify(.) by extension 'ignore_ament_install'
[0.388s] Level 1:colcon.colcon_core.package_identification:_identify(.) by extensions ['colcon_pkg']
[0.388s] Level 1:colcon.colcon_core.package_identification:_identify(.) by extension 'colcon_pkg'
[0.388s] Level 1:colcon.colcon_core.package_identification:_identify(.) by extensions ['colcon_meta']
[0.388s] Level 1:colcon.colcon_core.package_identification:_identify(.) by extension 'colcon_meta'
[0.388s] Level 1:colcon.colcon_core.package_identification:_identify(.) by extensions ['ros']
[0.388s] Level 1:colcon.colcon_core.package_identification:_identify(.) by extension 'ros'
[0.550s] Level 1:colcon.colcon_core.package_identification:_identify(.) by extensions ['cmake', 'python']
[0.550s] Level 1:colcon.colcon_core.package_identification:_identify(.) by extension 'cmake'
[0.550s] Level 1:colcon.colcon_core.package_identification:_identify(.) by extension 'python'
[0.551s] Level 1:colcon.colcon_core.package_identification:_identify(.) by extensions ['python_setup_py']
[0.551s] Level 1:colcon.colcon_core.package_identification:_identify(.) by extension 'python_setup_py'
[0.551s] Level 1:colcon.colcon_core.package_identification:_identify(build) by extensions ['ignore', 'ignore_ament_install']
[0.552s] Level 1:colcon.colcon_core.package_identification:_identify(build) by extension 'ignore'
[0.553s] Level 1:colcon.colcon_core.package_identification:_identify(build) ignored
[0.554s] Level 1:colcon.colcon_core.package_identification:_identify(install) by extensions ['ignore', 'ignore_ament_install']
[0.555s] Level 1:colcon.colcon_core.package_identification:_identify(install) by extension 'ignore'
[0.555s] Level 1:colcon.colcon_core.package_identification:_identify(install) ignored
[0.555s] Level 1:colcon.colcon_core.package_identification:_identify(log) by extensions ['ignore', 'ignore_ament_install']
[0.556s] Level 1:colcon.colcon_core.package_identification:_identify(log) by extension 'ignore'
[0.556s] Level 1:colcon.colcon_core.package_identification:_identify(log) ignored
[0.557s] Level 1:colcon.colcon_core.package_identification:_identify(src) by extensions ['ignore', 'ignore_ament_install']
[0.557s] Level 1:colcon.colcon_core.package_identification:_identify(src) by extension 'ignore'
[0.557s] Level 1:colcon.colcon_core.package_identification:_identify(src) by extension 'ignore_ament_install'
[0.558s] Level 1:colcon.colcon_core.package_identification:_identify(src) by extensions ['colcon_pkg']
[0.558s] Level 1:colcon.colcon_core.package_identification:_identify(src) by extension 'colcon_pkg'
[0.558s] Level 1:colcon.colcon_core.package_identification:_identify(src) by extensions ['colcon_meta']
[0.558s] Level 1:colcon.colcon_core.package_identification:_identify(src) by extension 'colcon_meta'
[0.558s] Level 1:colcon.colcon_core.package_identification:_identify(src) by extensions ['ros']
[0.558s] Level 1:colcon.colcon_core.package_identification:_identify(src) by extension 'ros'
[0.558s] Level 1:colcon.colcon_core.package_identification:_identify(src) by extensions ['cmake', 'python']
[0.558s] Level 1:colcon.colcon_core.package_identification:_identify(src) by extension 'cmake'
[0.558s] Level 1:colcon.colcon_core.package_identification:_identify(src) by extension 'python'
[0.559s] Level 1:colcon.colcon_core.package_identification:_identify(src) by extensions ['python_setup_py']
[0.559s] Level 1:colcon.colcon_core.package_identification:_identify(src) by extension 'python_setup_py'
[0.559s] Level 1:colcon.colcon_core.package_identification:_identify(src/emergency_priority) by extensions ['ignore', 'ignore_ament_install']
[0.560s] Level 1:colcon.colcon_core.package_identification:_identify(src/emergency_priority) by extension 'ignore'
[0.560s] Level 1:colcon.colcon_core.package_identification:_identify(src/emergency_priority) by extension 'ignore_ament_install'
[0.560s] Level 1:colcon.colcon_core.package_identification:_identify(src/emergency_priority) by extensions ['colcon_pkg']
[0.560s] Level 1:colcon.colcon_core.package_identification:_identify(src/emergency_priority) by extension 'colcon_pkg'
[0.560s] Level 1:colcon.colcon_core.package_identification:_identify(src/emergency_priority) by extensions ['colcon_meta']
[0.560s] Level 1:colcon.colcon_core.package_identification:_identify(src/emergency_priority) by extension 'colcon_meta'
[0.560s] Level 1:colcon.colcon_core.package_identification:_identify(src/emergency_priority) by extensions ['ros']
[0.560s] Level 1:colcon.colcon_core.package_identification:_identify(src/emergency_priority) by extension 'ros'
[0.567s] DEBUG:colcon.colcon_core.package_identification:Package 'src/emergency_priority' with type 'ros.ament_python' and name 'emergency_priority'
[0.567s] Level 1:colcon.colcon_core.package_identification:_identify(src/qcar2_description) by extensions ['ignore', 'ignore_ament_install']
[0.567s] Level 1:colcon.colcon_core.package_identification:_identify(src/qcar2_description) by extension 'ignore'
[0.568s] Level 1:colcon.colcon_core.package_identification:_identify(src/qcar2_description) by extension 'ignore_ament_install'
[0.568s] Level 1:colcon.colcon_core.package_identification:_identify(src/qcar2_description) by extensions ['colcon_pkg']
[0.568s] Level 1:colcon.colcon_core.package_identification:_identify(src/qcar2_description) by extension 'colcon_pkg'
[0.568s] Level 1:colcon.colcon_core.package_identification:_identify(src/qcar2_description) by extensions ['colcon_meta']
[0.568s] Level 1:colcon.colcon_core.package_identification:_identify(src/qcar2_description) by extension 'colcon_meta'
[0.568s] Level 1:colcon.colcon_core.package_identification:_identify(src/qcar2_description) by extensions ['ros']
[0.568s] Level 1:colcon.colcon_core.package_identification:_identify(src/qcar2_description) by extension 'ros'
[0.570s] DEBUG:colcon.colcon_core.package_identification:Package 'src/qcar2_description' with type 'ros.ament_cmake' and name 'qcar2_description'
[0.571s] Level 1:colcon.colcon_core.package_identification:_identify(src/v2x_custom_stack) by extensions ['ignore', 'ignore_ament_install']
[0.572s] Level 1:colcon.colcon_core.package_identification:_identify(src/v2x_custom_stack) by extension 'ignore'
[0.573s] Level 1:colcon.colcon_core.package_identification:_identify(src/v2x_custom_stack) by extension 'ignore_ament_install'
[0.573s] Level 1:colcon.colcon_core.package_identification:_identify(src/v2x_custom_stack) by extensions ['colcon_pkg']
[0.573s] Level 1:colcon.colcon_core.package_identification:_identify(src/v2x_custom_stack) by extension 'colcon_pkg'
[0.573s] Level 1:colcon.colcon_core.package_identification:_identify(src/v2x_custom_stack) by extensions ['colcon_meta']
[0.573s] Level 1:colcon.colcon_core.package_identification:_identify(src/v2x_custom_stack) by extension 'colcon_meta'
[0.573s] Level 1:colcon.colcon_core.package_identification:_identify(src/v2x_custom_stack) by extensions ['ros']
[0.573s] Level 1:colcon.colcon_core.package_identification:_identify(src/v2x_custom_stack) by extension 'ros'
[0.575s] DEBUG:colcon.colcon_core.package_identification:Package 'src/v2x_custom_stack' with type 'ros.ament_python' and name 'v2x_custom_stack'
[0.577s] Level 1:colcon.colcon_core.package_identification:_identify(src/v2x_emergency) by extensions ['ignore', 'ignore_ament_install']
[0.578s] Level 1:colcon.colcon_core.package_identification:_identify(src/v2x_emergency) by extension 'ignore'
[0.578s] Level 1:colcon.colcon_core.package_identification:_identify(src/v2x_emergency) by extension 'ignore_ament_install'
[0.578s] Level 1:colcon.colcon_core.package_identification:_identify(src/v2x_emergency) by extensions ['colcon_pkg']
[0.578s] Level 1:colcon.colcon_core.package_identification:_identify(src/v2x_emergency) by extension 'colcon_pkg'
[0.578s] Level 1:colcon.colcon_core.package_identification:_identify(src/v2x_emergency) by extensions ['colcon_meta']
[0.578s] Level 1:colcon.colcon_core.package_identification:_identify(src/v2x_emergency) by extension 'colcon_meta'
[0.578s] Level 1:colcon.colcon_core.package_identification:_identify(src/v2x_emergency) by extensions ['ros']
[0.579s] Level 1:colcon.colcon_core.package_identification:_identify(src/v2x_emergency) by extension 'ros'
[0.581s] DEBUG:colcon.colcon_core.package_identification:Package 'src/v2x_emergency' with type 'ros.ament_cmake' and name 'v2x_emergency'
[0.582s] Level 1:colcon.colcon_core.package_identification:_identify(src/v2x_mppi_lane_avoidance) by extensions ['ignore', 'ignore_ament_install']
[0.583s] Level 1:colcon.colcon_core.package_identification:_identify(src/v2x_mppi_lane_avoidance) by extension 'ignore'
[0.583s] Level 1:colcon.colcon_core.package_identification:_identify(src/v2x_mppi_lane_avoidance) by extension 'ignore_ament_install'
[0.583s] Level 1:colcon.colcon_core.package_identification:_identify(src/v2x_mppi_lane_avoidance) by extensions ['colcon_pkg']
[0.583s] Level 1:colcon.colcon_core.package_identification:_identify(src/v2x_mppi_lane_avoidance) by extension 'colcon_pkg'
[0.583s] Level 1:colcon.colcon_core.package_identification:_identify(src/v2x_mppi_lane_avoidance) by extensions ['colcon_meta']
[0.583s] Level 1:colcon.colcon_core.package_identification:_identify(src/v2x_mppi_lane_avoidance) by extension 'colcon_meta'
[0.583s] Level 1:colcon.colcon_core.package_identification:_identify(src/v2x_mppi_lane_avoidance) by extensions ['ros']
[0.583s] Level 1:colcon.colcon_core.package_identification:_identify(src/v2x_mppi_lane_avoidance) by extension 'ros'
[0.585s] DEBUG:colcon.colcon_core.package_identification:Package 'src/v2x_mppi_lane_avoidance' with type 'ros.ament_python' and name 'v2x_mppi_lane_avoidance'
[0.586s] Level 1:colcon.colcon_core.package_identification:_identify(src/v2x_nav2_sim) by extensions ['ignore', 'ignore_ament_install']
[0.586s] Level 1:colcon.colcon_core.package_identification:_identify(src/v2x_nav2_sim) by extension 'ignore'
[0.586s] Level 1:colcon.colcon_core.package_identification:_identify(src/v2x_nav2_sim) by extension 'ignore_ament_install'
[0.586s] Level 1:colcon.colcon_core.package_identification:_identify(src/v2x_nav2_sim) by extensions ['colcon_pkg']
[0.586s] Level 1:colcon.colcon_core.package_identification:_identify(src/v2x_nav2_sim) by extension 'colcon_pkg'
[0.586s] Level 1:colcon.colcon_core.package_identification:_identify(src/v2x_nav2_sim) by extensions ['colcon_meta']
[0.586s] Level 1:colcon.colcon_core.package_identification:_identify(src/v2x_nav2_sim) by extension 'colcon_meta'
[0.586s] Level 1:colcon.colcon_core.package_identification:_identify(src/v2x_nav2_sim) by extensions ['ros']
[0.586s] Level 1:colcon.colcon_core.package_identification:_identify(src/v2x_nav2_sim) by extension 'ros'
[0.587s] DEBUG:colcon.colcon_core.package_identification:Package 'src/v2x_nav2_sim' with type 'ros.ament_python' and name 'v2x_nav2_sim'
[0.587s] Level 1:colcon.colcon_core.package_identification:_identify(src/v2x_opencv_perception) by extensions ['ignore', 'ignore_ament_install']
[0.587s] Level 1:colcon.colcon_core.package_identification:_identify(src/v2x_opencv_perception) by extension 'ignore'
[0.587s] Level 1:colcon.colcon_core.package_identification:_identify(src/v2x_opencv_perception) by extension 'ignore_ament_install'
[0.587s] Level 1:colcon.colcon_core.package_identification:_identify(src/v2x_opencv_perception) by extensions ['colcon_pkg']
[0.588s] Level 1:colcon.colcon_core.package_identification:_identify(src/v2x_opencv_perception) by extension 'colcon_pkg'
[0.588s] Level 1:colcon.colcon_core.package_identification:_identify(src/v2x_opencv_perception) by extensions ['colcon_meta']
[0.588s] Level 1:colcon.colcon_core.package_identification:_identify(src/v2x_opencv_perception) by extension 'colcon_meta'
[0.588s] Level 1:colcon.colcon_core.package_identification:_identify(src/v2x_opencv_perception) by extensions ['ros']
[0.588s] Level 1:colcon.colcon_core.package_identification:_identify(src/v2x_opencv_perception) by extension 'ros'
[0.589s] DEBUG:colcon.colcon_core.package_identification:Package 'src/v2x_opencv_perception' with type 'ros.ament_python' and name 'v2x_opencv_perception'
[0.589s] Level 1:colcon.colcon_core.package_identification:_identify(src/v2x_system_integration) by extensions ['ignore', 'ignore_ament_install']
[0.590s] Level 1:colcon.colcon_core.package_identification:_identify(src/v2x_system_integration) by extension 'ignore'
[0.590s] Level 1:colcon.colcon_core.package_identification:_identify(src/v2x_system_integration) by extension 'ignore_ament_install'
[0.590s] Level 1:colcon.colcon_core.package_identification:_identify(src/v2x_system_integration) by extensions ['colcon_pkg']
[0.590s] Level 1:colcon.colcon_core.package_identification:_identify(src/v2x_system_integration) by extension 'colcon_pkg'
[0.590s] Level 1:colcon.colcon_core.package_identification:_identify(src/v2x_system_integration) by extensions ['colcon_meta']
[0.590s] Level 1:colcon.colcon_core.package_identification:_identify(src/v2x_system_integration) by extension 'colcon_meta'
[0.590s] Level 1:colcon.colcon_core.package_identification:_identify(src/v2x_system_integration) by extensions ['ros']
[0.590s] Level 1:colcon.colcon_core.package_identification:_identify(src/v2x_system_integration) by extension 'ros'
[0.591s] DEBUG:colcon.colcon_core.package_identification:Package 'src/v2x_system_integration' with type 'ros.ament_python' and name 'v2x_system_integration'
[0.592s] Level 1:colcon.colcon_core.package_discovery:discover_packages(recursive) using defaults
[0.592s] Level 1:colcon.colcon_core.package_discovery:discover_packages(ignore) discover
[0.592s] Level 1:colcon.colcon_core.package_discovery:discover_packages(ignore) using defaults
[0.592s] Level 1:colcon.colcon_core.package_discovery:discover_packages(path) discover
[0.592s] Level 1:colcon.colcon_core.package_discovery:discover_packages(path) using defaults
[0.625s] INFO:colcon.colcon_core.package_selection:Skipping not selected package 'emergency_priority' in 'src/emergency_priority'
[0.625s] INFO:colcon.colcon_core.package_selection:Skipping not selected package 'qcar2_description' in 'src/qcar2_description'
[0.626s] INFO:colcon.colcon_core.package_selection:Skipping not selected package 'v2x_emergency' in 'src/v2x_emergency'
[0.626s] INFO:colcon.colcon_core.package_selection:Skipping not selected package 'v2x_mppi_lane_avoidance' in 'src/v2x_mppi_lane_avoidance'
[0.626s] INFO:colcon.colcon_core.package_selection:Skipping not selected package 'v2x_nav2_sim' in 'src/v2x_nav2_sim'
[0.626s] INFO:colcon.colcon_core.package_selection:Skipping not selected package 'v2x_custom_stack' in 'src/v2x_custom_stack'
[0.626s] INFO:colcon.colcon_core.package_selection:Skipping not selected package 'v2x_system_integration' in 'src/v2x_system_integration'
[0.627s] Level 1:colcon.colcon_core.package_discovery:discover_packages(prefix_path) check parameters
[0.627s] Level 1:colcon.colcon_core.package_discovery:discover_packages(prefix_path) discover
[0.628s] WARNING:colcon.colcon_ros.prefix_path.ament:The path '/workspaces/Qcar/install/v2x_opencv_perception' in the environment variable AMENT_PREFIX_PATH doesn't exist
[0.629s] DEBUG:colcon.colcon_installed_package_information.package_discovery:Found 7 installed packages in /workspaces/Qcar/install
[0.631s] DEBUG:colcon.colcon_installed_package_information.package_discovery:Found 255 installed packages in /opt/ros/jazzy
[0.631s] Level 1:colcon.colcon_core.package_discovery:discover_packages(prefix_path) using defaults
[0.670s] Level 5:colcon.colcon_core.verb:set package 'v2x_opencv_perception' build argument 'cmake_args' from command line to '['-DPython3_EXECUTABLE=/usr/bin/python3', '-DPython_EXECUTABLE=/usr/bin/python3']'
[0.670s] Level 5:colcon.colcon_core.verb:set package 'v2x_opencv_perception' build argument 'cmake_target' from command line to 'None'
[0.670s] Level 5:colcon.colcon_core.verb:set package 'v2x_opencv_perception' build argument 'cmake_target_skip_unavailable' from command line to 'False'
[0.670s] Level 5:colcon.colcon_core.verb:set package 'v2x_opencv_perception' build argument 'cmake_clean_cache' from command line to 'False'
[0.670s] Level 5:colcon.colcon_core.verb:set package 'v2x_opencv_perception' build argument 'cmake_clean_first' from command line to 'False'
[0.670s] Level 5:colcon.colcon_core.verb:set package 'v2x_opencv_perception' build argument 'cmake_force_configure' from command line to 'False'
[0.670s] Level 5:colcon.colcon_core.verb:set package 'v2x_opencv_perception' build argument 'ament_cmake_args' from command line to 'None'
[0.670s] Level 5:colcon.colcon_core.verb:set package 'v2x_opencv_perception' build argument 'catkin_cmake_args' from command line to 'None'
[0.670s] Level 5:colcon.colcon_core.verb:set package 'v2x_opencv_perception' build argument 'catkin_skip_building_tests' from command line to 'False'
[0.670s] DEBUG:colcon.colcon_core.verb:Building package 'v2x_opencv_perception' with the following arguments: {'ament_cmake_args': None, 'build_base': '/workspaces/Qcar/build/v2x_opencv_perception', 'catkin_cmake_args': None, 'catkin_skip_building_tests': False, 'cmake_args': ['-DPython3_EXECUTABLE=/usr/bin/python3', '-DPython_EXECUTABLE=/usr/bin/python3'], 'cmake_clean_cache': False, 'cmake_clean_first': False, 'cmake_force_configure': False, 'cmake_target': None, 'cmake_target_skip_unavailable': False, 'install_base': '/workspaces/Qcar/install/v2x_opencv_perception', 'merge_install': False, 'path': '/workspaces/Qcar/src/v2x_opencv_perception', 'symlink_install': True, 'test_result_base': None}
[0.670s] INFO:colcon.colcon_core.executor:Executing jobs using 'parallel' executor
[0.671s] DEBUG:colcon.colcon_parallel_executor.executor.parallel:run_until_complete
[0.672s] INFO:colcon.colcon_ros.task.ament_python.build:Building ROS package in '/workspaces/Qcar/src/v2x_opencv_perception' with build type 'ament_python'
[0.672s] Level 1:colcon.colcon_core.shell:create_environment_hook('v2x_opencv_perception', 'ament_prefix_path')
[0.677s] INFO:colcon.colcon_core.plugin_system:Skipping extension 'colcon_core.shell.bat': Not used on non-Windows systems
[0.677s] INFO:colcon.colcon_core.shell:Creating environment hook '/workspaces/Qcar/install/v2x_opencv_perception/share/v2x_opencv_perception/hook/ament_prefix_path.ps1'
[0.681s] INFO:colcon.colcon_core.shell:Creating environment descriptor '/workspaces/Qcar/install/v2x_opencv_perception/share/v2x_opencv_perception/hook/ament_prefix_path.dsv'
[0.682s] INFO:colcon.colcon_core.shell:Creating environment hook '/workspaces/Qcar/install/v2x_opencv_perception/share/v2x_opencv_perception/hook/ament_prefix_path.sh'
[0.684s] INFO:colcon.colcon_core.shell:Skip shell extension 'powershell' for command environment: Not usable outside of PowerShell
[0.684s] DEBUG:colcon.colcon_core.shell:Skip shell extension 'dsv' for command environment
[0.944s] INFO:colcon.colcon_core.task.python.build:Building Python package in '/workspaces/Qcar/src/v2x_opencv_perception'
[0.944s] INFO:colcon.colcon_core.shell:Skip shell extension 'powershell' for command environment: Not usable outside of PowerShell
[0.944s] DEBUG:colcon.colcon_core.shell:Skip shell extension 'dsv' for command environment
[1.526s] DEBUG:colcon.colcon_core.task.python.build:Available setuptools commands: install_data, build_clib, build_py, install_headers, saveopts, clean, update_catalog, bdist_egg, init_catalog, bdist_dumb, install_egg_info, compile_catalog, extract_messages, bdist, editable_wheel, rotate, build_scripts, egg_info, develop, install_scripts, alias, install_lib, symlink_data, easy_install, sdist, dist_info, install, setopt, build_ext, check, build, bdist_wheel, bdist_rpm
[1.794s] DEBUG:colcon.colcon_core.task.python.build:Available setuptools 'develop' options: --prefix, --no-user-cfg, --user, --install-dir, --verbose, --no-deps, --help, --index-url, --quiet
[1.794s] INFO:colcon.colcon_core.task.python.build:No '--editable' capability in setuptools, falling back to full install
[1.797s] DEBUG:colcon.colcon_core.event_handler.log_command:Invoking command in '/workspaces/Qcar/src/v2x_opencv_perception': DEBUGINFOD_URLS=https://debuginfod.ubuntu.com PYTHONPATH=/workspaces/Qcar/build/v2x_opencv_perception/prefix_override:/usr/lib/python3/dist-packages/colcon_core/task/python/colcon_distutils_commands:/workspaces/Qcar/install/v2x_opencv_perception/lib/python3.12/site-packages:${PYTHONPATH} /usr/bin/python3 -W ignore:setup.py install is deprecated -W ignore:easy_install command is deprecated setup.py egg_info --egg-base ../../build/v2x_opencv_perception build --build-base /workspaces/Qcar/build/v2x_opencv_perception/build install --record /workspaces/Qcar/build/v2x_opencv_perception/install.log --single-version-externally-managed install_data
[2.338s] DEBUG:colcon.colcon_core.event_handler.log_command:Invoked command in '/workspaces/Qcar/src/v2x_opencv_perception' returned '0': DEBUGINFOD_URLS=https://debuginfod.ubuntu.com PYTHONPATH=/workspaces/Qcar/build/v2x_opencv_perception/prefix_override:/usr/lib/python3/dist-packages/colcon_core/task/python/colcon_distutils_commands:/workspaces/Qcar/install/v2x_opencv_perception/lib/python3.12/site-packages:${PYTHONPATH} /usr/bin/python3 -W ignore:setup.py install is deprecated -W ignore:easy_install command is deprecated setup.py egg_info --egg-base ../../build/v2x_opencv_perception build --build-base /workspaces/Qcar/build/v2x_opencv_perception/build install --record /workspaces/Qcar/build/v2x_opencv_perception/install.log --single-version-externally-managed install_data
[2.341s] Level 1:colcon.colcon_core.environment:checking '/workspaces/Qcar/install/v2x_opencv_perception' for CMake module files
[2.341s] Level 1:colcon.colcon_core.environment:checking '/workspaces/Qcar/install/v2x_opencv_perception' for CMake config files
[2.342s] Level 1:colcon.colcon_core.environment:checking '/workspaces/Qcar/install/v2x_opencv_perception/lib'
[2.342s] Level 1:colcon.colcon_core.environment:checking '/workspaces/Qcar/install/v2x_opencv_perception/bin'
[2.343s] Level 1:colcon.colcon_core.shell:create_environment_hook('v2x_opencv_perception', 'path')
[2.343s] INFO:colcon.colcon_core.shell:Creating environment hook '/workspaces/Qcar/install/v2x_opencv_perception/share/v2x_opencv_perception/hook/path.ps1'
[2.344s] INFO:colcon.colcon_core.shell:Creating environment descriptor '/workspaces/Qcar/install/v2x_opencv_perception/share/v2x_opencv_perception/hook/path.dsv'
[2.344s] INFO:colcon.colcon_core.shell:Creating environment hook '/workspaces/Qcar/install/v2x_opencv_perception/share/v2x_opencv_perception/hook/path.sh'
[2.345s] Level 1:colcon.colcon_core.environment:checking '/workspaces/Qcar/install/v2x_opencv_perception/lib/pkgconfig/v2x_opencv_perception.pc'
[2.345s] Level 1:colcon.colcon_core.environment:checking '/workspaces/Qcar/install/v2x_opencv_perception/lib/python3.12/site-packages'
[2.345s] Level 1:colcon.colcon_core.shell:create_environment_hook('v2x_opencv_perception', 'pythonpath')
[2.346s] INFO:colcon.colcon_core.shell:Creating environment hook '/workspaces/Qcar/install/v2x_opencv_perception/share/v2x_opencv_perception/hook/pythonpath.ps1'
[2.346s] INFO:colcon.colcon_core.shell:Creating environment descriptor '/workspaces/Qcar/install/v2x_opencv_perception/share/v2x_opencv_perception/hook/pythonpath.dsv'
[2.347s] INFO:colcon.colcon_core.shell:Creating environment hook '/workspaces/Qcar/install/v2x_opencv_perception/share/v2x_opencv_perception/hook/pythonpath.sh'
[2.348s] Level 1:colcon.colcon_core.environment:checking '/workspaces/Qcar/install/v2x_opencv_perception/bin'
[2.348s] Level 1:colcon.colcon_core.shell:create_environment_hook('v2x_opencv_perception', 'pythonscriptspath')
[2.348s] INFO:colcon.colcon_core.shell:Creating environment hook '/workspaces/Qcar/install/v2x_opencv_perception/share/v2x_opencv_perception/hook/pythonscriptspath.ps1'
[2.349s] INFO:colcon.colcon_core.shell:Creating environment descriptor '/workspaces/Qcar/install/v2x_opencv_perception/share/v2x_opencv_perception/hook/pythonscriptspath.dsv'
[2.349s] INFO:colcon.colcon_core.shell:Creating environment hook '/workspaces/Qcar/install/v2x_opencv_perception/share/v2x_opencv_perception/hook/pythonscriptspath.sh'
[2.350s] Level 1:colcon.colcon_core.environment:create_environment_scripts_only(v2x_opencv_perception)
[2.350s] INFO:colcon.colcon_core.shell:Creating package script '/workspaces/Qcar/install/v2x_opencv_perception/share/v2x_opencv_perception/package.ps1'
[2.352s] INFO:colcon.colcon_core.shell:Creating package descriptor '/workspaces/Qcar/install/v2x_opencv_perception/share/v2x_opencv_perception/package.dsv'
[2.353s] INFO:colcon.colcon_core.shell:Creating package script '/workspaces/Qcar/install/v2x_opencv_perception/share/v2x_opencv_perception/package.sh'
[2.354s] INFO:colcon.colcon_core.shell:Creating package script '/workspaces/Qcar/install/v2x_opencv_perception/share/v2x_opencv_perception/package.bash'
[2.356s] INFO:colcon.colcon_core.shell:Creating package script '/workspaces/Qcar/install/v2x_opencv_perception/share/v2x_opencv_perception/package.zsh'
[2.356s] Level 1:colcon.colcon_core.environment:create_file_with_runtime_dependencies(/workspaces/Qcar/install/v2x_opencv_perception/share/colcon-core/packages/v2x_opencv_perception)
[2.357s] DEBUG:colcon.colcon_parallel_executor.executor.parallel:closing loop
[2.357s] DEBUG:colcon.colcon_parallel_executor.executor.parallel:loop closed
[2.357s] DEBUG:colcon.colcon_parallel_executor.executor.parallel:run_until_complete finished with '0'
[2.357s] DEBUG:colcon.colcon_core.event_reactor:joining thread
[2.377s] INFO:colcon.colcon_core.plugin_system:Skipping extension 'colcon_notification.desktop_notification.notify_send': Could not find 'notify-send'
[2.377s] INFO:colcon.colcon_core.plugin_system:Skipping extension 'colcon_notification.desktop_notification.terminal_notifier': Not used on non-Darwin systems
[2.377s] INFO:colcon.colcon_core.plugin_system:Skipping extension 'colcon_notification.desktop_notification.win32': Not used on non-Windows systems
[2.377s] INFO:colcon.colcon_notification.desktop_notification:Sending desktop notification using 'notify2'
[2.377s] DEBUG:colcon.colcon_notification.desktop_notification.notify2:Failed to initialize notify2: org.freedesktop.DBus.Error.NotSupported: Unable to autolaunch a dbus-daemon without a $DISPLAY for X11
[2.377s] DEBUG:colcon.colcon_core.event_reactor:joined thread
[2.377s] INFO:colcon.colcon_core.shell:Creating prefix script '/workspaces/Qcar/install/local_setup.ps1'
[2.379s] INFO:colcon.colcon_core.shell:Creating prefix util module '/workspaces/Qcar/install/_local_setup_util_ps1.py'
[2.382s] INFO:colcon.colcon_core.shell:Creating prefix chain script '/workspaces/Qcar/install/setup.ps1'
[2.384s] INFO:colcon.colcon_core.shell:Creating prefix script '/workspaces/Qcar/install/local_setup.sh'
[2.384s] INFO:colcon.colcon_core.shell:Creating prefix util module '/workspaces/Qcar/install/_local_setup_util_sh.py'
[2.385s] INFO:colcon.colcon_core.shell:Creating prefix chain script '/workspaces/Qcar/install/setup.sh'
[2.387s] INFO:colcon.colcon_core.shell:Creating prefix script '/workspaces/Qcar/install/local_setup.bash'
[2.388s] INFO:colcon.colcon_core.shell:Creating prefix chain script '/workspaces/Qcar/install/setup.bash'
[2.390s] INFO:colcon.colcon_core.shell:Creating prefix script '/workspaces/Qcar/install/local_setup.zsh'
[2.391s] INFO:colcon.colcon_core.shell:Creating prefix chain script '/workspaces/Qcar/install/setup.zsh'
