/home/codespace/.local/lib/python3.12/site-packages/setuptools/_distutils/dist.py:287: UserWarning: Unknown distribution option: 'tests_require'
  warnings.warn(msg)
running egg_info
creating ../../build/emergency_priority/emergency_priority.egg-info
writing ../../build/emergency_priority/emergency_priority.egg-info/PKG-INFO
writing dependency_links to ../../build/emergency_priority/emergency_priority.egg-info/dependency_links.txt
writing entry points to ../../build/emergency_priority/emergency_priority.egg-info/entry_points.txt
writing requirements to ../../build/emergency_priority/emergency_priority.egg-info/requires.txt
writing top-level names to ../../build/emergency_priority/emergency_priority.egg-info/top_level.txt
writing manifest file '../../build/emergency_priority/emergency_priority.egg-info/SOURCES.txt'
reading manifest file '../../build/emergency_priority/emergency_priority.egg-info/SOURCES.txt'
writing manifest file '../../build/emergency_priority/emergency_priority.egg-info/SOURCES.txt'
running build
running build_py
creating /workspaces/Qcar/build/emergency_priority/build/lib/emergency_priority
copying emergency_priority/v2x_fallback_node.py -> /workspaces/Qcar/build/emergency_priority/build/lib/emergency_priority
copying emergency_priority/priority_mux_node.py -> /workspaces/Qcar/build/emergency_priority/build/lib/emergency_priority
copying emergency_priority/standin_lane_controller.py -> /workspaces/Qcar/build/emergency_priority/build/lib/emergency_priority
copying emergency_priority/__init__.py -> /workspaces/Qcar/build/emergency_priority/build/lib/emergency_priority
running install
running install_lib
creating /workspaces/Qcar/install/emergency_priority/lib/python3.12/site-packages/emergency_priority
copying /workspaces/Qcar/build/emergency_priority/build/lib/emergency_priority/v2x_fallback_node.py -> /workspaces/Qcar/install/emergency_priority/lib/python3.12/site-packages/emergency_priority
copying /workspaces/Qcar/build/emergency_priority/build/lib/emergency_priority/priority_mux_node.py -> /workspaces/Qcar/install/emergency_priority/lib/python3.12/site-packages/emergency_priority
copying /workspaces/Qcar/build/emergency_priority/build/lib/emergency_priority/standin_lane_controller.py -> /workspaces/Qcar/install/emergency_priority/lib/python3.12/site-packages/emergency_priority
copying /workspaces/Qcar/build/emergency_priority/build/lib/emergency_priority/__init__.py -> /workspaces/Qcar/install/emergency_priority/lib/python3.12/site-packages/emergency_priority
byte-compiling /workspaces/Qcar/install/emergency_priority/lib/python3.12/site-packages/emergency_priority/v2x_fallback_node.py to v2x_fallback_node.cpython-312.pyc
byte-compiling /workspaces/Qcar/install/emergency_priority/lib/python3.12/site-packages/emergency_priority/priority_mux_node.py to priority_mux_node.cpython-312.pyc
byte-compiling /workspaces/Qcar/install/emergency_priority/lib/python3.12/site-packages/emergency_priority/standin_lane_controller.py to standin_lane_controller.cpython-312.pyc
byte-compiling /workspaces/Qcar/install/emergency_priority/lib/python3.12/site-packages/emergency_priority/__init__.py to __init__.cpython-312.pyc
running install_data
creating /workspaces/Qcar/install/emergency_priority/share/ament_index/resource_index/packages
copying resource/emergency_priority -> /workspaces/Qcar/install/emergency_priority/share/ament_index/resource_index/packages
copying package.xml -> /workspaces/Qcar/install/emergency_priority/share/emergency_priority
creating /workspaces/Qcar/install/emergency_priority/share/emergency_priority/launch
copying launch/v2x_system.launch.py -> /workspaces/Qcar/install/emergency_priority/share/emergency_priority/launch
creating /workspaces/Qcar/install/emergency_priority/share/emergency_priority/config
copying config/twist_mux.yaml -> /workspaces/Qcar/install/emergency_priority/share/emergency_priority/config
running install_egg_info
Copying ../../build/emergency_priority/emergency_priority.egg-info to /workspaces/Qcar/install/emergency_priority/lib/python3.12/site-packages/emergency_priority-0.0.1-py3.12.egg-info
running install_scripts
Installing priority_mux_node script to /workspaces/Qcar/install/emergency_priority/lib/emergency_priority
Installing standin_lane_controller script to /workspaces/Qcar/install/emergency_priority/lib/emergency_priority
Installing v2x_fallback_node script to /workspaces/Qcar/install/emergency_priority/lib/emergency_priority
writing list of installed files to '/workspaces/Qcar/build/emergency_priority/install.log'
