[2.390s] Invoking command in '/workspaces/Qcar/src/v2x_mppi_lane_avoidance': DEBUGINFOD_URLS=https://debuginfod.ubuntu.com PYTHONPATH=/workspaces/Qcar/build/v2x_mppi_lane_avoidance/prefix_override:/usr/lib/python3/dist-packages/colcon_core/task/python/colcon_distutils_commands:/workspaces/Qcar/install/v2x_mppi_lane_avoidance/lib/python3.12/site-packages:${PYTHONPATH} /usr/bin/python3 -W ignore:setup.py install is deprecated -W ignore:easy_install command is deprecated setup.py egg_info --egg-base ../../build/v2x_mppi_lane_avoidance build --build-base /workspaces/Qcar/build/v2x_mppi_lane_avoidance/build install --record /workspaces/Qcar/build/v2x_mppi_lane_avoidance/install.log --install-scripts $base/lib/v2x_mppi_lane_avoidance --single-version-externally-managed install_data
[2.788s] running egg_info
[2.808s] creating ../../build/v2x_mppi_lane_avoidance/v2x_mppi_lane_avoidance.egg-info
[2.808s] writing ../../build/v2x_mppi_lane_avoidance/v2x_mppi_lane_avoidance.egg-info/PKG-INFO
[2.809s] writing dependency_links to ../../build/v2x_mppi_lane_avoidance/v2x_mppi_lane_avoidance.egg-info/dependency_links.txt
[2.810s] writing entry points to ../../build/v2x_mppi_lane_avoidance/v2x_mppi_lane_avoidance.egg-info/entry_points.txt
[2.810s] writing requirements to ../../build/v2x_mppi_lane_avoidance/v2x_mppi_lane_avoidance.egg-info/requires.txt
[2.810s] writing top-level names to ../../build/v2x_mppi_lane_avoidance/v2x_mppi_lane_avoidance.egg-info/top_level.txt
[2.810s] writing manifest file '../../build/v2x_mppi_lane_avoidance/v2x_mppi_lane_avoidance.egg-info/SOURCES.txt'
[2.854s] reading manifest file '../../build/v2x_mppi_lane_avoidance/v2x_mppi_lane_avoidance.egg-info/SOURCES.txt'
[2.855s] writing manifest file '../../build/v2x_mppi_lane_avoidance/v2x_mppi_lane_avoidance.egg-info/SOURCES.txt'
[2.856s] running build
[2.857s] running build_py
[2.857s] creating /workspaces/Qcar/build/v2x_mppi_lane_avoidance/build/lib/v2x_mppi_lane_avoidance
[2.857s] copying v2x_mppi_lane_avoidance/curve_generator.py -> /workspaces/Qcar/build/v2x_mppi_lane_avoidance/build/lib/v2x_mppi_lane_avoidance
[2.857s] copying v2x_mppi_lane_avoidance/mppi_core.py -> /workspaces/Qcar/build/v2x_mppi_lane_avoidance/build/lib/v2x_mppi_lane_avoidance
[2.857s] copying v2x_mppi_lane_avoidance/__init__.py -> /workspaces/Qcar/build/v2x_mppi_lane_avoidance/build/lib/v2x_mppi_lane_avoidance
[2.857s] copying v2x_mppi_lane_avoidance/mppi_path_follower_node.py -> /workspaces/Qcar/build/v2x_mppi_lane_avoidance/build/lib/v2x_mppi_lane_avoidance
[2.857s] running install
[2.864s] running install_lib
[2.886s] creating /workspaces/Qcar/install/v2x_mppi_lane_avoidance/lib/python3.12/site-packages/v2x_mppi_lane_avoidance
[2.887s] copying /workspaces/Qcar/build/v2x_mppi_lane_avoidance/build/lib/v2x_mppi_lane_avoidance/curve_generator.py -> /workspaces/Qcar/install/v2x_mppi_lane_avoidance/lib/python3.12/site-packages/v2x_mppi_lane_avoidance
[2.887s] copying /workspaces/Qcar/build/v2x_mppi_lane_avoidance/build/lib/v2x_mppi_lane_avoidance/mppi_core.py -> /workspaces/Qcar/install/v2x_mppi_lane_avoidance/lib/python3.12/site-packages/v2x_mppi_lane_avoidance
[2.887s] copying /workspaces/Qcar/build/v2x_mppi_lane_avoidance/build/lib/v2x_mppi_lane_avoidance/__init__.py -> /workspaces/Qcar/install/v2x_mppi_lane_avoidance/lib/python3.12/site-packages/v2x_mppi_lane_avoidance
[2.887s] copying /workspaces/Qcar/build/v2x_mppi_lane_avoidance/build/lib/v2x_mppi_lane_avoidance/mppi_path_follower_node.py -> /workspaces/Qcar/install/v2x_mppi_lane_avoidance/lib/python3.12/site-packages/v2x_mppi_lane_avoidance
[2.891s] byte-compiling /workspaces/Qcar/install/v2x_mppi_lane_avoidance/lib/python3.12/site-packages/v2x_mppi_lane_avoidance/curve_generator.py to curve_generator.cpython-312.pyc
[2.891s] byte-compiling /workspaces/Qcar/install/v2x_mppi_lane_avoidance/lib/python3.12/site-packages/v2x_mppi_lane_avoidance/mppi_core.py to mppi_core.cpython-312.pyc
[2.895s] byte-compiling /workspaces/Qcar/install/v2x_mppi_lane_avoidance/lib/python3.12/site-packages/v2x_mppi_lane_avoidance/__init__.py to __init__.cpython-312.pyc
[2.898s] byte-compiling /workspaces/Qcar/install/v2x_mppi_lane_avoidance/lib/python3.12/site-packages/v2x_mppi_lane_avoidance/mppi_path_follower_node.py to mppi_path_follower_node.cpython-312.pyc
[2.898s] running install_data
[2.898s] creating /workspaces/Qcar/install/v2x_mppi_lane_avoidance/share/ament_index/resource_index/packages
[2.898s] copying resource/v2x_mppi_lane_avoidance -> /workspaces/Qcar/install/v2x_mppi_lane_avoidance/share/ament_index/resource_index/packages
[2.898s] copying package.xml -> /workspaces/Qcar/install/v2x_mppi_lane_avoidance/share/v2x_mppi_lane_avoidance
[2.898s] creating /workspaces/Qcar/install/v2x_mppi_lane_avoidance/share/v2x_mppi_lane_avoidance/launch
[2.898s] copying launch/mppi_path_follower.launch.py -> /workspaces/Qcar/install/v2x_mppi_lane_avoidance/share/v2x_mppi_lane_avoidance/launch
[2.899s] running install_egg_info
[2.918s] Copying ../../build/v2x_mppi_lane_avoidance/v2x_mppi_lane_avoidance.egg-info to /workspaces/Qcar/install/v2x_mppi_lane_avoidance/lib/python3.12/site-packages/v2x_mppi_lane_avoidance-0.1.0-py3.12.egg-info
[2.919s] running install_scripts
[2.990s] Installing mppi_path_follower script to /workspaces/Qcar/install/v2x_mppi_lane_avoidance/lib/v2x_mppi_lane_avoidance
[2.992s] writing list of installed files to '/workspaces/Qcar/build/v2x_mppi_lane_avoidance/install.log'
[3.038s] Invoked command in '/workspaces/Qcar/src/v2x_mppi_lane_avoidance' returned '0': DEBUGINFOD_URLS=https://debuginfod.ubuntu.com PYTHONPATH=/workspaces/Qcar/build/v2x_mppi_lane_avoidance/prefix_override:/usr/lib/python3/dist-packages/colcon_core/task/python/colcon_distutils_commands:/workspaces/Qcar/install/v2x_mppi_lane_avoidance/lib/python3.12/site-packages:${PYTHONPATH} /usr/bin/python3 -W ignore:setup.py install is deprecated -W ignore:easy_install command is deprecated setup.py egg_info --egg-base ../../build/v2x_mppi_lane_avoidance build --build-base /workspaces/Qcar/build/v2x_mppi_lane_avoidance/build install --record /workspaces/Qcar/build/v2x_mppi_lane_avoidance/install.log --install-scripts $base/lib/v2x_mppi_lane_avoidance --single-version-externally-managed install_data
