[0.103s] DEBUG:colcon:Command line arguments: ['/usr/bin/colcon', 'build', '--symlink-install', '--cmake-args', '-DPython3_EXECUTABLE=/usr/bin/python3', '-DPython_EXECUTABLE=/usr/bin/python3']
[0.103s] DEBUG:colcon:Parsed command line arguments: Namespace(log_base=None, log_level=None, verb_name='build', build_base='build', install_base='install', merge_install=False, symlink_install=True, test_result_base=None, continue_on_error=False, executor='parallel', parallel_workers=2, event_handlers=None, ignore_user_meta=False, metas=['./colcon.meta'], base_paths=['.'], packages_ignore=None, packages_ignore_regex=None, paths=None, packages_up_to=None, packages_up_to_regex=None, packages_above=None, packages_above_and_dependencies=None, packages_above_depth=None, packages_select_by_dep=None, packages_skip_by_dep=None, packages_skip_up_to=None, packages_select_build_failed=False, packages_skip_build_finished=False, packages_select_test_failures=False, packages_skip_test_passed=False, packages_select=None, packages_skip=None, packages_select_regex=None, packages_skip_regex=None, packages_start=None, packages_end=None, allow_overriding=[], cmake_args=['-DPython3_EXECUTABLE=/usr/bin/python3', '-DPython_EXECUTABLE=/usr/bin/python3'], cmake_target=None, cmake_target_skip_unavailable=False, cmake_clean_cache=False, cmake_clean_first=False, cmake_force_configure=False, ament_cmake_args=None, catkin_cmake_args=None, catkin_skip_building_tests=False, mixin_files=None, mixin=None, verb_parser=<colcon_mixin.mixin.mixin_argument.MixinArgumentDecorator object at 0x7ed5a9702f60>, verb_extension=<colcon_core.verb.build.BuildVerb object at 0x7ed5a9702c30>, main=<bound method BuildVerb.main of <colcon_core.verb.build.BuildVerb object at 0x7ed5a9702c30>>, mixin_verb=('build',))
[0.138s] Level 1:colcon.colcon_core.package_discovery:discover_packages(colcon_meta) check parameters
[0.138s] Level 1:colcon.colcon_core.package_discovery:discover_packages(recursive) check parameters
[0.138s] Level 1:colcon.colcon_core.package_discovery:discover_packages(ignore) check parameters
[0.139s] Level 1:colcon.colcon_core.package_discovery:discover_packages(path) check parameters
[0.139s] Level 1:colcon.colcon_core.package_discovery:discover_packages(colcon_meta) discover
[0.139s] Level 1:colcon.colcon_core.package_discovery:discover_packages(recursive) discover
[0.139s] INFO:colcon.colcon_core.package_discovery:Crawling recursively for packages in '/workspaces/Qcar'
[0.139s] Level 1:colcon.colcon_core.package_identification:_identify(.) by extensions ['ignore', 'ignore_ament_install']
[0.139s] Level 1:colcon.colcon_core.package_identification:_identify(.) by extension 'ignore'
[0.139s] Level 1:colcon.colcon_core.package_identification:_identify(.) by extension 'ignore_ament_install'
[0.139s] Level 1:colcon.colcon_core.package_identification:_identify(.) by extensions ['colcon_pkg']
[0.139s] Level 1:colcon.colcon_core.package_identification:_identify(.) by extension 'colcon_pkg'
[0.139s] Level 1:colcon.colcon_core.package_identification:_identify(.) by extensions ['colcon_meta']
[0.139s] Level 1:colcon.colcon_core.package_identification:_identify(.) by extension 'colcon_meta'
[0.139s] Level 1:colcon.colcon_core.package_identification:_identify(.) by extensions ['ros']
[0.139s] Level 1:colcon.colcon_core.package_identification:_identify(.) by extension 'ros'
[0.167s] Level 1:colcon.colcon_core.package_identification:_identify(.) by extensions ['cmake', 'python']
[0.167s] Level 1:colcon.colcon_core.package_identification:_identify(.) by extension 'cmake'
[0.167s] Level 1:colcon.colcon_core.package_identification:_identify(.) by extension 'python'
[0.167s] Level 1:colcon.colcon_core.package_identification:_identify(.) by extensions ['python_setup_py']
[0.167s] Level 1:colcon.colcon_core.package_identification:_identify(.) by extension 'python_setup_py'
[0.167s] Level 1:colcon.colcon_core.package_identification:_identify(build) by extensions ['ignore', 'ignore_ament_install']
[0.167s] Level 1:colcon.colcon_core.package_identification:_identify(build) by extension 'ignore'
[0.167s] Level 1:colcon.colcon_core.package_identification:_identify(build) ignored
[0.168s] Level 1:colcon.colcon_core.package_identification:_identify(install) by extensions ['ignore', 'ignore_ament_install']
[0.168s] Level 1:colcon.colcon_core.package_identification:_identify(install) by extension 'ignore'
[0.168s] Level 1:colcon.colcon_core.package_identification:_identify(install) ignored
[0.168s] Level 1:colcon.colcon_core.package_identification:_identify(log) by extensions ['ignore', 'ignore_ament_install']
[0.168s] Level 1:colcon.colcon_core.package_identification:_identify(log) by extension 'ignore'
[0.168s] Level 1:colcon.colcon_core.package_identification:_identify(log) ignored
[0.168s] Level 1:colcon.colcon_core.package_identification:_identify(src) by extensions ['ignore', 'ignore_ament_install']
[0.168s] Level 1:colcon.colcon_core.package_identification:_identify(src) by extension 'ignore'
[0.168s] Level 1:colcon.colcon_core.package_identification:_identify(src) by extension 'ignore_ament_install'
[0.168s] Level 1:colcon.colcon_core.package_identification:_identify(src) by extensions ['colcon_pkg']
[0.168s] Level 1:colcon.colcon_core.package_identification:_identify(src) by extension 'colcon_pkg'
[0.168s] Level 1:colcon.colcon_core.package_identification:_identify(src) by extensions ['colcon_meta']
[0.168s] Level 1:colcon.colcon_core.package_identification:_identify(src) by extension 'colcon_meta'
[0.168s] Level 1:colcon.colcon_core.package_identification:_identify(src) by extensions ['ros']
[0.168s] Level 1:colcon.colcon_core.package_identification:_identify(src) by extension 'ros'
[0.168s] Level 1:colcon.colcon_core.package_identification:_identify(src) by extensions ['cmake', 'python']
[0.169s] Level 1:colcon.colcon_core.package_identification:_identify(src) by extension 'cmake'
[0.169s] Level 1:colcon.colcon_core.package_identification:_identify(src) by extension 'python'
[0.169s] Level 1:colcon.colcon_core.package_identification:_identify(src) by extensions ['python_setup_py']
[0.169s] Level 1:colcon.colcon_core.package_identification:_identify(src) by extension 'python_setup_py'
[0.169s] Level 1:colcon.colcon_core.package_identification:_identify(src/emergency_priority) by extensions ['ignore', 'ignore_ament_install']
[0.169s] Level 1:colcon.colcon_core.package_identification:_identify(src/emergency_priority) by extension 'ignore'
[0.169s] Level 1:colcon.colcon_core.package_identification:_identify(src/emergency_priority) by extension 'ignore_ament_install'
[0.169s] Level 1:colcon.colcon_core.package_identification:_identify(src/emergency_priority) by extensions ['colcon_pkg']
[0.169s] Level 1:colcon.colcon_core.package_identification:_identify(src/emergency_priority) by extension 'colcon_pkg'
[0.169s] Level 1:colcon.colcon_core.package_identification:_identify(src/emergency_priority) by extensions ['colcon_meta']
[0.169s] Level 1:colcon.colcon_core.package_identification:_identify(src/emergency_priority) by extension 'colcon_meta'
[0.169s] Level 1:colcon.colcon_core.package_identification:_identify(src/emergency_priority) by extensions ['ros']
[0.169s] Level 1:colcon.colcon_core.package_identification:_identify(src/emergency_priority) by extension 'ros'
[0.172s] DEBUG:colcon.colcon_core.package_identification:Package 'src/emergency_priority' with type 'ros.ament_python' and name 'emergency_priority'
[0.172s] Level 1:colcon.colcon_core.package_identification:_identify(src/qcar2_description) by extensions ['ignore', 'ignore_ament_install']
[0.172s] Level 1:colcon.colcon_core.package_identification:_identify(src/qcar2_description) by extension 'ignore'
[0.172s] Level 1:colcon.colcon_core.package_identification:_identify(src/qcar2_description) by extension 'ignore_ament_install'
[0.172s] Level 1:colcon.colcon_core.package_identification:_identify(src/qcar2_description) by extensions ['colcon_pkg']
[0.172s] Level 1:colcon.colcon_core.package_identification:_identify(src/qcar2_description) by extension 'colcon_pkg'
[0.172s] Level 1:colcon.colcon_core.package_identification:_identify(src/qcar2_description) by extensions ['colcon_meta']
[0.172s] Level 1:colcon.colcon_core.package_identification:_identify(src/qcar2_description) by extension 'colcon_meta'
[0.172s] Level 1:colcon.colcon_core.package_identification:_identify(src/qcar2_description) by extensions ['ros']
[0.172s] Level 1:colcon.colcon_core.package_identification:_identify(src/qcar2_description) by extension 'ros'
[0.173s] DEBUG:colcon.colcon_core.package_identification:Package 'src/qcar2_description' with type 'ros.ament_cmake' and name 'qcar2_description'
[0.173s] Level 1:colcon.colcon_core.package_identification:_identify(src/v2x_custom_stack) by extensions ['ignore', 'ignore_ament_install']
[0.173s] Level 1:colcon.colcon_core.package_identification:_identify(src/v2x_custom_stack) by extension 'ignore'
[0.173s] Level 1:colcon.colcon_core.package_identification:_identify(src/v2x_custom_stack) by extension 'ignore_ament_install'
[0.173s] Level 1:colcon.colcon_core.package_identification:_identify(src/v2x_custom_stack) by extensions ['colcon_pkg']
[0.173s] Level 1:colcon.colcon_core.package_identification:_identify(src/v2x_custom_stack) by extension 'colcon_pkg'
[0.173s] Level 1:colcon.colcon_core.package_identification:_identify(src/v2x_custom_stack) by extensions ['colcon_meta']
[0.173s] Level 1:colcon.colcon_core.package_identification:_identify(src/v2x_custom_stack) by extension 'colcon_meta'
[0.173s] Level 1:colcon.colcon_core.package_identification:_identify(src/v2x_custom_stack) by extensions ['ros']
[0.173s] Level 1:colcon.colcon_core.package_identification:_identify(src/v2x_custom_stack) by extension 'ros'
[0.174s] DEBUG:colcon.colcon_core.package_identification:Package 'src/v2x_custom_stack' with type 'ros.ament_python' and name 'v2x_custom_stack'
[0.174s] Level 1:colcon.colcon_core.package_identification:_identify(src/v2x_emergency) by extensions ['ignore', 'ignore_ament_install']
[0.174s] Level 1:colcon.colcon_core.package_identification:_identify(src/v2x_emergency) by extension 'ignore'
[0.174s] Level 1:colcon.colcon_core.package_identification:_identify(src/v2x_emergency) by extension 'ignore_ament_install'
[0.174s] Level 1:colcon.colcon_core.package_identification:_identify(src/v2x_emergency) by extensions ['colcon_pkg']
[0.174s] Level 1:colcon.colcon_core.package_identification:_identify(src/v2x_emergency) by extension 'colcon_pkg'
[0.174s] Level 1:colcon.colcon_core.package_identification:_identify(src/v2x_emergency) by extensions ['colcon_meta']
[0.174s] Level 1:colcon.colcon_core.package_identification:_identify(src/v2x_emergency) by extension 'colcon_meta'
[0.174s] Level 1:colcon.colcon_core.package_identification:_identify(src/v2x_emergency) by extensions ['ros']
[0.175s] Level 1:colcon.colcon_core.package_identification:_identify(src/v2x_emergency) by extension 'ros'
[0.175s] DEBUG:colcon.colcon_core.package_identification:Package 'src/v2x_emergency' with type 'ros.ament_cmake' and name 'v2x_emergency'
[0.175s] Level 1:colcon.colcon_core.package_identification:_identify(src/v2x_mppi_lane_avoidance) by extensions ['ignore', 'ignore_ament_install']
[0.175s] Level 1:colcon.colcon_core.package_identification:_identify(src/v2x_mppi_lane_avoidance) by extension 'ignore'
[0.175s] Level 1:colcon.colcon_core.package_identification:_identify(src/v2x_mppi_lane_avoidance) by extension 'ignore_ament_install'
[0.175s] Level 1:colcon.colcon_core.package_identification:_identify(src/v2x_mppi_lane_avoidance) by extensions ['colcon_pkg']
[0.176s] Level 1:colcon.colcon_core.package_identification:_identify(src/v2x_mppi_lane_avoidance) by extension 'colcon_pkg'
[0.176s] Level 1:colcon.colcon_core.package_identification:_identify(src/v2x_mppi_lane_avoidance) by extensions ['colcon_meta']
[0.176s] Level 1:colcon.colcon_core.package_identification:_identify(src/v2x_mppi_lane_avoidance) by extension 'colcon_meta'
[0.176s] Level 1:colcon.colcon_core.package_identification:_identify(src/v2x_mppi_lane_avoidance) by extensions ['ros']
[0.176s] Level 1:colcon.colcon_core.package_identification:_identify(src/v2x_mppi_lane_avoidance) by extension 'ros'
[0.176s] DEBUG:colcon.colcon_core.package_identification:Package 'src/v2x_mppi_lane_avoidance' with type 'ros.ament_python' and name 'v2x_mppi_lane_avoidance'
[0.176s] Level 1:colcon.colcon_core.package_identification:_identify(src/v2x_nav2_sim) by extensions ['ignore', 'ignore_ament_install']
[0.176s] Level 1:colcon.colcon_core.package_identification:_identify(src/v2x_nav2_sim) by extension 'ignore'
[0.177s] Level 1:colcon.colcon_core.package_identification:_identify(src/v2x_nav2_sim) by extension 'ignore_ament_install'
[0.177s] Level 1:colcon.colcon_core.package_identification:_identify(src/v2x_nav2_sim) by extensions ['colcon_pkg']
[0.177s] Level 1:colcon.colcon_core.package_identification:_identify(src/v2x_nav2_sim) by extension 'colcon_pkg'
[0.177s] Level 1:colcon.colcon_core.package_identification:_identify(src/v2x_nav2_sim) by extensions ['colcon_meta']
[0.177s] Level 1:colcon.colcon_core.package_identification:_identify(src/v2x_nav2_sim) by extension 'colcon_meta'
[0.177s] Level 1:colcon.colcon_core.package_identification:_identify(src/v2x_nav2_sim) by extensions ['ros']
[0.177s] Level 1:colcon.colcon_core.package_identification:_identify(src/v2x_nav2_sim) by extension 'ros'
[0.177s] DEBUG:colcon.colcon_core.package_identification:Package 'src/v2x_nav2_sim' with type 'ros.ament_python' and name 'v2x_nav2_sim'
[0.177s] Level 1:colcon.colcon_core.package_identification:_identify(src/v2x_opencv_perception) by extensions ['ignore', 'ignore_ament_install']
[0.177s] Level 1:colcon.colcon_core.package_identification:_identify(src/v2x_opencv_perception) by extension 'ignore'
[0.178s] Level 1:colcon.colcon_core.package_identification:_identify(src/v2x_opencv_perception) by extension 'ignore_ament_install'
[0.178s] Level 1:colcon.colcon_core.package_identification:_identify(src/v2x_opencv_perception) by extensions ['colcon_pkg']
[0.178s] Level 1:colcon.colcon_core.package_identification:_identify(src/v2x_opencv_perception) by extension 'colcon_pkg'
[0.178s] Level 1:colcon.colcon_core.package_identification:_identify(src/v2x_opencv_perception) by extensions ['colcon_meta']
[0.178s] Level 1:colcon.colcon_core.package_identification:_identify(src/v2x_opencv_perception) by extension 'colcon_meta'
[0.178s] Level 1:colcon.colcon_core.package_identification:_identify(src/v2x_opencv_perception) by extensions ['ros']
[0.178s] Level 1:colcon.colcon_core.package_identification:_identify(src/v2x_opencv_perception) by extension 'ros'
[0.179s] DEBUG:colcon.colcon_core.package_identification:Package 'src/v2x_opencv_perception' with type 'ros.ament_python' and name 'v2x_opencv_perception'
[0.179s] Level 1:colcon.colcon_core.package_identification:_identify(src/v2x_system_integration) by extensions ['ignore', 'ignore_ament_install']
[0.179s] Level 1:colcon.colcon_core.package_identification:_identify(src/v2x_system_integration) by extension 'ignore'
[0.179s] Level 1:colcon.colcon_core.package_identification:_identify(src/v2x_system_integration) by extension 'ignore_ament_install'
[0.179s] Level 1:colcon.colcon_core.package_identification:_identify(src/v2x_system_integration) by extensions ['colcon_pkg']
[0.179s] Level 1:colcon.colcon_core.package_identification:_identify(src/v2x_system_integration) by extension 'colcon_pkg'
[0.179s] Level 1:colcon.colcon_core.package_identification:_identify(src/v2x_system_integration) by extensions ['colcon_meta']
[0.179s] Level 1:colcon.colcon_core.package_identification:_identify(src/v2x_system_integration) by extension 'colcon_meta'
[0.179s] Level 1:colcon.colcon_core.package_identification:_identify(src/v2x_system_integration) by extensions ['ros']
[0.179s] Level 1:colcon.colcon_core.package_identification:_identify(src/v2x_system_integration) by extension 'ros'
[0.180s] DEBUG:colcon.colcon_core.package_identification:Package 'src/v2x_system_integration' with type 'ros.ament_python' and name 'v2x_system_integration'
[0.180s] Level 1:colcon.colcon_core.package_discovery:discover_packages(recursive) using defaults
[0.180s] Level 1:colcon.colcon_core.package_discovery:discover_packages(ignore) discover
[0.180s] Level 1:colcon.colcon_core.package_discovery:discover_packages(ignore) using defaults
[0.180s] Level 1:colcon.colcon_core.package_discovery:discover_packages(path) discover
[0.180s] Level 1:colcon.colcon_core.package_discovery:discover_packages(path) using defaults
[0.199s] Level 1:colcon.colcon_core.package_discovery:discover_packages(prefix_path) check parameters
[0.199s] Level 1:colcon.colcon_core.package_discovery:discover_packages(prefix_path) discover
[0.201s] DEBUG:colcon.colcon_installed_package_information.package_discovery:Found 194 installed packages in /opt/ros/jazzy
[0.202s] Level 1:colcon.colcon_core.package_discovery:discover_packages(prefix_path) using defaults
[0.224s] Level 5:colcon.colcon_core.verb:set package 'emergency_priority' build argument 'cmake_args' from command line to '['-DPython3_EXECUTABLE=/usr/bin/python3', '-DPython_EXECUTABLE=/usr/bin/python3']'
[0.225s] Level 5:colcon.colcon_core.verb:set package 'emergency_priority' build argument 'cmake_target' from command line to 'None'
[0.225s] Level 5:colcon.colcon_core.verb:set package 'emergency_priority' build argument 'cmake_target_skip_unavailable' from command line to 'False'
[0.225s] Level 5:colcon.colcon_core.verb:set package 'emergency_priority' build argument 'cmake_clean_cache' from command line to 'False'
[0.225s] Level 5:colcon.colcon_core.verb:set package 'emergency_priority' build argument 'cmake_clean_first' from command line to 'False'
[0.225s] Level 5:colcon.colcon_core.verb:set package 'emergency_priority' build argument 'cmake_force_configure' from command line to 'False'
[0.225s] Level 5:colcon.colcon_core.verb:set package 'emergency_priority' build argument 'ament_cmake_args' from command line to 'None'
[0.225s] Level 5:colcon.colcon_core.verb:set package 'emergency_priority' build argument 'catkin_cmake_args' from command line to 'None'
[0.225s] Level 5:colcon.colcon_core.verb:set package 'emergency_priority' build argument 'catkin_skip_building_tests' from command line to 'False'
[0.225s] DEBUG:colcon.colcon_core.verb:Building package 'emergency_priority' with the following arguments: {'ament_cmake_args': None, 'build_base': '/workspaces/Qcar/build/emergency_priority', 'catkin_cmake_args': None, 'catkin_skip_building_tests': False, 'cmake_args': ['-DPython3_EXECUTABLE=/usr/bin/python3', '-DPython_EXECUTABLE=/usr/bin/python3'], 'cmake_clean_cache': False, 'cmake_clean_first': False, 'cmake_force_configure': False, 'cmake_target': None, 'cmake_target_skip_unavailable': False, 'install_base': '/workspaces/Qcar/install/emergency_priority', 'merge_install': False, 'path': '/workspaces/Qcar/src/emergency_priority', 'symlink_install': True, 'test_result_base': None}
[0.225s] Level 5:colcon.colcon_core.verb:set package 'qcar2_description' build argument 'cmake_args' from command line to '['-DPython3_EXECUTABLE=/usr/bin/python3', '-DPython_EXECUTABLE=/usr/bin/python3']'
[0.225s] Level 5:colcon.colcon_core.verb:set package 'qcar2_description' build argument 'cmake_target' from command line to 'None'
[0.225s] Level 5:colcon.colcon_core.verb:set package 'qcar2_description' build argument 'cmake_target_skip_unavailable' from command line to 'False'
[0.225s] Level 5:colcon.colcon_core.verb:set package 'qcar2_description' build argument 'cmake_clean_cache' from command line to 'False'
[0.225s] Level 5:colcon.colcon_core.verb:set package 'qcar2_description' build argument 'cmake_clean_first' from command line to 'False'
[0.225s] Level 5:colcon.colcon_core.verb:set package 'qcar2_description' build argument 'cmake_force_configure' from command line to 'False'
[0.225s] Level 5:colcon.colcon_core.verb:set package 'qcar2_description' build argument 'ament_cmake_args' from command line to 'None'
[0.225s] Level 5:colcon.colcon_core.verb:set package 'qcar2_description' build argument 'catkin_cmake_args' from command line to 'None'
[0.225s] Level 5:colcon.colcon_core.verb:set package 'qcar2_description' build argument 'catkin_skip_building_tests' from command line to 'False'
[0.225s] DEBUG:colcon.colcon_core.verb:Building package 'qcar2_description' with the following arguments: {'ament_cmake_args': None, 'build_base': '/workspaces/Qcar/build/qcar2_description', 'catkin_cmake_args': None, 'catkin_skip_building_tests': False, 'cmake_args': ['-DPython3_EXECUTABLE=/usr/bin/python3', '-DPython_EXECUTABLE=/usr/bin/python3'], 'cmake_clean_cache': False, 'cmake_clean_first': False, 'cmake_force_configure': False, 'cmake_target': None, 'cmake_target_skip_unavailable': False, 'install_base': '/workspaces/Qcar/install/qcar2_description', 'merge_install': False, 'path': '/workspaces/Qcar/src/qcar2_description', 'symlink_install': True, 'test_result_base': None}
[0.226s] Level 5:colcon.colcon_core.verb:set package 'v2x_emergency' build argument 'cmake_args' from command line to '['-DPython3_EXECUTABLE=/usr/bin/python3', '-DPython_EXECUTABLE=/usr/bin/python3']'
[0.226s] Level 5:colcon.colcon_core.verb:set package 'v2x_emergency' build argument 'cmake_target' from command line to 'None'
[0.226s] Level 5:colcon.colcon_core.verb:set package 'v2x_emergency' build argument 'cmake_target_skip_unavailable' from command line to 'False'
[0.226s] Level 5:colcon.colcon_core.verb:set package 'v2x_emergency' build argument 'cmake_clean_cache' from command line to 'False'
[0.226s] Level 5:colcon.colcon_core.verb:set package 'v2x_emergency' build argument 'cmake_clean_first' from command line to 'False'
[0.226s] Level 5:colcon.colcon_core.verb:set package 'v2x_emergency' build argument 'cmake_force_configure' from command line to 'False'
[0.226s] Level 5:colcon.colcon_core.verb:set package 'v2x_emergency' build argument 'ament_cmake_args' from command line to 'None'
[0.226s] Level 5:colcon.colcon_core.verb:set package 'v2x_emergency' build argument 'catkin_cmake_args' from command line to 'None'
[0.226s] Level 5:colcon.colcon_core.verb:set package 'v2x_emergency' build argument 'catkin_skip_building_tests' from command line to 'False'
[0.226s] DEBUG:colcon.colcon_core.verb:Building package 'v2x_emergency' with the following arguments: {'ament_cmake_args': None, 'build_base': '/workspaces/Qcar/build/v2x_emergency', 'catkin_cmake_args': None, 'catkin_skip_building_tests': False, 'cmake_args': ['-DPython3_EXECUTABLE=/usr/bin/python3', '-DPython_EXECUTABLE=/usr/bin/python3'], 'cmake_clean_cache': False, 'cmake_clean_first': False, 'cmake_force_configure': False, 'cmake_target': None, 'cmake_target_skip_unavailable': False, 'install_base': '/workspaces/Qcar/install/v2x_emergency', 'merge_install': False, 'path': '/workspaces/Qcar/src/v2x_emergency', 'symlink_install': True, 'test_result_base': None}
[0.226s] Level 5:colcon.colcon_core.verb:set package 'v2x_mppi_lane_avoidance' build argument 'cmake_args' from command line to '['-DPython3_EXECUTABLE=/usr/bin/python3', '-DPython_EXECUTABLE=/usr/bin/python3']'
[0.226s] Level 5:colcon.colcon_core.verb:set package 'v2x_mppi_lane_avoidance' build argument 'cmake_target' from command line to 'None'
[0.226s] Level 5:colcon.colcon_core.verb:set package 'v2x_mppi_lane_avoidance' build argument 'cmake_target_skip_unavailable' from command line to 'False'
[0.226s] Level 5:colcon.colcon_core.verb:set package 'v2x_mppi_lane_avoidance' build argument 'cmake_clean_cache' from command line to 'False'
[0.226s] Level 5:colcon.colcon_core.verb:set package 'v2x_mppi_lane_avoidance' build argument 'cmake_clean_first' from command line to 'False'
[0.226s] Level 5:colcon.colcon_core.verb:set package 'v2x_mppi_lane_avoidance' build argument 'cmake_force_configure' from command line to 'False'
[0.226s] Level 5:colcon.colcon_core.verb:set package 'v2x_mppi_lane_avoidance' build argument 'ament_cmake_args' from command line to 'None'
[0.226s] Level 5:colcon.colcon_core.verb:set package 'v2x_mppi_lane_avoidance' build argument 'catkin_cmake_args' from command line to 'None'
[0.226s] Level 5:colcon.colcon_core.verb:set package 'v2x_mppi_lane_avoidance' build argument 'catkin_skip_building_tests' from command line to 'False'
[0.226s] DEBUG:colcon.colcon_core.verb:Building package 'v2x_mppi_lane_avoidance' with the following arguments: {'ament_cmake_args': None, 'build_base': '/workspaces/Qcar/build/v2x_mppi_lane_avoidance', 'catkin_cmake_args': None, 'catkin_skip_building_tests': False, 'cmake_args': ['-DPython3_EXECUTABLE=/usr/bin/python3', '-DPython_EXECUTABLE=/usr/bin/python3'], 'cmake_clean_cache': False, 'cmake_clean_first': False, 'cmake_force_configure': False, 'cmake_target': None, 'cmake_target_skip_unavailable': False, 'install_base': '/workspaces/Qcar/install/v2x_mppi_lane_avoidance', 'merge_install': False, 'path': '/workspaces/Qcar/src/v2x_mppi_lane_avoidance', 'symlink_install': True, 'test_result_base': None}
[0.227s] Level 5:colcon.colcon_core.verb:set package 'v2x_nav2_sim' build argument 'cmake_args' from command line to '['-DPython3_EXECUTABLE=/usr/bin/python3', '-DPython_EXECUTABLE=/usr/bin/python3']'
[0.227s] Level 5:colcon.colcon_core.verb:set package 'v2x_nav2_sim' build argument 'cmake_target' from command line to 'None'
[0.227s] Level 5:colcon.colcon_core.verb:set package 'v2x_nav2_sim' build argument 'cmake_target_skip_unavailable' from command line to 'False'
[0.227s] Level 5:colcon.colcon_core.verb:set package 'v2x_nav2_sim' build argument 'cmake_clean_cache' from command line to 'False'
[0.227s] Level 5:colcon.colcon_core.verb:set package 'v2x_nav2_sim' build argument 'cmake_clean_first' from command line to 'False'
[0.227s] Level 5:colcon.colcon_core.verb:set package 'v2x_nav2_sim' build argument 'cmake_force_configure' from command line to 'False'
[0.227s] Level 5:colcon.colcon_core.verb:set package 'v2x_nav2_sim' build argument 'ament_cmake_args' from command line to 'None'
[0.227s] Level 5:colcon.colcon_core.verb:set package 'v2x_nav2_sim' build argument 'catkin_cmake_args' from command line to 'None'
[0.227s] Level 5:colcon.colcon_core.verb:set package 'v2x_nav2_sim' build argument 'catkin_skip_building_tests' from command line to 'False'
[0.227s] DEBUG:colcon.colcon_core.verb:Building package 'v2x_nav2_sim' with the following arguments: {'ament_cmake_args': None, 'build_base': '/workspaces/Qcar/build/v2x_nav2_sim', 'catkin_cmake_args': None, 'catkin_skip_building_tests': False, 'cmake_args': ['-DPython3_EXECUTABLE=/usr/bin/python3', '-DPython_EXECUTABLE=/usr/bin/python3'], 'cmake_clean_cache': False, 'cmake_clean_first': False, 'cmake_force_configure': False, 'cmake_target': None, 'cmake_target_skip_unavailable': False, 'install_base': '/workspaces/Qcar/install/v2x_nav2_sim', 'merge_install': False, 'path': '/workspaces/Qcar/src/v2x_nav2_sim', 'symlink_install': True, 'test_result_base': None}
[0.227s] Level 5:colcon.colcon_core.verb:set package 'v2x_opencv_perception' build argument 'cmake_args' from command line to '['-DPython3_EXECUTABLE=/usr/bin/python3', '-DPython_EXECUTABLE=/usr/bin/python3']'
[0.227s] Level 5:colcon.colcon_core.verb:set package 'v2x_opencv_perception' build argument 'cmake_target' from command line to 'None'
[0.227s] Level 5:colcon.colcon_core.verb:set package 'v2x_opencv_perception' build argument 'cmake_target_skip_unavailable' from command line to 'False'
[0.227s] Level 5:colcon.colcon_core.verb:set package 'v2x_opencv_perception' build argument 'cmake_clean_cache' from command line to 'False'
[0.227s] Level 5:colcon.colcon_core.verb:set package 'v2x_opencv_perception' build argument 'cmake_clean_first' from command line to 'False'
[0.227s] Level 5:colcon.colcon_core.verb:set package 'v2x_opencv_perception' build argument 'cmake_force_configure' from command line to 'False'
[0.227s] Level 5:colcon.colcon_core.verb:set package 'v2x_opencv_perception' build argument 'ament_cmake_args' from command line to 'None'
[0.227s] Level 5:colcon.colcon_core.verb:set package 'v2x_opencv_perception' build argument 'catkin_cmake_args' from command line to 'None'
[0.227s] Level 5:colcon.colcon_core.verb:set package 'v2x_opencv_perception' build argument 'catkin_skip_building_tests' from command line to 'False'
[0.227s] DEBUG:colcon.colcon_core.verb:Building package 'v2x_opencv_perception' with the following arguments: {'ament_cmake_args': None, 'build_base': '/workspaces/Qcar/build/v2x_opencv_perception', 'catkin_cmake_args': None, 'catkin_skip_building_tests': False, 'cmake_args': ['-DPython3_EXECUTABLE=/usr/bin/python3', '-DPython_EXECUTABLE=/usr/bin/python3'], 'cmake_clean_cache': False, 'cmake_clean_first': False, 'cmake_force_configure': False, 'cmake_target': None, 'cmake_target_skip_unavailable': False, 'install_base': '/workspaces/Qcar/install/v2x_opencv_perception', 'merge_install': False, 'path': '/workspaces/Qcar/src/v2x_opencv_perception', 'symlink_install': True, 'test_result_base': None}
[0.228s] Level 5:colcon.colcon_core.verb:set package 'v2x_custom_stack' build argument 'cmake_args' from command line to '['-DPython3_EXECUTABLE=/usr/bin/python3', '-DPython_EXECUTABLE=/usr/bin/python3']'
[0.228s] Level 5:colcon.colcon_core.verb:set package 'v2x_custom_stack' build argument 'cmake_target' from command line to 'None'
[0.228s] Level 5:colcon.colcon_core.verb:set package 'v2x_custom_stack' build argument 'cmake_target_skip_unavailable' from command line to 'False'
[0.228s] Level 5:colcon.colcon_core.verb:set package 'v2x_custom_stack' build argument 'cmake_clean_cache' from command line to 'False'
[0.228s] Level 5:colcon.colcon_core.verb:set package 'v2x_custom_stack' build argument 'cmake_clean_first' from command line to 'False'
[0.228s] Level 5:colcon.colcon_core.verb:set package 'v2x_custom_stack' build argument 'cmake_force_configure' from command line to 'False'
[0.228s] Level 5:colcon.colcon_core.verb:set package 'v2x_custom_stack' build argument 'ament_cmake_args' from command line to 'None'
[0.228s] Level 5:colcon.colcon_core.verb:set package 'v2x_custom_stack' build argument 'catkin_cmake_args' from command line to 'None'
[0.228s] Level 5:colcon.colcon_core.verb:set package 'v2x_custom_stack' build argument 'catkin_skip_building_tests' from command line to 'False'
[0.228s] DEBUG:colcon.colcon_core.verb:Building package 'v2x_custom_stack' with the following arguments: {'ament_cmake_args': None, 'build_base': '/workspaces/Qcar/build/v2x_custom_stack', 'catkin_cmake_args': None, 'catkin_skip_building_tests': False, 'cmake_args': ['-DPython3_EXECUTABLE=/usr/bin/python3', '-DPython_EXECUTABLE=/usr/bin/python3'], 'cmake_clean_cache': False, 'cmake_clean_first': False, 'cmake_force_configure': False, 'cmake_target': None, 'cmake_target_skip_unavailable': False, 'install_base': '/workspaces/Qcar/install/v2x_custom_stack', 'merge_install': False, 'path': '/workspaces/Qcar/src/v2x_custom_stack', 'symlink_install': True, 'test_result_base': None}
[0.228s] Level 5:colcon.colcon_core.verb:set package 'v2x_system_integration' build argument 'cmake_args' from command line to '['-DPython3_EXECUTABLE=/usr/bin/python3', '-DPython_EXECUTABLE=/usr/bin/python3']'
[0.228s] Level 5:colcon.colcon_core.verb:set package 'v2x_system_integration' build argument 'cmake_target' from command line to 'None'
[0.228s] Level 5:colcon.colcon_core.verb:set package 'v2x_system_integration' build argument 'cmake_target_skip_unavailable' from command line to 'False'
[0.228s] Level 5:colcon.colcon_core.verb:set package 'v2x_system_integration' build argument 'cmake_clean_cache' from command line to 'False'
[0.228s] Level 5:colcon.colcon_core.verb:set package 'v2x_system_integration' build argument 'cmake_clean_first' from command line to 'False'
[0.228s] Level 5:colcon.colcon_core.verb:set package 'v2x_system_integration' build argument 'cmake_force_configure' from command line to 'False'
[0.228s] Level 5:colcon.colcon_core.verb:set package 'v2x_system_integration' build argument 'ament_cmake_args' from command line to 'None'
[0.228s] Level 5:colcon.colcon_core.verb:set package 'v2x_system_integration' build argument 'catkin_cmake_args' from command line to 'None'
[0.228s] Level 5:colcon.colcon_core.verb:set package 'v2x_system_integration' build argument 'catkin_skip_building_tests' from command line to 'False'
[0.229s] DEBUG:colcon.colcon_core.verb:Building package 'v2x_system_integration' with the following arguments: {'ament_cmake_args': None, 'build_base': '/workspaces/Qcar/build/v2x_system_integration', 'catkin_cmake_args': None, 'catkin_skip_building_tests': False, 'cmake_args': ['-DPython3_EXECUTABLE=/usr/bin/python3', '-DPython_EXECUTABLE=/usr/bin/python3'], 'cmake_clean_cache': False, 'cmake_clean_first': False, 'cmake_force_configure': False, 'cmake_target': None, 'cmake_target_skip_unavailable': False, 'install_base': '/workspaces/Qcar/install/v2x_system_integration', 'merge_install': False, 'path': '/workspaces/Qcar/src/v2x_system_integration', 'symlink_install': True, 'test_result_base': None}
[0.229s] INFO:colcon.colcon_core.executor:Executing jobs using 'parallel' executor
[0.230s] DEBUG:colcon.colcon_parallel_executor.executor.parallel:run_until_complete
[0.230s] INFO:colcon.colcon_ros.task.ament_python.build:Building ROS package in '/workspaces/Qcar/src/emergency_priority' with build type 'ament_python'
[0.230s] Level 1:colcon.colcon_core.shell:create_environment_hook('emergency_priority', 'ament_prefix_path')
[0.232s] INFO:colcon.colcon_core.plugin_system:Skipping extension 'colcon_core.shell.bat': Not used on non-Windows systems
[0.232s] INFO:colcon.colcon_core.shell:Creating environment hook '/workspaces/Qcar/install/emergency_priority/share/emergency_priority/hook/ament_prefix_path.ps1'
[0.233s] INFO:colcon.colcon_core.shell:Creating environment descriptor '/workspaces/Qcar/install/emergency_priority/share/emergency_priority/hook/ament_prefix_path.dsv'
[0.234s] INFO:colcon.colcon_core.shell:Creating environment hook '/workspaces/Qcar/install/emergency_priority/share/emergency_priority/hook/ament_prefix_path.sh'
[0.235s] INFO:colcon.colcon_core.shell:Skip shell extension 'powershell' for command environment: Not usable outside of PowerShell
[0.235s] DEBUG:colcon.colcon_core.shell:Skip shell extension 'dsv' for command environment
[0.240s] INFO:colcon.colcon_ros.task.ament_cmake.build:Building ROS package in '/workspaces/Qcar/src/qcar2_description' with build type 'ament_cmake'
[0.240s] INFO:colcon.colcon_cmake.task.cmake.build:Building CMake package in '/workspaces/Qcar/src/qcar2_description'
[0.240s] INFO:colcon.colcon_core.shell:Skip shell extension 'powershell' for command environment: Not usable outside of PowerShell
[0.240s] DEBUG:colcon.colcon_core.shell:Skip shell extension 'dsv' for command environment
[0.542s] INFO:colcon.colcon_core.task.python.build:Building Python package in '/workspaces/Qcar/src/emergency_priority'
[0.542s] INFO:colcon.colcon_core.shell:Skip shell extension 'powershell' for command environment: Not usable outside of PowerShell
[0.542s] DEBUG:colcon.colcon_core.shell:Skip shell extension 'dsv' for command environment
[0.552s] DEBUG:colcon.colcon_core.event_handler.log_command:Invoking command in '/workspaces/Qcar/build/qcar2_description': CMAKE_PREFIX_PATH=/opt/ros/jazzy DEBUGINFOD_URLS=https://debuginfod.ubuntu.com /usr/bin/cmake /workspaces/Qcar/src/qcar2_description -DPython3_EXECUTABLE=/usr/bin/python3 -DPython_EXECUTABLE=/usr/bin/python3 -DAMENT_CMAKE_SYMLINK_INSTALL=1 -DCMAKE_INSTALL_PREFIX=/workspaces/Qcar/install/qcar2_description
[1.721s] DEBUG:colcon.colcon_core.task.python.build:Available setuptools commands: bdist_wheel, easy_install, build_py, compile_catalog, symlink_data, saveopts, install_data, setopt, alias, build_clib, bdist_rpm, install_scripts, build_scripts, install, develop, editable_wheel, egg_info, bdist_dumb, install_lib, install_headers, clean, init_catalog, update_catalog, check, rotate, build_ext, build, bdist_egg, sdist, bdist, extract_messages, dist_info, install_egg_info
[2.149s] DEBUG:colcon.colcon_core.task.python.build:Available setuptools 'develop' options: --verbose, --quiet, --install-dir, --user, --no-deps, --no-user-cfg, --help, --index-url, --prefix
[2.149s] INFO:colcon.colcon_core.task.python.build:No '--editable' capability in setuptools, falling back to full install
[2.156s] DEBUG:colcon.colcon_core.event_handler.log_command:Invoking command in '/workspaces/Qcar/src/emergency_priority': DEBUGINFOD_URLS=https://debuginfod.ubuntu.com PYTHONPATH=/workspaces/Qcar/build/emergency_priority/prefix_override:/usr/lib/python3/dist-packages/colcon_core/task/python/colcon_distutils_commands:/workspaces/Qcar/install/emergency_priority/lib/python3.12/site-packages:${PYTHONPATH} /usr/bin/python3 -W ignore:setup.py install is deprecated -W ignore:easy_install command is deprecated setup.py egg_info --egg-base ../../build/emergency_priority build --build-base /workspaces/Qcar/build/emergency_priority/build install --record /workspaces/Qcar/build/emergency_priority/install.log --install-scripts $base/lib/emergency_priority --single-version-externally-managed install_data
[2.208s] DEBUG:colcon.colcon_core.event_handler.log_command:Invoked command in '/workspaces/Qcar/build/qcar2_description' returned '0': CMAKE_PREFIX_PATH=/opt/ros/jazzy DEBUGINFOD_URLS=https://debuginfod.ubuntu.com /usr/bin/cmake /workspaces/Qcar/src/qcar2_description -DPython3_EXECUTABLE=/usr/bin/python3 -DPython_EXECUTABLE=/usr/bin/python3 -DAMENT_CMAKE_SYMLINK_INSTALL=1 -DCMAKE_INSTALL_PREFIX=/workspaces/Qcar/install/qcar2_description
[2.209s] DEBUG:colcon.colcon_core.event_handler.log_command:Invoking command in '/workspaces/Qcar/build/qcar2_description': CMAKE_PREFIX_PATH=/opt/ros/jazzy DEBUGINFOD_URLS=https://debuginfod.ubuntu.com /usr/bin/cmake --build /workspaces/Qcar/build/qcar2_description -- -j2 -l2
[2.267s] DEBUG:colcon.colcon_core.event_handler.log_command:Invoked command in '/workspaces/Qcar/build/qcar2_description' returned '0': CMAKE_PREFIX_PATH=/opt/ros/jazzy DEBUGINFOD_URLS=https://debuginfod.ubuntu.com /usr/bin/cmake --build /workspaces/Qcar/build/qcar2_description -- -j2 -l2
[2.290s] DEBUG:colcon.colcon_core.event_handler.log_command:Invoking command in '/workspaces/Qcar/build/qcar2_description': CMAKE_PREFIX_PATH=/opt/ros/jazzy DEBUGINFOD_URLS=https://debuginfod.ubuntu.com /usr/bin/cmake --install /workspaces/Qcar/build/qcar2_description
[2.679s] Level 1:colcon.colcon_core.environment:create_environment_scripts_only(qcar2_description)
[2.679s] DEBUG:colcon.colcon_core.event_handler.log_command:Invoked command in '/workspaces/Qcar/build/qcar2_description' returned '0': CMAKE_PREFIX_PATH=/opt/ros/jazzy DEBUGINFOD_URLS=https://debuginfod.ubuntu.com /usr/bin/cmake --install /workspaces/Qcar/build/qcar2_description
[2.682s] Level 1:colcon.colcon_core.environment:checking '/workspaces/Qcar/install/qcar2_description' for CMake module files
[2.683s] Level 1:colcon.colcon_core.environment:checking '/workspaces/Qcar/install/qcar2_description' for CMake config files
[2.684s] Level 1:colcon.colcon_core.shell:create_environment_hook('qcar2_description', 'cmake_prefix_path')
[2.684s] INFO:colcon.colcon_core.shell:Creating environment hook '/workspaces/Qcar/install/qcar2_description/share/qcar2_description/hook/cmake_prefix_path.ps1'
[2.685s] INFO:colcon.colcon_core.shell:Creating environment descriptor '/workspaces/Qcar/install/qcar2_description/share/qcar2_description/hook/cmake_prefix_path.dsv'
[2.686s] INFO:colcon.colcon_core.shell:Creating environment hook '/workspaces/Qcar/install/qcar2_description/share/qcar2_description/hook/cmake_prefix_path.sh'
[2.687s] Level 1:colcon.colcon_core.environment:checking '/workspaces/Qcar/install/qcar2_description/bin'
[2.687s] Level 1:colcon.colcon_core.environment:checking '/workspaces/Qcar/install/qcar2_description/lib/pkgconfig/qcar2_description.pc'
[2.688s] Level 1:colcon.colcon_core.environment:checking '/workspaces/Qcar/install/qcar2_description/lib/python3.12/site-packages'
[2.688s] Level 1:colcon.colcon_core.environment:checking '/workspaces/Qcar/install/qcar2_description/bin'
[2.688s] INFO:colcon.colcon_core.shell:Creating package script '/workspaces/Qcar/install/qcar2_description/share/qcar2_description/package.ps1'
[2.691s] INFO:colcon.colcon_core.shell:Creating package descriptor '/workspaces/Qcar/install/qcar2_description/share/qcar2_description/package.dsv'
[2.692s] INFO:colcon.colcon_core.shell:Creating package script '/workspaces/Qcar/install/qcar2_description/share/qcar2_description/package.sh'
[2.693s] INFO:colcon.colcon_core.shell:Creating package script '/workspaces/Qcar/install/qcar2_description/share/qcar2_description/package.bash'
[2.695s] INFO:colcon.colcon_core.shell:Creating package script '/workspaces/Qcar/install/qcar2_description/share/qcar2_description/package.zsh'
[2.696s] Level 1:colcon.colcon_core.environment:create_file_with_runtime_dependencies(/workspaces/Qcar/install/qcar2_description/share/colcon-core/packages/qcar2_description)
[2.697s] Level 1:colcon.colcon_core.environment:create_environment_scripts_only(qcar2_description)
[2.698s] Level 1:colcon.colcon_core.environment:checking '/workspaces/Qcar/install/qcar2_description' for CMake module files
[2.698s] Level 1:colcon.colcon_core.environment:checking '/workspaces/Qcar/install/qcar2_description' for CMake config files
[2.699s] Level 1:colcon.colcon_core.shell:create_environment_hook('qcar2_description', 'cmake_prefix_path')
[2.699s] INFO:colcon.colcon_core.shell:Creating environment hook '/workspaces/Qcar/install/qcar2_description/share/qcar2_description/hook/cmake_prefix_path.ps1'
[2.700s] INFO:colcon.colcon_core.shell:Creating environment descriptor '/workspaces/Qcar/install/qcar2_description/share/qcar2_description/hook/cmake_prefix_path.dsv'
[2.701s] INFO:colcon.colcon_core.shell:Creating environment hook '/workspaces/Qcar/install/qcar2_description/share/qcar2_description/hook/cmake_prefix_path.sh'
[2.702s] Level 1:colcon.colcon_core.environment:checking '/workspaces/Qcar/install/qcar2_description/bin'
[2.702s] Level 1:colcon.colcon_core.environment:checking '/workspaces/Qcar/install/qcar2_description/lib/pkgconfig/qcar2_description.pc'
[2.702s] Level 1:colcon.colcon_core.environment:checking '/workspaces/Qcar/install/qcar2_description/lib/python3.12/site-packages'
[2.703s] Level 1:colcon.colcon_core.environment:checking '/workspaces/Qcar/install/qcar2_description/bin'
[2.703s] INFO:colcon.colcon_core.shell:Creating package script '/workspaces/Qcar/install/qcar2_description/share/qcar2_description/package.ps1'
[2.704s] INFO:colcon.colcon_core.shell:Creating package descriptor '/workspaces/Qcar/install/qcar2_description/share/qcar2_description/package.dsv'
[2.705s] INFO:colcon.colcon_core.shell:Creating package script '/workspaces/Qcar/install/qcar2_description/share/qcar2_description/package.sh'
[2.706s] INFO:colcon.colcon_core.shell:Creating package script '/workspaces/Qcar/install/qcar2_description/share/qcar2_description/package.bash'
[2.707s] INFO:colcon.colcon_core.shell:Creating package script '/workspaces/Qcar/install/qcar2_description/share/qcar2_description/package.zsh'
[2.708s] Level 1:colcon.colcon_core.environment:create_file_with_runtime_dependencies(/workspaces/Qcar/install/qcar2_description/share/colcon-core/packages/qcar2_description)
[2.709s] INFO:colcon.colcon_ros.task.ament_cmake.build:Building ROS package in '/workspaces/Qcar/src/v2x_emergency' with build type 'ament_cmake'
[2.710s] INFO:colcon.colcon_cmake.task.cmake.build:Building CMake package in '/workspaces/Qcar/src/v2x_emergency'
[2.710s] INFO:colcon.colcon_core.shell:Skip shell extension 'powershell' for command environment: Not usable outside of PowerShell
[2.710s] DEBUG:colcon.colcon_core.shell:Skip shell extension 'dsv' for command environment
[2.728s] DEBUG:colcon.colcon_core.event_handler.log_command:Invoking command in '/workspaces/Qcar/build/v2x_emergency': CMAKE_PREFIX_PATH=/opt/ros/jazzy DEBUGINFOD_URLS=https://debuginfod.ubuntu.com /usr/bin/cmake /workspaces/Qcar/src/v2x_emergency -DPython3_EXECUTABLE=/usr/bin/python3 -DPython_EXECUTABLE=/usr/bin/python3 -DAMENT_CMAKE_SYMLINK_INSTALL=1 -DCMAKE_INSTALL_PREFIX=/workspaces/Qcar/install/v2x_emergency
[3.275s] Level 1:colcon.colcon_core.environment:checking '/workspaces/Qcar/install/emergency_priority' for CMake module files
[3.276s] DEBUG:colcon.colcon_core.event_handler.log_command:Invoked command in '/workspaces/Qcar/src/emergency_priority' returned '0': DEBUGINFOD_URLS=https://debuginfod.ubuntu.com PYTHONPATH=/workspaces/Qcar/build/emergency_priority/prefix_override:/usr/lib/python3/dist-packages/colcon_core/task/python/colcon_distutils_commands:/workspaces/Qcar/install/emergency_priority/lib/python3.12/site-packages:${PYTHONPATH} /usr/bin/python3 -W ignore:setup.py install is deprecated -W ignore:easy_install command is deprecated setup.py egg_info --egg-base ../../build/emergency_priority build --build-base /workspaces/Qcar/build/emergency_priority/build install --record /workspaces/Qcar/build/emergency_priority/install.log --install-scripts $base/lib/emergency_priority --single-version-externally-managed install_data
[3.281s] Level 1:colcon.colcon_core.environment:checking '/workspaces/Qcar/install/emergency_priority' for CMake config files
[3.282s] Level 1:colcon.colcon_core.environment:checking '/workspaces/Qcar/install/emergency_priority/lib'
[3.284s] Level 1:colcon.colcon_core.environment:checking '/workspaces/Qcar/install/emergency_priority/bin'
[3.284s] Level 1:colcon.colcon_core.environment:checking '/workspaces/Qcar/install/emergency_priority/lib/pkgconfig/emergency_priority.pc'
[3.284s] Level 1:colcon.colcon_core.environment:checking '/workspaces/Qcar/install/emergency_priority/lib/python3.12/site-packages'
[3.285s] Level 1:colcon.colcon_core.shell:create_environment_hook('emergency_priority', 'pythonpath')
[3.285s] INFO:colcon.colcon_core.shell:Creating environment hook '/workspaces/Qcar/install/emergency_priority/share/emergency_priority/hook/pythonpath.ps1'
[3.286s] INFO:colcon.colcon_core.shell:Creating environment descriptor '/workspaces/Qcar/install/emergency_priority/share/emergency_priority/hook/pythonpath.dsv'
[3.287s] INFO:colcon.colcon_core.shell:Creating environment hook '/workspaces/Qcar/install/emergency_priority/share/emergency_priority/hook/pythonpath.sh'
[3.290s] Level 1:colcon.colcon_core.environment:checking '/workspaces/Qcar/install/emergency_priority/bin'
[3.290s] Level 1:colcon.colcon_core.environment:create_environment_scripts_only(emergency_priority)
[3.291s] INFO:colcon.colcon_core.shell:Creating package script '/workspaces/Qcar/install/emergency_priority/share/emergency_priority/package.ps1'
[3.294s] INFO:colcon.colcon_core.shell:Creating package descriptor '/workspaces/Qcar/install/emergency_priority/share/emergency_priority/package.dsv'
[3.296s] INFO:colcon.colcon_core.shell:Creating package script '/workspaces/Qcar/install/emergency_priority/share/emergency_priority/package.sh'
[3.298s] INFO:colcon.colcon_core.shell:Creating package script '/workspaces/Qcar/install/emergency_priority/share/emergency_priority/package.bash'
[3.301s] INFO:colcon.colcon_core.shell:Creating package script '/workspaces/Qcar/install/emergency_priority/share/emergency_priority/package.zsh'
[3.312s] Level 1:colcon.colcon_core.environment:create_file_with_runtime_dependencies(/workspaces/Qcar/install/emergency_priority/share/colcon-core/packages/emergency_priority)
[3.312s] INFO:colcon.colcon_ros.task.ament_python.build:Building ROS package in '/workspaces/Qcar/src/v2x_mppi_lane_avoidance' with build type 'ament_python'
[3.312s] Level 1:colcon.colcon_core.shell:create_environment_hook('v2x_mppi_lane_avoidance', 'ament_prefix_path')
[3.313s] INFO:colcon.colcon_core.shell:Creating environment hook '/workspaces/Qcar/install/v2x_mppi_lane_avoidance/share/v2x_mppi_lane_avoidance/hook/ament_prefix_path.ps1'
[3.321s] INFO:colcon.colcon_core.shell:Creating environment descriptor '/workspaces/Qcar/install/v2x_mppi_lane_avoidance/share/v2x_mppi_lane_avoidance/hook/ament_prefix_path.dsv'
[3.324s] INFO:colcon.colcon_core.shell:Creating environment hook '/workspaces/Qcar/install/v2x_mppi_lane_avoidance/share/v2x_mppi_lane_avoidance/hook/ament_prefix_path.sh'
[3.325s] INFO:colcon.colcon_core.shell:Skip shell extension 'powershell' for command environment: Not usable outside of PowerShell
[3.325s] DEBUG:colcon.colcon_core.shell:Skip shell extension 'dsv' for command environment
[3.822s] INFO:colcon.colcon_core.task.python.build:Building Python package in '/workspaces/Qcar/src/v2x_mppi_lane_avoidance'
[3.823s] INFO:colcon.colcon_core.shell:Skip shell extension 'powershell' for command environment: Not usable outside of PowerShell
[3.823s] DEBUG:colcon.colcon_core.shell:Skip shell extension 'dsv' for command environment
[4.645s] DEBUG:colcon.colcon_core.task.python.build:Available setuptools commands: bdist_wheel, easy_install, build_py, compile_catalog, symlink_data, saveopts, install_data, setopt, alias, build_clib, bdist_rpm, install_scripts, build_scripts, install, develop, editable_wheel, egg_info, bdist_dumb, install_lib, install_headers, clean, init_catalog, update_catalog, check, rotate, build_ext, build, bdist_egg, sdist, bdist, extract_messages, dist_info, install_egg_info
[5.026s] DEBUG:colcon.colcon_core.task.python.build:Available setuptools 'develop' options: --verbose, --quiet, --install-dir, --user, --no-deps, --no-user-cfg, --help, --index-url, --prefix
[5.027s] INFO:colcon.colcon_core.task.python.build:No '--editable' capability in setuptools, falling back to full install
[5.031s] DEBUG:colcon.colcon_core.event_handler.log_command:Invoking command in '/workspaces/Qcar/src/v2x_mppi_lane_avoidance': DEBUGINFOD_URLS=https://debuginfod.ubuntu.com PYTHONPATH=/workspaces/Qcar/build/v2x_mppi_lane_avoidance/prefix_override:/usr/lib/python3/dist-packages/colcon_core/task/python/colcon_distutils_commands:/workspaces/Qcar/install/v2x_mppi_lane_avoidance/lib/python3.12/site-packages:${PYTHONPATH} /usr/bin/python3 -W ignore:setup.py install is deprecated -W ignore:easy_install command is deprecated setup.py egg_info --egg-base ../../build/v2x_mppi_lane_avoidance build --build-base /workspaces/Qcar/build/v2x_mppi_lane_avoidance/build install --record /workspaces/Qcar/build/v2x_mppi_lane_avoidance/install.log --single-version-externally-managed install_data
[5.863s] Level 1:colcon.colcon_core.environment:checking '/workspaces/Qcar/install/v2x_mppi_lane_avoidance' for CMake module files
[5.863s] DEBUG:colcon.colcon_core.event_handler.log_command:Invoked command in '/workspaces/Qcar/src/v2x_mppi_lane_avoidance' returned '0': DEBUGINFOD_URLS=https://debuginfod.ubuntu.com PYTHONPATH=/workspaces/Qcar/build/v2x_mppi_lane_avoidance/prefix_override:/usr/lib/python3/dist-packages/colcon_core/task/python/colcon_distutils_commands:/workspaces/Qcar/install/v2x_mppi_lane_avoidance/lib/python3.12/site-packages:${PYTHONPATH} /usr/bin/python3 -W ignore:setup.py install is deprecated -W ignore:easy_install command is deprecated setup.py egg_info --egg-base ../../build/v2x_mppi_lane_avoidance build --build-base /workspaces/Qcar/build/v2x_mppi_lane_avoidance/build install --record /workspaces/Qcar/build/v2x_mppi_lane_avoidance/install.log --single-version-externally-managed install_data
[5.864s] Level 1:colcon.colcon_core.environment:checking '/workspaces/Qcar/install/v2x_mppi_lane_avoidance' for CMake config files
[5.865s] Level 1:colcon.colcon_core.environment:checking '/workspaces/Qcar/install/v2x_mppi_lane_avoidance/lib'
[5.865s] Level 1:colcon.colcon_core.environment:checking '/workspaces/Qcar/install/v2x_mppi_lane_avoidance/bin'
[5.865s] Level 1:colcon.colcon_core.shell:create_environment_hook('v2x_mppi_lane_avoidance', 'path')
[5.865s] INFO:colcon.colcon_core.shell:Creating environment hook '/workspaces/Qcar/install/v2x_mppi_lane_avoidance/share/v2x_mppi_lane_avoidance/hook/path.ps1'
[5.866s] INFO:colcon.colcon_core.shell:Creating environment descriptor '/workspaces/Qcar/install/v2x_mppi_lane_avoidance/share/v2x_mppi_lane_avoidance/hook/path.dsv'
[5.867s] INFO:colcon.colcon_core.shell:Creating environment hook '/workspaces/Qcar/install/v2x_mppi_lane_avoidance/share/v2x_mppi_lane_avoidance/hook/path.sh'
[5.868s] Level 1:colcon.colcon_core.environment:checking '/workspaces/Qcar/install/v2x_mppi_lane_avoidance/lib/pkgconfig/v2x_mppi_lane_avoidance.pc'
[5.868s] Level 1:colcon.colcon_core.environment:checking '/workspaces/Qcar/install/v2x_mppi_lane_avoidance/lib/python3.12/site-packages'
[5.868s] Level 1:colcon.colcon_core.shell:create_environment_hook('v2x_mppi_lane_avoidance', 'pythonpath')
[5.868s] INFO:colcon.colcon_core.shell:Creating environment hook '/workspaces/Qcar/install/v2x_mppi_lane_avoidance/share/v2x_mppi_lane_avoidance/hook/pythonpath.ps1'
[5.869s] INFO:colcon.colcon_core.shell:Creating environment descriptor '/workspaces/Qcar/install/v2x_mppi_lane_avoidance/share/v2x_mppi_lane_avoidance/hook/pythonpath.dsv'
[5.870s] INFO:colcon.colcon_core.shell:Creating environment hook '/workspaces/Qcar/install/v2x_mppi_lane_avoidance/share/v2x_mppi_lane_avoidance/hook/pythonpath.sh'
[5.872s] Level 1:colcon.colcon_core.environment:checking '/workspaces/Qcar/install/v2x_mppi_lane_avoidance/bin'
[5.872s] Level 1:colcon.colcon_core.shell:create_environment_hook('v2x_mppi_lane_avoidance', 'pythonscriptspath')
[5.873s] INFO:colcon.colcon_core.shell:Creating environment hook '/workspaces/Qcar/install/v2x_mppi_lane_avoidance/share/v2x_mppi_lane_avoidance/hook/pythonscriptspath.ps1'
[5.873s] INFO:colcon.colcon_core.shell:Creating environment descriptor '/workspaces/Qcar/install/v2x_mppi_lane_avoidance/share/v2x_mppi_lane_avoidance/hook/pythonscriptspath.dsv'
[5.874s] INFO:colcon.colcon_core.shell:Creating environment hook '/workspaces/Qcar/install/v2x_mppi_lane_avoidance/share/v2x_mppi_lane_avoidance/hook/pythonscriptspath.sh'
[5.875s] Level 1:colcon.colcon_core.environment:create_environment_scripts_only(v2x_mppi_lane_avoidance)
[5.875s] INFO:colcon.colcon_core.shell:Creating package script '/workspaces/Qcar/install/v2x_mppi_lane_avoidance/share/v2x_mppi_lane_avoidance/package.ps1'
[5.877s] INFO:colcon.colcon_core.shell:Creating package descriptor '/workspaces/Qcar/install/v2x_mppi_lane_avoidance/share/v2x_mppi_lane_avoidance/package.dsv'
[5.878s] INFO:colcon.colcon_core.shell:Creating package script '/workspaces/Qcar/install/v2x_mppi_lane_avoidance/share/v2x_mppi_lane_avoidance/package.sh'
[5.879s] INFO:colcon.colcon_core.shell:Creating package script '/workspaces/Qcar/install/v2x_mppi_lane_avoidance/share/v2x_mppi_lane_avoidance/package.bash'
[5.881s] INFO:colcon.colcon_core.shell:Creating package script '/workspaces/Qcar/install/v2x_mppi_lane_avoidance/share/v2x_mppi_lane_avoidance/package.zsh'
[5.882s] Level 1:colcon.colcon_core.environment:create_file_with_runtime_dependencies(/workspaces/Qcar/install/v2x_mppi_lane_avoidance/share/colcon-core/packages/v2x_mppi_lane_avoidance)
[5.890s] INFO:colcon.colcon_ros.task.ament_python.build:Building ROS package in '/workspaces/Qcar/src/v2x_nav2_sim' with build type 'ament_python'
[5.890s] Level 1:colcon.colcon_core.shell:create_environment_hook('v2x_nav2_sim', 'ament_prefix_path')
[5.890s] INFO:colcon.colcon_core.shell:Creating environment hook '/workspaces/Qcar/install/v2x_nav2_sim/share/v2x_nav2_sim/hook/ament_prefix_path.ps1'
[5.892s] INFO:colcon.colcon_core.shell:Creating environment descriptor '/workspaces/Qcar/install/v2x_nav2_sim/share/v2x_nav2_sim/hook/ament_prefix_path.dsv'
[5.892s] INFO:colcon.colcon_core.shell:Creating environment hook '/workspaces/Qcar/install/v2x_nav2_sim/share/v2x_nav2_sim/hook/ament_prefix_path.sh'
[5.893s] INFO:colcon.colcon_core.shell:Skip shell extension 'powershell' for command environment: Not usable outside of PowerShell
[5.893s] DEBUG:colcon.colcon_core.shell:Skip shell extension 'dsv' for command environment
[6.467s] INFO:colcon.colcon_core.task.python.build:Building Python package in '/workspaces/Qcar/src/v2x_nav2_sim'
[6.467s] INFO:colcon.colcon_core.shell:Skip shell extension 'powershell' for command environment: Not usable outside of PowerShell
[6.467s] DEBUG:colcon.colcon_core.shell:Skip shell extension 'dsv' for command environment
[7.285s] DEBUG:colcon.colcon_core.task.python.build:Available setuptools commands: bdist_wheel, easy_install, build_py, compile_catalog, symlink_data, saveopts, install_data, setopt, alias, build_clib, bdist_rpm, install_scripts, build_scripts, install, develop, editable_wheel, egg_info, bdist_dumb, install_lib, install_headers, clean, init_catalog, update_catalog, check, rotate, build_ext, build, bdist_egg, sdist, bdist, extract_messages, dist_info, install_egg_info
[7.659s] DEBUG:colcon.colcon_core.task.python.build:Available setuptools 'develop' options: --verbose, --quiet, --install-dir, --user, --no-deps, --no-user-cfg, --help, --index-url, --prefix
[7.659s] INFO:colcon.colcon_core.task.python.build:No '--editable' capability in setuptools, falling back to full install
[7.661s] DEBUG:colcon.colcon_core.event_handler.log_command:Invoking command in '/workspaces/Qcar/src/v2x_nav2_sim': DEBUGINFOD_URLS=https://debuginfod.ubuntu.com PYTHONPATH=/workspaces/Qcar/build/v2x_nav2_sim/prefix_override:/usr/lib/python3/dist-packages/colcon_core/task/python/colcon_distutils_commands:/workspaces/Qcar/install/v2x_nav2_sim/lib/python3.12/site-packages:${PYTHONPATH} /usr/bin/python3 -W ignore:setup.py install is deprecated -W ignore:easy_install command is deprecated setup.py egg_info --egg-base ../../build/v2x_nav2_sim build --build-base /workspaces/Qcar/build/v2x_nav2_sim/build install --record /workspaces/Qcar/build/v2x_nav2_sim/install.log --single-version-externally-managed install_data
[8.337s] DEBUG:colcon.colcon_core.event_handler.log_command:Invoked command in '/workspaces/Qcar/build/v2x_emergency' returned '0': CMAKE_PREFIX_PATH=/opt/ros/jazzy DEBUGINFOD_URLS=https://debuginfod.ubuntu.com /usr/bin/cmake /workspaces/Qcar/src/v2x_emergency -DPython3_EXECUTABLE=/usr/bin/python3 -DPython_EXECUTABLE=/usr/bin/python3 -DAMENT_CMAKE_SYMLINK_INSTALL=1 -DCMAKE_INSTALL_PREFIX=/workspaces/Qcar/install/v2x_emergency
[8.339s] DEBUG:colcon.colcon_core.event_handler.log_command:Invoking command in '/workspaces/Qcar/build/v2x_emergency': CMAKE_PREFIX_PATH=/opt/ros/jazzy DEBUGINFOD_URLS=https://debuginfod.ubuntu.com /usr/bin/cmake --build /workspaces/Qcar/build/v2x_emergency -- -j2 -l2
[8.742s] Level 1:colcon.colcon_core.environment:checking '/workspaces/Qcar/install/v2x_nav2_sim' for CMake module files
[8.744s] Level 1:colcon.colcon_core.environment:checking '/workspaces/Qcar/install/v2x_nav2_sim' for CMake config files
[8.745s] Level 1:colcon.colcon_core.environment:checking '/workspaces/Qcar/install/v2x_nav2_sim/lib'
[8.745s] Level 1:colcon.colcon_core.environment:checking '/workspaces/Qcar/install/v2x_nav2_sim/bin'
[8.745s] Level 1:colcon.colcon_core.environment:checking '/workspaces/Qcar/install/v2x_nav2_sim/lib/pkgconfig/v2x_nav2_sim.pc'
[8.748s] Level 1:colcon.colcon_core.environment:checking '/workspaces/Qcar/install/v2x_nav2_sim/lib/python3.12/site-packages'
[8.748s] Level 1:colcon.colcon_core.shell:create_environment_hook('v2x_nav2_sim', 'pythonpath')
[8.748s] INFO:colcon.colcon_core.shell:Creating environment hook '/workspaces/Qcar/install/v2x_nav2_sim/share/v2x_nav2_sim/hook/pythonpath.ps1'
[8.749s] INFO:colcon.colcon_core.shell:Creating environment descriptor '/workspaces/Qcar/install/v2x_nav2_sim/share/v2x_nav2_sim/hook/pythonpath.dsv'
[8.752s] DEBUG:colcon.colcon_core.event_handler.log_command:Invoked command in '/workspaces/Qcar/src/v2x_nav2_sim' returned '0': DEBUGINFOD_URLS=https://debuginfod.ubuntu.com PYTHONPATH=/workspaces/Qcar/build/v2x_nav2_sim/prefix_override:/usr/lib/python3/dist-packages/colcon_core/task/python/colcon_distutils_commands:/workspaces/Qcar/install/v2x_nav2_sim/lib/python3.12/site-packages:${PYTHONPATH} /usr/bin/python3 -W ignore:setup.py install is deprecated -W ignore:easy_install command is deprecated setup.py egg_info --egg-base ../../build/v2x_nav2_sim build --build-base /workspaces/Qcar/build/v2x_nav2_sim/build install --record /workspaces/Qcar/build/v2x_nav2_sim/install.log --single-version-externally-managed install_data
[8.752s] INFO:colcon.colcon_core.shell:Creating environment hook '/workspaces/Qcar/install/v2x_nav2_sim/share/v2x_nav2_sim/hook/pythonpath.sh'
[8.753s] Level 1:colcon.colcon_core.environment:checking '/workspaces/Qcar/install/v2x_nav2_sim/bin'
[8.753s] Level 1:colcon.colcon_core.environment:create_environment_scripts_only(v2x_nav2_sim)
[8.754s] INFO:colcon.colcon_core.shell:Creating package script '/workspaces/Qcar/install/v2x_nav2_sim/share/v2x_nav2_sim/package.ps1'
[8.757s] INFO:colcon.colcon_core.shell:Creating package descriptor '/workspaces/Qcar/install/v2x_nav2_sim/share/v2x_nav2_sim/package.dsv'
[8.757s] INFO:colcon.colcon_core.shell:Creating package script '/workspaces/Qcar/install/v2x_nav2_sim/share/v2x_nav2_sim/package.sh'
[8.760s] INFO:colcon.colcon_core.shell:Creating package script '/workspaces/Qcar/install/v2x_nav2_sim/share/v2x_nav2_sim/package.bash'
[8.761s] INFO:colcon.colcon_core.shell:Creating package script '/workspaces/Qcar/install/v2x_nav2_sim/share/v2x_nav2_sim/package.zsh'
[8.764s] Level 1:colcon.colcon_core.environment:create_file_with_runtime_dependencies(/workspaces/Qcar/install/v2x_nav2_sim/share/colcon-core/packages/v2x_nav2_sim)
[8.765s] INFO:colcon.colcon_ros.task.ament_python.build:Building ROS package in '/workspaces/Qcar/src/v2x_opencv_perception' with build type 'ament_python'
[8.765s] Level 1:colcon.colcon_core.shell:create_environment_hook('v2x_opencv_perception', 'ament_prefix_path')
[8.765s] INFO:colcon.colcon_core.shell:Creating environment hook '/workspaces/Qcar/install/v2x_opencv_perception/share/v2x_opencv_perception/hook/ament_prefix_path.ps1'
[8.768s] INFO:colcon.colcon_core.shell:Creating environment descriptor '/workspaces/Qcar/install/v2x_opencv_perception/share/v2x_opencv_perception/hook/ament_prefix_path.dsv'
[8.769s] INFO:colcon.colcon_core.shell:Creating environment hook '/workspaces/Qcar/install/v2x_opencv_perception/share/v2x_opencv_perception/hook/ament_prefix_path.sh'
[8.774s] INFO:colcon.colcon_core.shell:Skip shell extension 'powershell' for command environment: Not usable outside of PowerShell
[8.774s] DEBUG:colcon.colcon_core.shell:Skip shell extension 'dsv' for command environment
[9.350s] INFO:colcon.colcon_core.task.python.build:Building Python package in '/workspaces/Qcar/src/v2x_opencv_perception'
[9.350s] INFO:colcon.colcon_core.shell:Skip shell extension 'powershell' for command environment: Not usable outside of PowerShell
[9.350s] DEBUG:colcon.colcon_core.shell:Skip shell extension 'dsv' for command environment
[10.387s] DEBUG:colcon.colcon_core.task.python.build:Available setuptools commands: bdist_wheel, easy_install, build_py, compile_catalog, symlink_data, saveopts, install_data, setopt, alias, build_clib, bdist_rpm, install_scripts, build_scripts, install, develop, editable_wheel, egg_info, bdist_dumb, install_lib, install_headers, clean, init_catalog, update_catalog, check, rotate, build_ext, build, bdist_egg, sdist, bdist, extract_messages, dist_info, install_egg_info
[10.919s] DEBUG:colcon.colcon_core.task.python.build:Available setuptools 'develop' options: --verbose, --quiet, --install-dir, --user, --no-deps, --no-user-cfg, --help, --index-url, --prefix
[10.919s] INFO:colcon.colcon_core.task.python.build:No '--editable' capability in setuptools, falling back to full install
[10.921s] DEBUG:colcon.colcon_core.event_handler.log_command:Invoking command in '/workspaces/Qcar/src/v2x_opencv_perception': DEBUGINFOD_URLS=https://debuginfod.ubuntu.com PYTHONPATH=/workspaces/Qcar/build/v2x_opencv_perception/prefix_override:/usr/lib/python3/dist-packages/colcon_core/task/python/colcon_distutils_commands:/workspaces/Qcar/install/v2x_opencv_perception/lib/python3.12/site-packages:${PYTHONPATH} /usr/bin/python3 -W ignore:setup.py install is deprecated -W ignore:easy_install command is deprecated setup.py egg_info --egg-base ../../build/v2x_opencv_perception build --build-base /workspaces/Qcar/build/v2x_opencv_perception/build install --record /workspaces/Qcar/build/v2x_opencv_perception/install.log --single-version-externally-managed install_data
[12.680s] Level 1:colcon.colcon_core.environment:checking '/workspaces/Qcar/install/v2x_opencv_perception' for CMake module files
[12.681s] DEBUG:colcon.colcon_core.event_handler.log_command:Invoked command in '/workspaces/Qcar/src/v2x_opencv_perception' returned '0': DEBUGINFOD_URLS=https://debuginfod.ubuntu.com PYTHONPATH=/workspaces/Qcar/build/v2x_opencv_perception/prefix_override:/usr/lib/python3/dist-packages/colcon_core/task/python/colcon_distutils_commands:/workspaces/Qcar/install/v2x_opencv_perception/lib/python3.12/site-packages:${PYTHONPATH} /usr/bin/python3 -W ignore:setup.py install is deprecated -W ignore:easy_install command is deprecated setup.py egg_info --egg-base ../../build/v2x_opencv_perception build --build-base /workspaces/Qcar/build/v2x_opencv_perception/build install --record /workspaces/Qcar/build/v2x_opencv_perception/install.log --single-version-externally-managed install_data
[12.682s] Level 1:colcon.colcon_core.environment:checking '/workspaces/Qcar/install/v2x_opencv_perception' for CMake config files
[12.683s] Level 1:colcon.colcon_core.environment:checking '/workspaces/Qcar/install/v2x_opencv_perception/lib'
[12.683s] Level 1:colcon.colcon_core.environment:checking '/workspaces/Qcar/install/v2x_opencv_perception/bin'
[12.683s] Level 1:colcon.colcon_core.shell:create_environment_hook('v2x_opencv_perception', 'path')
[12.684s] INFO:colcon.colcon_core.shell:Creating environment hook '/workspaces/Qcar/install/v2x_opencv_perception/share/v2x_opencv_perception/hook/path.ps1'
[12.686s] INFO:colcon.colcon_core.shell:Creating environment descriptor '/workspaces/Qcar/install/v2x_opencv_perception/share/v2x_opencv_perception/hook/path.dsv'
[12.687s] INFO:colcon.colcon_core.shell:Creating environment hook '/workspaces/Qcar/install/v2x_opencv_perception/share/v2x_opencv_perception/hook/path.sh'
[12.690s] Level 1:colcon.colcon_core.environment:checking '/workspaces/Qcar/install/v2x_opencv_perception/lib/pkgconfig/v2x_opencv_perception.pc'
[12.690s] Level 1:colcon.colcon_core.environment:checking '/workspaces/Qcar/install/v2x_opencv_perception/lib/python3.12/site-packages'
[12.690s] Level 1:colcon.colcon_core.shell:create_environment_hook('v2x_opencv_perception', 'pythonpath')
[12.690s] INFO:colcon.colcon_core.shell:Creating environment hook '/workspaces/Qcar/install/v2x_opencv_perception/share/v2x_opencv_perception/hook/pythonpath.ps1'
[12.691s] INFO:colcon.colcon_core.shell:Creating environment descriptor '/workspaces/Qcar/install/v2x_opencv_perception/share/v2x_opencv_perception/hook/pythonpath.dsv'
[12.694s] INFO:colcon.colcon_core.shell:Creating environment hook '/workspaces/Qcar/install/v2x_opencv_perception/share/v2x_opencv_perception/hook/pythonpath.sh'
[12.695s] Level 1:colcon.colcon_core.environment:checking '/workspaces/Qcar/install/v2x_opencv_perception/bin'
[12.695s] Level 1:colcon.colcon_core.shell:create_environment_hook('v2x_opencv_perception', 'pythonscriptspath')
[12.696s] INFO:colcon.colcon_core.shell:Creating environment hook '/workspaces/Qcar/install/v2x_opencv_perception/share/v2x_opencv_perception/hook/pythonscriptspath.ps1'
[12.698s] INFO:colcon.colcon_core.shell:Creating environment descriptor '/workspaces/Qcar/install/v2x_opencv_perception/share/v2x_opencv_perception/hook/pythonscriptspath.dsv'
[12.699s] INFO:colcon.colcon_core.shell:Creating environment hook '/workspaces/Qcar/install/v2x_opencv_perception/share/v2x_opencv_perception/hook/pythonscriptspath.sh'
[12.702s] Level 1:colcon.colcon_core.environment:create_environment_scripts_only(v2x_opencv_perception)
[12.702s] INFO:colcon.colcon_core.shell:Creating package script '/workspaces/Qcar/install/v2x_opencv_perception/share/v2x_opencv_perception/package.ps1'
[12.704s] INFO:colcon.colcon_core.shell:Creating package descriptor '/workspaces/Qcar/install/v2x_opencv_perception/share/v2x_opencv_perception/package.dsv'
[12.707s] INFO:colcon.colcon_core.shell:Creating package script '/workspaces/Qcar/install/v2x_opencv_perception/share/v2x_opencv_perception/package.sh'
[12.710s] INFO:colcon.colcon_core.shell:Creating package script '/workspaces/Qcar/install/v2x_opencv_perception/share/v2x_opencv_perception/package.bash'
[12.711s] INFO:colcon.colcon_core.shell:Creating package script '/workspaces/Qcar/install/v2x_opencv_perception/share/v2x_opencv_perception/package.zsh'
[12.711s] Level 1:colcon.colcon_core.environment:create_file_with_runtime_dependencies(/workspaces/Qcar/install/v2x_opencv_perception/share/colcon-core/packages/v2x_opencv_perception)
[12.714s] INFO:colcon.colcon_ros.task.ament_python.build:Building ROS package in '/workspaces/Qcar/src/v2x_custom_stack' with build type 'ament_python'
[12.715s] Level 1:colcon.colcon_core.shell:create_environment_hook('v2x_custom_stack', 'ament_prefix_path')
[12.715s] INFO:colcon.colcon_core.shell:Creating environment hook '/workspaces/Qcar/install/v2x_custom_stack/share/v2x_custom_stack/hook/ament_prefix_path.ps1'
[12.718s] INFO:colcon.colcon_core.shell:Creating environment descriptor '/workspaces/Qcar/install/v2x_custom_stack/share/v2x_custom_stack/hook/ament_prefix_path.dsv'
[12.719s] INFO:colcon.colcon_core.shell:Creating environment hook '/workspaces/Qcar/install/v2x_custom_stack/share/v2x_custom_stack/hook/ament_prefix_path.sh'
[12.720s] INFO:colcon.colcon_core.shell:Skip shell extension 'powershell' for command environment: Not usable outside of PowerShell
[12.720s] DEBUG:colcon.colcon_core.shell:Skip shell extension 'dsv' for command environment
[13.414s] INFO:colcon.colcon_core.task.python.build:Building Python package in '/workspaces/Qcar/src/v2x_custom_stack'
[13.414s] INFO:colcon.colcon_core.shell:Skip shell extension 'powershell' for command environment: Not usable outside of PowerShell
[13.415s] DEBUG:colcon.colcon_core.shell:Skip shell extension 'dsv' for command environment
[14.483s] DEBUG:colcon.colcon_core.task.python.build:Available setuptools commands: bdist_wheel, easy_install, build_py, compile_catalog, symlink_data, saveopts, install_data, setopt, alias, build_clib, bdist_rpm, install_scripts, build_scripts, install, develop, editable_wheel, egg_info, bdist_dumb, install_lib, install_headers, clean, init_catalog, update_catalog, check, rotate, build_ext, build, bdist_egg, sdist, bdist, extract_messages, dist_info, install_egg_info
[15.443s] DEBUG:colcon.colcon_core.task.python.build:Available setuptools 'develop' options: --verbose, --quiet, --install-dir, --user, --no-deps, --no-user-cfg, --help, --index-url, --prefix
[15.443s] INFO:colcon.colcon_core.task.python.build:No '--editable' capability in setuptools, falling back to full install
[15.447s] DEBUG:colcon.colcon_core.event_handler.log_command:Invoking command in '/workspaces/Qcar/src/v2x_custom_stack': AMENT_PREFIX_PATH=/workspaces/Qcar/install/qcar2_description:${AMENT_PREFIX_PATH} CMAKE_PREFIX_PATH=/workspaces/Qcar/install/qcar2_description DEBUGINFOD_URLS=https://debuginfod.ubuntu.com PYTHONPATH=/workspaces/Qcar/build/v2x_custom_stack/prefix_override:/usr/lib/python3/dist-packages/colcon_core/task/python/colcon_distutils_commands:/workspaces/Qcar/install/v2x_custom_stack/lib/python3.12/site-packages:${PYTHONPATH} /usr/bin/python3 -W ignore:setup.py install is deprecated -W ignore:easy_install command is deprecated setup.py egg_info --egg-base ../../build/v2x_custom_stack build --build-base /workspaces/Qcar/build/v2x_custom_stack/build install --record /workspaces/Qcar/build/v2x_custom_stack/install.log --install-scripts $base/lib/v2x_custom_stack --single-version-externally-managed install_data
[17.564s] Level 1:colcon.colcon_core.environment:checking '/workspaces/Qcar/install/v2x_custom_stack' for CMake module files
[17.567s] Level 1:colcon.colcon_core.environment:checking '/workspaces/Qcar/install/v2x_custom_stack' for CMake config files
[17.569s] Level 1:colcon.colcon_core.environment:checking '/workspaces/Qcar/install/v2x_custom_stack/lib'
[17.566s] DEBUG:colcon.colcon_core.event_handler.log_command:Invoked command in '/workspaces/Qcar/src/v2x_custom_stack' returned '0': AMENT_PREFIX_PATH=/workspaces/Qcar/install/qcar2_description:${AMENT_PREFIX_PATH} CMAKE_PREFIX_PATH=/workspaces/Qcar/install/qcar2_description DEBUGINFOD_URLS=https://debuginfod.ubuntu.com PYTHONPATH=/workspaces/Qcar/build/v2x_custom_stack/prefix_override:/usr/lib/python3/dist-packages/colcon_core/task/python/colcon_distutils_commands:/workspaces/Qcar/install/v2x_custom_stack/lib/python3.12/site-packages:${PYTHONPATH} /usr/bin/python3 -W ignore:setup.py install is deprecated -W ignore:easy_install command is deprecated setup.py egg_info --egg-base ../../build/v2x_custom_stack build --build-base /workspaces/Qcar/build/v2x_custom_stack/build install --record /workspaces/Qcar/build/v2x_custom_stack/install.log --install-scripts $base/lib/v2x_custom_stack --single-version-externally-managed install_data
[17.570s] Level 1:colcon.colcon_core.environment:checking '/workspaces/Qcar/install/v2x_custom_stack/bin'
[17.570s] Level 1:colcon.colcon_core.environment:checking '/workspaces/Qcar/install/v2x_custom_stack/lib/pkgconfig/v2x_custom_stack.pc'
[17.570s] Level 1:colcon.colcon_core.environment:checking '/workspaces/Qcar/install/v2x_custom_stack/lib/python3.12/site-packages'
[17.572s] Level 1:colcon.colcon_core.shell:create_environment_hook('v2x_custom_stack', 'pythonpath')
[17.572s] INFO:colcon.colcon_core.shell:Creating environment hook '/workspaces/Qcar/install/v2x_custom_stack/share/v2x_custom_stack/hook/pythonpath.ps1'
[17.575s] INFO:colcon.colcon_core.shell:Creating environment descriptor '/workspaces/Qcar/install/v2x_custom_stack/share/v2x_custom_stack/hook/pythonpath.dsv'
[17.576s] INFO:colcon.colcon_core.shell:Creating environment hook '/workspaces/Qcar/install/v2x_custom_stack/share/v2x_custom_stack/hook/pythonpath.sh'
[17.579s] Level 1:colcon.colcon_core.environment:checking '/workspaces/Qcar/install/v2x_custom_stack/bin'
[17.579s] Level 1:colcon.colcon_core.environment:create_environment_scripts_only(v2x_custom_stack)
[17.580s] INFO:colcon.colcon_core.shell:Creating package script '/workspaces/Qcar/install/v2x_custom_stack/share/v2x_custom_stack/package.ps1'
[17.581s] INFO:colcon.colcon_core.shell:Creating package descriptor '/workspaces/Qcar/install/v2x_custom_stack/share/v2x_custom_stack/package.dsv'
[17.584s] INFO:colcon.colcon_core.shell:Creating package script '/workspaces/Qcar/install/v2x_custom_stack/share/v2x_custom_stack/package.sh'
[17.585s] INFO:colcon.colcon_core.shell:Creating package script '/workspaces/Qcar/install/v2x_custom_stack/share/v2x_custom_stack/package.bash'
[17.587s] INFO:colcon.colcon_core.shell:Creating package script '/workspaces/Qcar/install/v2x_custom_stack/share/v2x_custom_stack/package.zsh'
[17.589s] Level 1:colcon.colcon_core.environment:create_file_with_runtime_dependencies(/workspaces/Qcar/install/v2x_custom_stack/share/colcon-core/packages/v2x_custom_stack)
[24.535s] DEBUG:colcon.colcon_core.event_handler.log_command:Invoked command in '/workspaces/Qcar/build/v2x_emergency' returned '0': CMAKE_PREFIX_PATH=/opt/ros/jazzy DEBUGINFOD_URLS=https://debuginfod.ubuntu.com /usr/bin/cmake --build /workspaces/Qcar/build/v2x_emergency -- -j2 -l2
[24.537s] DEBUG:colcon.colcon_core.event_handler.log_command:Invoking command in '/workspaces/Qcar/build/v2x_emergency': CMAKE_PREFIX_PATH=/opt/ros/jazzy DEBUGINFOD_URLS=https://debuginfod.ubuntu.com /usr/bin/cmake --install /workspaces/Qcar/build/v2x_emergency
[25.591s] Level 1:colcon.colcon_core.environment:create_environment_scripts_only(v2x_emergency)
[25.591s] Level 1:colcon.colcon_core.environment:checking '/workspaces/Qcar/install/v2x_emergency' for CMake module files
[25.592s] DEBUG:colcon.colcon_core.event_handler.log_command:Invoked command in '/workspaces/Qcar/build/v2x_emergency' returned '0': CMAKE_PREFIX_PATH=/opt/ros/jazzy DEBUGINFOD_URLS=https://debuginfod.ubuntu.com /usr/bin/cmake --install /workspaces/Qcar/build/v2x_emergency
[25.593s] Level 1:colcon.colcon_core.environment:checking '/workspaces/Qcar/install/v2x_emergency' for CMake config files
[25.593s] Level 1:colcon.colcon_core.shell:create_environment_hook('v2x_emergency', 'cmake_prefix_path')
[25.594s] INFO:colcon.colcon_core.shell:Creating environment hook '/workspaces/Qcar/install/v2x_emergency/share/v2x_emergency/hook/cmake_prefix_path.ps1'
[25.594s] INFO:colcon.colcon_core.shell:Creating environment descriptor '/workspaces/Qcar/install/v2x_emergency/share/v2x_emergency/hook/cmake_prefix_path.dsv'
[25.595s] INFO:colcon.colcon_core.shell:Creating environment hook '/workspaces/Qcar/install/v2x_emergency/share/v2x_emergency/hook/cmake_prefix_path.sh'
[25.595s] Level 1:colcon.colcon_core.environment:checking '/workspaces/Qcar/install/v2x_emergency/lib'
[25.596s] Level 1:colcon.colcon_core.shell:create_environment_hook('v2x_emergency', 'ld_library_path_lib')
[25.596s] INFO:colcon.colcon_core.shell:Creating environment hook '/workspaces/Qcar/install/v2x_emergency/share/v2x_emergency/hook/ld_library_path_lib.ps1'
[25.596s] INFO:colcon.colcon_core.shell:Creating environment descriptor '/workspaces/Qcar/install/v2x_emergency/share/v2x_emergency/hook/ld_library_path_lib.dsv'
[25.597s] INFO:colcon.colcon_core.shell:Creating environment hook '/workspaces/Qcar/install/v2x_emergency/share/v2x_emergency/hook/ld_library_path_lib.sh'
[25.597s] Level 1:colcon.colcon_core.environment:checking '/workspaces/Qcar/install/v2x_emergency/bin'
[25.597s] Level 1:colcon.colcon_core.environment:checking '/workspaces/Qcar/install/v2x_emergency/lib/pkgconfig/v2x_emergency.pc'
[25.597s] Level 1:colcon.colcon_core.environment:checking '/workspaces/Qcar/install/v2x_emergency/lib/python3.12/site-packages'
[25.598s] Level 1:colcon.colcon_core.shell:create_environment_hook('v2x_emergency', 'pythonpath')
[25.598s] INFO:colcon.colcon_core.shell:Creating environment hook '/workspaces/Qcar/install/v2x_emergency/share/v2x_emergency/hook/pythonpath.ps1'
[25.598s] INFO:colcon.colcon_core.shell:Creating environment descriptor '/workspaces/Qcar/install/v2x_emergency/share/v2x_emergency/hook/pythonpath.dsv'
[25.599s] INFO:colcon.colcon_core.shell:Creating environment hook '/workspaces/Qcar/install/v2x_emergency/share/v2x_emergency/hook/pythonpath.sh'
[25.599s] Level 1:colcon.colcon_core.environment:checking '/workspaces/Qcar/install/v2x_emergency/bin'
[25.600s] INFO:colcon.colcon_core.shell:Creating package script '/workspaces/Qcar/install/v2x_emergency/share/v2x_emergency/package.ps1'
[25.601s] INFO:colcon.colcon_core.shell:Creating package descriptor '/workspaces/Qcar/install/v2x_emergency/share/v2x_emergency/package.dsv'
[25.601s] INFO:colcon.colcon_core.shell:Creating package script '/workspaces/Qcar/install/v2x_emergency/share/v2x_emergency/package.sh'
[25.602s] INFO:colcon.colcon_core.shell:Creating package script '/workspaces/Qcar/install/v2x_emergency/share/v2x_emergency/package.bash'
[25.603s] INFO:colcon.colcon_core.shell:Creating package script '/workspaces/Qcar/install/v2x_emergency/share/v2x_emergency/package.zsh'
[25.603s] Level 1:colcon.colcon_core.environment:create_file_with_runtime_dependencies(/workspaces/Qcar/install/v2x_emergency/share/colcon-core/packages/v2x_emergency)
[25.604s] Level 1:colcon.colcon_core.environment:create_environment_scripts_only(v2x_emergency)
[25.604s] Level 1:colcon.colcon_core.environment:checking '/workspaces/Qcar/install/v2x_emergency' for CMake module files
[25.605s] Level 1:colcon.colcon_core.environment:checking '/workspaces/Qcar/install/v2x_emergency' for CMake config files
[25.606s] Level 1:colcon.colcon_core.shell:create_environment_hook('v2x_emergency', 'cmake_prefix_path')
[25.606s] INFO:colcon.colcon_core.shell:Creating environment hook '/workspaces/Qcar/install/v2x_emergency/share/v2x_emergency/hook/cmake_prefix_path.ps1'
[25.607s] INFO:colcon.colcon_core.shell:Creating environment descriptor '/workspaces/Qcar/install/v2x_emergency/share/v2x_emergency/hook/cmake_prefix_path.dsv'
[25.607s] INFO:colcon.colcon_core.shell:Creating environment hook '/workspaces/Qcar/install/v2x_emergency/share/v2x_emergency/hook/cmake_prefix_path.sh'
[25.608s] Level 1:colcon.colcon_core.environment:checking '/workspaces/Qcar/install/v2x_emergency/lib'
[25.609s] Level 1:colcon.colcon_core.shell:create_environment_hook('v2x_emergency', 'ld_library_path_lib')
[25.609s] INFO:colcon.colcon_core.shell:Creating environment hook '/workspaces/Qcar/install/v2x_emergency/share/v2x_emergency/hook/ld_library_path_lib.ps1'
[25.609s] INFO:colcon.colcon_core.shell:Creating environment descriptor '/workspaces/Qcar/install/v2x_emergency/share/v2x_emergency/hook/ld_library_path_lib.dsv'
[25.610s] INFO:colcon.colcon_core.shell:Creating environment hook '/workspaces/Qcar/install/v2x_emergency/share/v2x_emergency/hook/ld_library_path_lib.sh'
[25.610s] Level 1:colcon.colcon_core.environment:checking '/workspaces/Qcar/install/v2x_emergency/bin'
[25.610s] Level 1:colcon.colcon_core.environment:checking '/workspaces/Qcar/install/v2x_emergency/lib/pkgconfig/v2x_emergency.pc'
[25.611s] Level 1:colcon.colcon_core.environment:checking '/workspaces/Qcar/install/v2x_emergency/lib/python3.12/site-packages'
[25.611s] Level 1:colcon.colcon_core.shell:create_environment_hook('v2x_emergency', 'pythonpath')
[25.611s] INFO:colcon.colcon_core.shell:Creating environment hook '/workspaces/Qcar/install/v2x_emergency/share/v2x_emergency/hook/pythonpath.ps1'
[25.611s] INFO:colcon.colcon_core.shell:Creating environment descriptor '/workspaces/Qcar/install/v2x_emergency/share/v2x_emergency/hook/pythonpath.dsv'
[25.612s] INFO:colcon.colcon_core.shell:Creating environment hook '/workspaces/Qcar/install/v2x_emergency/share/v2x_emergency/hook/pythonpath.sh'
[25.613s] Level 1:colcon.colcon_core.environment:checking '/workspaces/Qcar/install/v2x_emergency/bin'
[25.613s] INFO:colcon.colcon_core.shell:Creating package script '/workspaces/Qcar/install/v2x_emergency/share/v2x_emergency/package.ps1'
[25.614s] INFO:colcon.colcon_core.shell:Creating package descriptor '/workspaces/Qcar/install/v2x_emergency/share/v2x_emergency/package.dsv'
[25.615s] INFO:colcon.colcon_core.shell:Creating package script '/workspaces/Qcar/install/v2x_emergency/share/v2x_emergency/package.sh'
[25.615s] INFO:colcon.colcon_core.shell:Creating package script '/workspaces/Qcar/install/v2x_emergency/share/v2x_emergency/package.bash'
[25.616s] INFO:colcon.colcon_core.shell:Creating package script '/workspaces/Qcar/install/v2x_emergency/share/v2x_emergency/package.zsh'
[25.616s] Level 1:colcon.colcon_core.environment:create_file_with_runtime_dependencies(/workspaces/Qcar/install/v2x_emergency/share/colcon-core/packages/v2x_emergency)
[25.617s] INFO:colcon.colcon_ros.task.ament_python.build:Building ROS package in '/workspaces/Qcar/src/v2x_system_integration' with build type 'ament_python'
[25.617s] Level 1:colcon.colcon_core.shell:create_environment_hook('v2x_system_integration', 'ament_prefix_path')
[25.617s] INFO:colcon.colcon_core.shell:Creating environment hook '/workspaces/Qcar/install/v2x_system_integration/share/v2x_system_integration/hook/ament_prefix_path.ps1'
[25.618s] INFO:colcon.colcon_core.shell:Creating environment descriptor '/workspaces/Qcar/install/v2x_system_integration/share/v2x_system_integration/hook/ament_prefix_path.dsv'
[25.619s] INFO:colcon.colcon_core.shell:Creating environment hook '/workspaces/Qcar/install/v2x_system_integration/share/v2x_system_integration/hook/ament_prefix_path.sh'
[25.620s] INFO:colcon.colcon_core.shell:Skip shell extension 'powershell' for command environment: Not usable outside of PowerShell
[25.620s] DEBUG:colcon.colcon_core.shell:Skip shell extension 'dsv' for command environment
[25.911s] INFO:colcon.colcon_core.task.python.build:Building Python package in '/workspaces/Qcar/src/v2x_system_integration'
[25.911s] INFO:colcon.colcon_core.shell:Skip shell extension 'powershell' for command environment: Not usable outside of PowerShell
[25.911s] DEBUG:colcon.colcon_core.shell:Skip shell extension 'dsv' for command environment
[26.357s] DEBUG:colcon.colcon_core.task.python.build:Available setuptools commands: bdist_wheel, easy_install, build_py, compile_catalog, symlink_data, saveopts, install_data, setopt, alias, build_clib, bdist_rpm, install_scripts, build_scripts, install, develop, editable_wheel, egg_info, bdist_dumb, install_lib, install_headers, clean, init_catalog, update_catalog, check, rotate, build_ext, build, bdist_egg, sdist, bdist, extract_messages, dist_info, install_egg_info
[26.619s] DEBUG:colcon.colcon_core.task.python.build:Available setuptools 'develop' options: --verbose, --quiet, --install-dir, --user, --no-deps, --no-user-cfg, --help, --index-url, --prefix
[26.619s] INFO:colcon.colcon_core.task.python.build:No '--editable' capability in setuptools, falling back to full install
[26.623s] DEBUG:colcon.colcon_core.event_handler.log_command:Invoking command in '/workspaces/Qcar/src/v2x_system_integration': AMENT_PREFIX_PATH=/workspaces/Qcar/install/v2x_opencv_perception:/workspaces/Qcar/install/v2x_nav2_sim:/workspaces/Qcar/install/v2x_mppi_lane_avoidance:/workspaces/Qcar/install/v2x_emergency:/workspaces/Qcar/install/emergency_priority:${AMENT_PREFIX_PATH} CMAKE_PREFIX_PATH=/workspaces/Qcar/install/v2x_emergency DEBUGINFOD_URLS=https://debuginfod.ubuntu.com LD_LIBRARY_PATH=/workspaces/Qcar/install/v2x_emergency/lib:${LD_LIBRARY_PATH} PATH=/workspaces/Qcar/install/v2x_opencv_perception/bin:/workspaces/Qcar/install/v2x_mppi_lane_avoidance/bin:${PATH} PYTHONPATH=/workspaces/Qcar/build/v2x_system_integration/prefix_override:/usr/lib/python3/dist-packages/colcon_core/task/python/colcon_distutils_commands:/workspaces/Qcar/install/v2x_system_integration/lib/python3.12/site-packages:/workspaces/Qcar/install/v2x_opencv_perception/lib/python3.12/site-packages:/workspaces/Qcar/install/v2x_nav2_sim/lib/python3.12/site-packages:/workspaces/Qcar/install/v2x_mppi_lane_avoidance/lib/python3.12/site-packages:/workspaces/Qcar/install/v2x_emergency/lib/python3.12/site-packages:/workspaces/Qcar/install/emergency_priority/lib/python3.12/site-packages:${PYTHONPATH} /usr/bin/python3 -W ignore:setup.py install is deprecated -W ignore:easy_install command is deprecated setup.py egg_info --egg-base ../../build/v2x_system_integration build --build-base /workspaces/Qcar/build/v2x_system_integration/build install --record /workspaces/Qcar/build/v2x_system_integration/install.log --single-version-externally-managed install_data
[27.104s] Level 1:colcon.colcon_core.environment:checking '/workspaces/Qcar/install/v2x_system_integration' for CMake module files
[27.105s] DEBUG:colcon.colcon_core.event_handler.log_command:Invoked command in '/workspaces/Qcar/src/v2x_system_integration' returned '0': AMENT_PREFIX_PATH=/workspaces/Qcar/install/v2x_opencv_perception:/workspaces/Qcar/install/v2x_nav2_sim:/workspaces/Qcar/install/v2x_mppi_lane_avoidance:/workspaces/Qcar/install/v2x_emergency:/workspaces/Qcar/install/emergency_priority:${AMENT_PREFIX_PATH} CMAKE_PREFIX_PATH=/workspaces/Qcar/install/v2x_emergency DEBUGINFOD_URLS=https://debuginfod.ubuntu.com LD_LIBRARY_PATH=/workspaces/Qcar/install/v2x_emergency/lib:${LD_LIBRARY_PATH} PATH=/workspaces/Qcar/install/v2x_opencv_perception/bin:/workspaces/Qcar/install/v2x_mppi_lane_avoidance/bin:${PATH} PYTHONPATH=/workspaces/Qcar/build/v2x_system_integration/prefix_override:/usr/lib/python3/dist-packages/colcon_core/task/python/colcon_distutils_commands:/workspaces/Qcar/install/v2x_system_integration/lib/python3.12/site-packages:/workspaces/Qcar/install/v2x_opencv_perception/lib/python3.12/site-packages:/workspaces/Qcar/install/v2x_nav2_sim/lib/python3.12/site-packages:/workspaces/Qcar/install/v2x_mppi_lane_avoidance/lib/python3.12/site-packages:/workspaces/Qcar/install/v2x_emergency/lib/python3.12/site-packages:/workspaces/Qcar/install/emergency_priority/lib/python3.12/site-packages:${PYTHONPATH} /usr/bin/python3 -W ignore:setup.py install is deprecated -W ignore:easy_install command is deprecated setup.py egg_info --egg-base ../../build/v2x_system_integration build --build-base /workspaces/Qcar/build/v2x_system_integration/build install --record /workspaces/Qcar/build/v2x_system_integration/install.log --single-version-externally-managed install_data
[27.106s] Level 1:colcon.colcon_core.environment:checking '/workspaces/Qcar/install/v2x_system_integration' for CMake config files
[27.106s] Level 1:colcon.colcon_core.environment:checking '/workspaces/Qcar/install/v2x_system_integration/lib'
[27.107s] Level 1:colcon.colcon_core.environment:checking '/workspaces/Qcar/install/v2x_system_integration/bin'
[27.107s] Level 1:colcon.colcon_core.environment:checking '/workspaces/Qcar/install/v2x_system_integration/lib/pkgconfig/v2x_system_integration.pc'
[27.107s] Level 1:colcon.colcon_core.environment:checking '/workspaces/Qcar/install/v2x_system_integration/lib/python3.12/site-packages'
[27.107s] Level 1:colcon.colcon_core.shell:create_environment_hook('v2x_system_integration', 'pythonpath')
[27.107s] INFO:colcon.colcon_core.shell:Creating environment hook '/workspaces/Qcar/install/v2x_system_integration/share/v2x_system_integration/hook/pythonpath.ps1'
[27.108s] INFO:colcon.colcon_core.shell:Creating environment descriptor '/workspaces/Qcar/install/v2x_system_integration/share/v2x_system_integration/hook/pythonpath.dsv'
[27.109s] INFO:colcon.colcon_core.shell:Creating environment hook '/workspaces/Qcar/install/v2x_system_integration/share/v2x_system_integration/hook/pythonpath.sh'
[27.110s] Level 1:colcon.colcon_core.environment:checking '/workspaces/Qcar/install/v2x_system_integration/bin'
[27.110s] Level 1:colcon.colcon_core.environment:create_environment_scripts_only(v2x_system_integration)
[27.110s] INFO:colcon.colcon_core.shell:Creating package script '/workspaces/Qcar/install/v2x_system_integration/share/v2x_system_integration/package.ps1'
[27.111s] INFO:colcon.colcon_core.shell:Creating package descriptor '/workspaces/Qcar/install/v2x_system_integration/share/v2x_system_integration/package.dsv'
[27.112s] INFO:colcon.colcon_core.shell:Creating package script '/workspaces/Qcar/install/v2x_system_integration/share/v2x_system_integration/package.sh'
[27.113s] INFO:colcon.colcon_core.shell:Creating package script '/workspaces/Qcar/install/v2x_system_integration/share/v2x_system_integration/package.bash'
[27.114s] INFO:colcon.colcon_core.shell:Creating package script '/workspaces/Qcar/install/v2x_system_integration/share/v2x_system_integration/package.zsh'
[27.114s] Level 1:colcon.colcon_core.environment:create_file_with_runtime_dependencies(/workspaces/Qcar/install/v2x_system_integration/share/colcon-core/packages/v2x_system_integration)
[27.115s] DEBUG:colcon.colcon_parallel_executor.executor.parallel:closing loop
[27.115s] DEBUG:colcon.colcon_parallel_executor.executor.parallel:loop closed
[27.115s] DEBUG:colcon.colcon_parallel_executor.executor.parallel:run_until_complete finished with '0'
[27.115s] DEBUG:colcon.colcon_core.event_reactor:joining thread
[27.121s] INFO:colcon.colcon_core.plugin_system:Skipping extension 'colcon_notification.desktop_notification.notify_send': Could not find 'notify-send'
[27.121s] INFO:colcon.colcon_core.plugin_system:Skipping extension 'colcon_notification.desktop_notification.terminal_notifier': Not used on non-Darwin systems
[27.121s] INFO:colcon.colcon_core.plugin_system:Skipping extension 'colcon_notification.desktop_notification.win32': Not used on non-Windows systems
[27.121s] INFO:colcon.colcon_notification.desktop_notification:Sending desktop notification using 'notify2'
[27.121s] DEBUG:colcon.colcon_notification.desktop_notification.notify2:Failed to initialize notify2: org.freedesktop.DBus.Error.NotSupported: Unable to autolaunch a dbus-daemon without a $DISPLAY for X11
[27.121s] DEBUG:colcon.colcon_core.event_reactor:joined thread
[27.121s] INFO:colcon.colcon_core.shell:Creating prefix script '/workspaces/Qcar/install/local_setup.ps1'
[27.123s] INFO:colcon.colcon_core.shell:Creating prefix util module '/workspaces/Qcar/install/_local_setup_util_ps1.py'
[27.125s] INFO:colcon.colcon_core.shell:Creating prefix chain script '/workspaces/Qcar/install/setup.ps1'
[27.126s] INFO:colcon.colcon_core.shell:Creating prefix script '/workspaces/Qcar/install/local_setup.sh'
[27.126s] INFO:colcon.colcon_core.shell:Creating prefix util module '/workspaces/Qcar/install/_local_setup_util_sh.py'
[27.127s] INFO:colcon.colcon_core.shell:Creating prefix chain script '/workspaces/Qcar/install/setup.sh'
[27.128s] INFO:colcon.colcon_core.shell:Creating prefix script '/workspaces/Qcar/install/local_setup.bash'
[27.129s] INFO:colcon.colcon_core.shell:Creating prefix chain script '/workspaces/Qcar/install/setup.bash'
[27.130s] INFO:colcon.colcon_core.shell:Creating prefix script '/workspaces/Qcar/install/local_setup.zsh'
[27.131s] INFO:colcon.colcon_core.shell:Creating prefix chain script '/workspaces/Qcar/install/setup.zsh'
