[2.731s] Invoking command in '/workspaces/Qcar/src/v2x_custom_stack': AMENT_PREFIX_PATH=/workspaces/Qcar/install/qcar2_description:${AMENT_PREFIX_PATH} CMAKE_PREFIX_PATH=/workspaces/Qcar/install/qcar2_description DEBUGINFOD_URLS=https://debuginfod.ubuntu.com PYTHONPATH=/workspaces/Qcar/build/v2x_custom_stack/prefix_override:/usr/lib/python3/dist-packages/colcon_core/task/python/colcon_distutils_commands:/workspaces/Qcar/install/v2x_custom_stack/lib/python3.12/site-packages:${PYTHONPATH} /usr/bin/python3 -W ignore:setup.py install is deprecated -W ignore:easy_install command is deprecated setup.py egg_info --egg-base ../../build/v2x_custom_stack build --build-base /workspaces/Qcar/build/v2x_custom_stack/build install --record /workspaces/Qcar/build/v2x_custom_stack/install.log --install-scripts $base/lib/v2x_custom_stack --single-version-externally-managed install_data
[3.673s] running egg_info
[3.744s] creating ../../build/v2x_custom_stack/v2x_custom_stack.egg-info
[3.745s] writing ../../build/v2x_custom_stack/v2x_custom_stack.egg-info/PKG-INFO
[3.746s] writing dependency_links to ../../build/v2x_custom_stack/v2x_custom_stack.egg-info/dependency_links.txt
[3.746s] writing entry points to ../../build/v2x_custom_stack/v2x_custom_stack.egg-info/entry_points.txt
[3.747s] writing requirements to ../../build/v2x_custom_stack/v2x_custom_stack.egg-info/requires.txt
[3.747s] writing top-level names to ../../build/v2x_custom_stack/v2x_custom_stack.egg-info/top_level.txt
[3.748s] writing manifest file '../../build/v2x_custom_stack/v2x_custom_stack.egg-info/SOURCES.txt'
[4.036s] reading manifest file '../../build/v2x_custom_stack/v2x_custom_stack.egg-info/SOURCES.txt'
[4.040s] writing manifest file '../../build/v2x_custom_stack/v2x_custom_stack.egg-info/SOURCES.txt'
[4.046s] running build
[4.046s] running build_py
[4.046s] creating /workspaces/Qcar/build/v2x_custom_stack/build/lib/v2x_custom_stack
[4.046s] copying v2x_custom_stack/common.py -> /workspaces/Qcar/build/v2x_custom_stack/build/lib/v2x_custom_stack
[4.046s] copying v2x_custom_stack/custom_costmap_node.py -> /workspaces/Qcar/build/v2x_custom_stack/build/lib/v2x_custom_stack
[4.049s] copying v2x_custom_stack/__init__.py -> /workspaces/Qcar/build/v2x_custom_stack/build/lib/v2x_custom_stack
[4.050s] copying v2x_custom_stack/polynomial_smoother_node.py -> /workspaces/Qcar/build/v2x_custom_stack/build/lib/v2x_custom_stack
[4.050s] copying v2x_custom_stack/traffic_light_gate_node.py -> /workspaces/Qcar/build/v2x_custom_stack/build/lib/v2x_custom_stack
[4.050s] copying v2x_custom_stack/custom_path_planner_node.py -> /workspaces/Qcar/build/v2x_custom_stack/build/lib/v2x_custom_stack
[4.055s] running install
[4.089s] running install_lib
[4.211s] creating /workspaces/Qcar/install/v2x_custom_stack/lib/python3.12/site-packages/v2x_custom_stack
[4.212s] copying /workspaces/Qcar/build/v2x_custom_stack/build/lib/v2x_custom_stack/common.py -> /workspaces/Qcar/install/v2x_custom_stack/lib/python3.12/site-packages/v2x_custom_stack
[4.212s] copying /workspaces/Qcar/build/v2x_custom_stack/build/lib/v2x_custom_stack/custom_costmap_node.py -> /workspaces/Qcar/install/v2x_custom_stack/lib/python3.12/site-packages/v2x_custom_stack
[4.214s] copying /workspaces/Qcar/build/v2x_custom_stack/build/lib/v2x_custom_stack/__init__.py -> /workspaces/Qcar/install/v2x_custom_stack/lib/python3.12/site-packages/v2x_custom_stack
[4.214s] copying /workspaces/Qcar/build/v2x_custom_stack/build/lib/v2x_custom_stack/polynomial_smoother_node.py -> /workspaces/Qcar/install/v2x_custom_stack/lib/python3.12/site-packages/v2x_custom_stack
[4.215s] copying /workspaces/Qcar/build/v2x_custom_stack/build/lib/v2x_custom_stack/traffic_light_gate_node.py -> /workspaces/Qcar/install/v2x_custom_stack/lib/python3.12/site-packages/v2x_custom_stack
[4.221s] copying /workspaces/Qcar/build/v2x_custom_stack/build/lib/v2x_custom_stack/custom_path_planner_node.py -> /workspaces/Qcar/install/v2x_custom_stack/lib/python3.12/site-packages/v2x_custom_stack
[4.221s] byte-compiling /workspaces/Qcar/install/v2x_custom_stack/lib/python3.12/site-packages/v2x_custom_stack/common.py to common.cpython-312.pyc
[4.227s] byte-compiling /workspaces/Qcar/install/v2x_custom_stack/lib/python3.12/site-packages/v2x_custom_stack/custom_costmap_node.py to custom_costmap_node.cpython-312.pyc
[4.228s] byte-compiling /workspaces/Qcar/install/v2x_custom_stack/lib/python3.12/site-packages/v2x_custom_stack/__init__.py to __init__.cpython-312.pyc
[4.230s] byte-compiling /workspaces/Qcar/install/v2x_custom_stack/lib/python3.12/site-packages/v2x_custom_stack/polynomial_smoother_node.py to polynomial_smoother_node.cpython-312.pyc
[4.237s] byte-compiling /workspaces/Qcar/install/v2x_custom_stack/lib/python3.12/site-packages/v2x_custom_stack/traffic_light_gate_node.py to traffic_light_gate_node.cpython-312.pyc
[4.241s] byte-compiling /workspaces/Qcar/install/v2x_custom_stack/lib/python3.12/site-packages/v2x_custom_stack/custom_path_planner_node.py to custom_path_planner_node.cpython-312.pyc
[4.246s] running install_data
[4.250s] creating /workspaces/Qcar/install/v2x_custom_stack/share/ament_index/resource_index/packages
[4.250s] copying resource/v2x_custom_stack -> /workspaces/Qcar/install/v2x_custom_stack/share/ament_index/resource_index/packages
[4.252s] copying package.xml -> /workspaces/Qcar/install/v2x_custom_stack/share/v2x_custom_stack
[4.252s] creating /workspaces/Qcar/install/v2x_custom_stack/share/v2x_custom_stack/launch
[4.255s] copying launch/spawn_qcar_planb.launch.py -> /workspaces/Qcar/install/v2x_custom_stack/share/v2x_custom_stack/launch
[4.258s] copying launch/qcar_planb_bridge.launch.py -> /workspaces/Qcar/install/v2x_custom_stack/share/v2x_custom_stack/launch
[4.259s] copying launch/plan_b_qcar2_full_gazebo.launch.py -> /workspaces/Qcar/install/v2x_custom_stack/share/v2x_custom_stack/launch
[4.263s] copying launch/plan_b_with_gazebo.launch.py -> /workspaces/Qcar/install/v2x_custom_stack/share/v2x_custom_stack/launch
[4.263s] copying launch/plan_b_qcar_world.launch.py -> /workspaces/Qcar/install/v2x_custom_stack/share/v2x_custom_stack/launch
[4.263s] copying launch/plan_b_attach_to_running_gazebo.launch.py -> /workspaces/Qcar/install/v2x_custom_stack/share/v2x_custom_stack/launch
[4.266s] copying launch/plan_b_custom_stack.launch.py -> /workspaces/Qcar/install/v2x_custom_stack/share/v2x_custom_stack/launch
[4.266s] copying launch/plan_b_original_gazebo_full.launch.py -> /workspaces/Qcar/install/v2x_custom_stack/share/v2x_custom_stack/launch
[4.267s] copying launch/plan_b_qcar2_nav2_replacement.launch.py -> /workspaces/Qcar/install/v2x_custom_stack/share/v2x_custom_stack/launch
[4.270s] creating /workspaces/Qcar/install/v2x_custom_stack/share/v2x_custom_stack/config
[4.270s] copying config/qcar_planb_ros_gz_bridge.yaml -> /workspaces/Qcar/install/v2x_custom_stack/share/v2x_custom_stack/config
[4.270s] creating /workspaces/Qcar/install/v2x_custom_stack/share/v2x_custom_stack/worlds
[4.271s] copying worlds/qcar2_traffic_light_grid_world.sdf -> /workspaces/Qcar/install/v2x_custom_stack/share/v2x_custom_stack/worlds
[4.271s] copying worlds/simple_grid_world.sdf -> /workspaces/Qcar/install/v2x_custom_stack/share/v2x_custom_stack/worlds
[4.271s] copying worlds/qcar2_eight_shape_road_world.sdf -> /workspaces/Qcar/install/v2x_custom_stack/share/v2x_custom_stack/worlds
[4.274s] copying worlds/traffic_light_grid_world.sdf -> /workspaces/Qcar/install/v2x_custom_stack/share/v2x_custom_stack/worlds
[4.274s] copying worlds/qcar2_simple_grid_world.sdf -> /workspaces/Qcar/install/v2x_custom_stack/share/v2x_custom_stack/worlds
[4.275s] copying worlds/eight_shape_road_world.sdf -> /workspaces/Qcar/install/v2x_custom_stack/share/v2x_custom_stack/worlds
[4.275s] creating /workspaces/Qcar/install/v2x_custom_stack/share/v2x_custom_stack/maps
[4.275s] copying maps/traffic_light_grid_map.pgm -> /workspaces/Qcar/install/v2x_custom_stack/share/v2x_custom_stack/maps
[4.278s] copying maps/simple_grid_map.yaml -> /workspaces/Qcar/install/v2x_custom_stack/share/v2x_custom_stack/maps
[4.278s] copying maps/eight_shape_road_map.pgm -> /workspaces/Qcar/install/v2x_custom_stack/share/v2x_custom_stack/maps
[4.280s] copying maps/traffic_light_grid_map.yaml -> /workspaces/Qcar/install/v2x_custom_stack/share/v2x_custom_stack/maps
[4.280s] copying maps/eight_shape_road_map.yaml -> /workspaces/Qcar/install/v2x_custom_stack/share/v2x_custom_stack/maps
[4.280s] copying maps/simple_grid_map.pgm -> /workspaces/Qcar/install/v2x_custom_stack/share/v2x_custom_stack/maps
[4.283s] creating /workspaces/Qcar/install/v2x_custom_stack/share/v2x_custom_stack/models/qcar_planb
[4.284s] copying models/qcar_planb/model.config -> /workspaces/Qcar/install/v2x_custom_stack/share/v2x_custom_stack/models/qcar_planb
[4.284s] copying models/qcar_planb/model.sdf -> /workspaces/Qcar/install/v2x_custom_stack/share/v2x_custom_stack/models/qcar_planb
[4.287s] running install_egg_info
[4.372s] Copying ../../build/v2x_custom_stack/v2x_custom_stack.egg-info to /workspaces/Qcar/install/v2x_custom_stack/lib/python3.12/site-packages/v2x_custom_stack-0.1.0-py3.12.egg-info
[4.376s] running install_scripts
[4.786s] Installing custom_costmap_node script to /workspaces/Qcar/install/v2x_custom_stack/lib/v2x_custom_stack
[4.787s] Installing custom_path_planner_node script to /workspaces/Qcar/install/v2x_custom_stack/lib/v2x_custom_stack
[4.787s] Installing polynomial_smoother_node script to /workspaces/Qcar/install/v2x_custom_stack/lib/v2x_custom_stack
[4.787s] Installing traffic_light_gate_node script to /workspaces/Qcar/install/v2x_custom_stack/lib/v2x_custom_stack
[4.787s] writing list of installed files to '/workspaces/Qcar/build/v2x_custom_stack/install.log'
[4.850s] Invoked command in '/workspaces/Qcar/src/v2x_custom_stack' returned '0': AMENT_PREFIX_PATH=/workspaces/Qcar/install/qcar2_description:${AMENT_PREFIX_PATH} CMAKE_PREFIX_PATH=/workspaces/Qcar/install/qcar2_description DEBUGINFOD_URLS=https://debuginfod.ubuntu.com PYTHONPATH=/workspaces/Qcar/build/v2x_custom_stack/prefix_override:/usr/lib/python3/dist-packages/colcon_core/task/python/colcon_distutils_commands:/workspaces/Qcar/install/v2x_custom_stack/lib/python3.12/site-packages:${PYTHONPATH} /usr/bin/python3 -W ignore:setup.py install is deprecated -W ignore:easy_install command is deprecated setup.py egg_info --egg-base ../../build/v2x_custom_stack build --build-base /workspaces/Qcar/build/v2x_custom_stack/build install --record /workspaces/Qcar/build/v2x_custom_stack/install.log --install-scripts $base/lib/v2x_custom_stack --single-version-externally-managed install_data
