/workspaces/Qcar/install/v2x_nav2_sim/lib/python3.12/site-packages/v2x_nav2_sim/__init__.py
/workspaces/Qcar/install/v2x_nav2_sim/lib/python3.12/site-packages/v2x_nav2_sim/__pycache__/__init__.cpython-312.pyc
/workspaces/Qcar/install/v2x_nav2_sim/share/ament_index/resource_index/packages/v2x_nav2_sim
/workspaces/Qcar/install/v2x_nav2_sim/share/v2x_nav2_sim/package.xml
/workspaces/Qcar/install/v2x_nav2_sim/share/v2x_nav2_sim/launch/rviz.launch.py
/workspaces/Qcar/install/v2x_nav2_sim/share/v2x_nav2_sim/launch/gazebo_sim.launch.py
/workspaces/Qcar/install/v2x_nav2_sim/share/v2x_nav2_sim/launch/nav2_smac.launch.py
/workspaces/Qcar/install/v2x_nav2_sim/share/v2x_nav2_sim/launch/full_nav2_gazebo.launch.py
/workspaces/Qcar/install/v2x_nav2_sim/share/v2x_nav2_sim/config/ros_gz_bridge.yaml
/workspaces/Qcar/install/v2x_nav2_sim/share/v2x_nav2_sim/config/nav2_smac_params.yaml
/workspaces/Qcar/install/v2x_nav2_sim/share/v2x_nav2_sim/maps/v2x_lab_map.pgm
/workspaces/Qcar/install/v2x_nav2_sim/share/v2x_nav2_sim/maps/v2x_lab_map.yaml
/workspaces/Qcar/install/v2x_nav2_sim/share/v2x_nav2_sim/worlds/v2x_lab_world.sdf
/workspaces/Qcar/install/v2x_nav2_sim/share/v2x_nav2_sim/models/qcar_simple/model.config
/workspaces/Qcar/install/v2x_nav2_sim/share/v2x_nav2_sim/models/qcar_simple/model.sdf
/workspaces/Qcar/install/v2x_nav2_sim/lib/python3.12/site-packages/v2x_nav2_sim-0.1.0-py3.12.egg-info/dependency_links.txt
/workspaces/Qcar/install/v2x_nav2_sim/lib/python3.12/site-packages/v2x_nav2_sim-0.1.0-py3.12.egg-info/zip-safe
/workspaces/Qcar/install/v2x_nav2_sim/lib/python3.12/site-packages/v2x_nav2_sim-0.1.0-py3.12.egg-info/top_level.txt
/workspaces/Qcar/install/v2x_nav2_sim/lib/python3.12/site-packages/v2x_nav2_sim-0.1.0-py3.12.egg-info/SOURCES.txt
/workspaces/Qcar/install/v2x_nav2_sim/lib/python3.12/site-packages/v2x_nav2_sim-0.1.0-py3.12.egg-info/PKG-INFO
/workspaces/Qcar/install/v2x_nav2_sim/lib/python3.12/site-packages/v2x_nav2_sim-0.1.0-py3.12.egg-info/requires.txt
