/workspaces/Qcar/install/v2x_custom_stack/lib/python3.12/site-packages/v2x_custom_stack/common.py
/workspaces/Qcar/install/v2x_custom_stack/lib/python3.12/site-packages/v2x_custom_stack/custom_costmap_node.py
/workspaces/Qcar/install/v2x_custom_stack/lib/python3.12/site-packages/v2x_custom_stack/__init__.py
/workspaces/Qcar/install/v2x_custom_stack/lib/python3.12/site-packages/v2x_custom_stack/polynomial_smoother_node.py
/workspaces/Qcar/install/v2x_custom_stack/lib/python3.12/site-packages/v2x_custom_stack/traffic_light_gate_node.py
/workspaces/Qcar/install/v2x_custom_stack/lib/python3.12/site-packages/v2x_custom_stack/custom_path_planner_node.py
/workspaces/Qcar/install/v2x_custom_stack/lib/python3.12/site-packages/v2x_custom_stack/__pycache__/common.cpython-312.pyc
/workspaces/Qcar/install/v2x_custom_stack/lib/python3.12/site-packages/v2x_custom_stack/__pycache__/custom_costmap_node.cpython-312.pyc
/workspaces/Qcar/install/v2x_custom_stack/lib/python3.12/site-packages/v2x_custom_stack/__pycache__/__init__.cpython-312.pyc
/workspaces/Qcar/install/v2x_custom_stack/lib/python3.12/site-packages/v2x_custom_stack/__pycache__/polynomial_smoother_node.cpython-312.pyc
/workspaces/Qcar/install/v2x_custom_stack/lib/python3.12/site-packages/v2x_custom_stack/__pycache__/traffic_light_gate_node.cpython-312.pyc
/workspaces/Qcar/install/v2x_custom_stack/lib/python3.12/site-packages/v2x_custom_stack/__pycache__/custom_path_planner_node.cpython-312.pyc
/workspaces/Qcar/install/v2x_custom_stack/share/ament_index/resource_index/packages/v2x_custom_stack
/workspaces/Qcar/install/v2x_custom_stack/share/v2x_custom_stack/package.xml
/workspaces/Qcar/install/v2x_custom_stack/share/v2x_custom_stack/launch/spawn_qcar_planb.launch.py
/workspaces/Qcar/install/v2x_custom_stack/share/v2x_custom_stack/launch/qcar_planb_bridge.launch.py
/workspaces/Qcar/install/v2x_custom_stack/share/v2x_custom_stack/launch/plan_b_qcar2_full_gazebo.launch.py
/workspaces/Qcar/install/v2x_custom_stack/share/v2x_custom_stack/launch/plan_b_with_gazebo.launch.py
/workspaces/Qcar/install/v2x_custom_stack/share/v2x_custom_stack/launch/plan_b_qcar_world.launch.py
/workspaces/Qcar/install/v2x_custom_stack/share/v2x_custom_stack/launch/plan_b_attach_to_running_gazebo.launch.py
/workspaces/Qcar/install/v2x_custom_stack/share/v2x_custom_stack/launch/plan_b_custom_stack.launch.py
/workspaces/Qcar/install/v2x_custom_stack/share/v2x_custom_stack/launch/plan_b_original_gazebo_full.launch.py
/workspaces/Qcar/install/v2x_custom_stack/share/v2x_custom_stack/launch/plan_b_qcar2_nav2_replacement.launch.py
/workspaces/Qcar/install/v2x_custom_stack/share/v2x_custom_stack/config/qcar_planb_ros_gz_bridge.yaml
/workspaces/Qcar/install/v2x_custom_stack/share/v2x_custom_stack/worlds/qcar2_traffic_light_grid_world.sdf
/workspaces/Qcar/install/v2x_custom_stack/share/v2x_custom_stack/worlds/simple_grid_world.sdf
/workspaces/Qcar/install/v2x_custom_stack/share/v2x_custom_stack/worlds/qcar2_eight_shape_road_world.sdf
/workspaces/Qcar/install/v2x_custom_stack/share/v2x_custom_stack/worlds/traffic_light_grid_world.sdf
/workspaces/Qcar/install/v2x_custom_stack/share/v2x_custom_stack/worlds/qcar2_simple_grid_world.sdf
/workspaces/Qcar/install/v2x_custom_stack/share/v2x_custom_stack/worlds/eight_shape_road_world.sdf
/workspaces/Qcar/install/v2x_custom_stack/share/v2x_custom_stack/maps/traffic_light_grid_map.pgm
/workspaces/Qcar/install/v2x_custom_stack/share/v2x_custom_stack/maps/simple_grid_map.yaml
/workspaces/Qcar/install/v2x_custom_stack/share/v2x_custom_stack/maps/eight_shape_road_map.pgm
/workspaces/Qcar/install/v2x_custom_stack/share/v2x_custom_stack/maps/traffic_light_grid_map.yaml
/workspaces/Qcar/install/v2x_custom_stack/share/v2x_custom_stack/maps/eight_shape_road_map.yaml
/workspaces/Qcar/install/v2x_custom_stack/share/v2x_custom_stack/maps/simple_grid_map.pgm
/workspaces/Qcar/install/v2x_custom_stack/share/v2x_custom_stack/models/qcar_planb/model.config
/workspaces/Qcar/install/v2x_custom_stack/share/v2x_custom_stack/models/qcar_planb/model.sdf
/workspaces/Qcar/install/v2x_custom_stack/lib/python3.12/site-packages/v2x_custom_stack-0.1.0-py3.12.egg-info/dependency_links.txt
/workspaces/Qcar/install/v2x_custom_stack/lib/python3.12/site-packages/v2x_custom_stack-0.1.0-py3.12.egg-info/zip-safe
/workspaces/Qcar/install/v2x_custom_stack/lib/python3.12/site-packages/v2x_custom_stack-0.1.0-py3.12.egg-info/top_level.txt
/workspaces/Qcar/install/v2x_custom_stack/lib/python3.12/site-packages/v2x_custom_stack-0.1.0-py3.12.egg-info/SOURCES.txt
/workspaces/Qcar/install/v2x_custom_stack/lib/python3.12/site-packages/v2x_custom_stack-0.1.0-py3.12.egg-info/PKG-INFO
/workspaces/Qcar/install/v2x_custom_stack/lib/python3.12/site-packages/v2x_custom_stack-0.1.0-py3.12.egg-info/requires.txt
/workspaces/Qcar/install/v2x_custom_stack/lib/python3.12/site-packages/v2x_custom_stack-0.1.0-py3.12.egg-info/entry_points.txt
/workspaces/Qcar/install/v2x_custom_stack/lib/v2x_custom_stack/custom_costmap_node
/workspaces/Qcar/install/v2x_custom_stack/lib/v2x_custom_stack/custom_path_planner_node
/workspaces/Qcar/install/v2x_custom_stack/lib/v2x_custom_stack/polynomial_smoother_node
/workspaces/Qcar/install/v2x_custom_stack/lib/v2x_custom_stack/traffic_light_gate_node
