/workspaces/Qcar/install/emergency_priority/lib/python3.12/site-packages/emergency_priority/v2x_fallback_node.py
/workspaces/Qcar/install/emergency_priority/lib/python3.12/site-packages/emergency_priority/priority_mux_node.py
/workspaces/Qcar/install/emergency_priority/lib/python3.12/site-packages/emergency_priority/standin_lane_controller.py
/workspaces/Qcar/install/emergency_priority/lib/python3.12/site-packages/emergency_priority/__init__.py
/workspaces/Qcar/install/emergency_priority/lib/python3.12/site-packages/emergency_priority/__pycache__/v2x_fallback_node.cpython-312.pyc
/workspaces/Qcar/install/emergency_priority/lib/python3.12/site-packages/emergency_priority/__pycache__/priority_mux_node.cpython-312.pyc
/workspaces/Qcar/install/emergency_priority/lib/python3.12/site-packages/emergency_priority/__pycache__/standin_lane_controller.cpython-312.pyc
/workspaces/Qcar/install/emergency_priority/lib/python3.12/site-packages/emergency_priority/__pycache__/__init__.cpython-312.pyc
/workspaces/Qcar/install/emergency_priority/share/ament_index/resource_index/packages/emergency_priority
/workspaces/Qcar/install/emergency_priority/share/emergency_priority/package.xml
/workspaces/Qcar/install/emergency_priority/share/emergency_priority/launch/v2x_system.launch.py
/workspaces/Qcar/install/emergency_priority/share/emergency_priority/config/twist_mux.yaml
/workspaces/Qcar/install/emergency_priority/lib/python3.12/site-packages/emergency_priority-0.0.1-py3.12.egg-info/dependency_links.txt
/workspaces/Qcar/install/emergency_priority/lib/python3.12/site-packages/emergency_priority-0.0.1-py3.12.egg-info/zip-safe
/workspaces/Qcar/install/emergency_priority/lib/python3.12/site-packages/emergency_priority-0.0.1-py3.12.egg-info/top_level.txt
/workspaces/Qcar/install/emergency_priority/lib/python3.12/site-packages/emergency_priority-0.0.1-py3.12.egg-info/SOURCES.txt
/workspaces/Qcar/install/emergency_priority/lib/python3.12/site-packages/emergency_priority-0.0.1-py3.12.egg-info/PKG-INFO
/workspaces/Qcar/install/emergency_priority/lib/python3.12/site-packages/emergency_priority-0.0.1-py3.12.egg-info/requires.txt
/workspaces/Qcar/install/emergency_priority/lib/python3.12/site-packages/emergency_priority-0.0.1-py3.12.egg-info/entry_points.txt
/workspaces/Qcar/install/emergency_priority/lib/emergency_priority/priority_mux_node
/workspaces/Qcar/install/emergency_priority/lib/emergency_priority/standin_lane_controller
/workspaces/Qcar/install/emergency_priority/lib/emergency_priority/v2x_fallback_node
