[0.098s] DEBUG:colcon:Command line arguments: ['/usr/bin/colcon', 'build', '--symlink-install', '--packages-select', 'v2x_mppi_lane_avoidance', '--cmake-args', '-DPython3_EXECUTABLE=/usr/bin/python3', '-DPython_EXECUTABLE=/usr/bin/python3']
[0.098s] DEBUG:colcon:Parsed command line arguments: Namespace(log_base=None, log_level=None, verb_name='build', build_base='build', install_base='install', merge_install=False, symlink_install=True, test_result_base=None, continue_on_error=False, executor='parallel', parallel_workers=2, event_handlers=None, ignore_user_meta=False, metas=['./colcon.meta'], base_paths=['.'], packages_ignore=None, packages_ignore_regex=None, paths=None, packages_up_to=None, packages_up_to_regex=None, packages_above=None, packages_above_and_dependencies=None, packages_above_depth=None, packages_select_by_dep=None, packages_skip_by_dep=None, packages_skip_up_to=None, packages_select_build_failed=False, packages_skip_build_finished=False, packages_select_test_failures=False, packages_skip_test_passed=False, packages_select=['v2x_mppi_lane_avoidance'], packages_skip=None, packages_select_regex=None, packages_skip_regex=None, packages_start=None, packages_end=None, allow_overriding=[], cmake_args=['-DPython3_EXECUTABLE=/usr/bin/python3', '-DPython_EXECUTABLE=/usr/bin/python3'], cmake_target=None, cmake_target_skip_unavailable=False, cmake_clean_cache=False, cmake_clean_first=False, cmake_force_configure=False, ament_cmake_args=None, catkin_cmake_args=None, catkin_skip_building_tests=False, mixin_files=None, mixin=None, verb_parser=<colcon_mixin.mixin.mixin_argument.MixinArgumentDecorator object at 0x75f697760770>, verb_extension=<colcon_core.verb.build.BuildVerb object at 0x75f6977604d0>, main=<bound method BuildVerb.main of <colcon_core.verb.build.BuildVerb object at 0x75f6977604d0>>, mixin_verb=('build',))
[0.178s] Level 1:colcon.colcon_core.package_discovery:discover_packages(colcon_meta) check parameters
[0.179s] Level 1:colcon.colcon_core.package_discovery:discover_packages(recursive) check parameters
[0.179s] Level 1:colcon.colcon_core.package_discovery:discover_packages(ignore) check parameters
[0.179s] Level 1:colcon.colcon_core.package_discovery:discover_packages(path) check parameters
[0.179s] Level 1:colcon.colcon_core.package_discovery:discover_packages(colcon_meta) discover
[0.179s] Level 1:colcon.colcon_core.package_discovery:discover_packages(recursive) discover
[0.179s] INFO:colcon.colcon_core.package_discovery:Crawling recursively for packages in '/workspaces/Qcar'
[0.179s] Level 1:colcon.colcon_core.package_identification:_identify(.) by extensions ['ignore', 'ignore_ament_install']
[0.179s] Level 1:colcon.colcon_core.package_identification:_identify(.) by extension 'ignore'
[0.179s] Level 1:colcon.colcon_core.package_identification:_identify(.) by extension 'ignore_ament_install'
[0.179s] Level 1:colcon.colcon_core.package_identification:_identify(.) by extensions ['colcon_pkg']
[0.179s] Level 1:colcon.colcon_core.package_identification:_identify(.) by extension 'colcon_pkg'
[0.179s] Level 1:colcon.colcon_core.package_identification:_identify(.) by extensions ['colcon_meta']
[0.180s] Level 1:colcon.colcon_core.package_identification:_identify(.) by extension 'colcon_meta'
[0.180s] Level 1:colcon.colcon_core.package_identification:_identify(.) by extensions ['ros']
[0.180s] Level 1:colcon.colcon_core.package_identification:_identify(.) by extension 'ros'
[0.220s] Level 1:colcon.colcon_core.package_identification:_identify(.) by extensions ['cmake', 'python']
[0.221s] Level 1:colcon.colcon_core.package_identification:_identify(.) by extension 'cmake'
[0.221s] Level 1:colcon.colcon_core.package_identification:_identify(.) by extension 'python'
[0.221s] Level 1:colcon.colcon_core.package_identification:_identify(.) by extensions ['python_setup_py']
[0.221s] Level 1:colcon.colcon_core.package_identification:_identify(.) by extension 'python_setup_py'
[0.221s] Level 1:colcon.colcon_core.package_identification:_identify(build) by extensions ['ignore', 'ignore_ament_install']
[0.221s] Level 1:colcon.colcon_core.package_identification:_identify(build) by extension 'ignore'
[0.221s] Level 1:colcon.colcon_core.package_identification:_identify(build) ignored
[0.221s] Level 1:colcon.colcon_core.package_identification:_identify(install) by extensions ['ignore', 'ignore_ament_install']
[0.221s] Level 1:colcon.colcon_core.package_identification:_identify(install) by extension 'ignore'
[0.221s] Level 1:colcon.colcon_core.package_identification:_identify(install) ignored
[0.222s] Level 1:colcon.colcon_core.package_identification:_identify(log) by extensions ['ignore', 'ignore_ament_install']
[0.222s] Level 1:colcon.colcon_core.package_identification:_identify(log) by extension 'ignore'
[0.222s] Level 1:colcon.colcon_core.package_identification:_identify(log) ignored
[0.222s] Level 1:colcon.colcon_core.package_identification:_identify(src) by extensions ['ignore', 'ignore_ament_install']
[0.222s] Level 1:colcon.colcon_core.package_identification:_identify(src) by extension 'ignore'
[0.222s] Level 1:colcon.colcon_core.package_identification:_identify(src) by extension 'ignore_ament_install'
[0.222s] Level 1:colcon.colcon_core.package_identification:_identify(src) by extensions ['colcon_pkg']
[0.222s] Level 1:colcon.colcon_core.package_identification:_identify(src) by extension 'colcon_pkg'
[0.222s] Level 1:colcon.colcon_core.package_identification:_identify(src) by extensions ['colcon_meta']
[0.222s] Level 1:colcon.colcon_core.package_identification:_identify(src) by extension 'colcon_meta'
[0.222s] Level 1:colcon.colcon_core.package_identification:_identify(src) by extensions ['ros']
[0.222s] Level 1:colcon.colcon_core.package_identification:_identify(src) by extension 'ros'
[0.222s] Level 1:colcon.colcon_core.package_identification:_identify(src) by extensions ['cmake', 'python']
[0.222s] Level 1:colcon.colcon_core.package_identification:_identify(src) by extension 'cmake'
[0.222s] Level 1:colcon.colcon_core.package_identification:_identify(src) by extension 'python'
[0.223s] Level 1:colcon.colcon_core.package_identification:_identify(src) by extensions ['python_setup_py']
[0.223s] Level 1:colcon.colcon_core.package_identification:_identify(src) by extension 'python_setup_py'
[0.223s] Level 1:colcon.colcon_core.package_identification:_identify(src/emergency_priority) by extensions ['ignore', 'ignore_ament_install']
[0.223s] Level 1:colcon.colcon_core.package_identification:_identify(src/emergency_priority) by extension 'ignore'
[0.223s] Level 1:colcon.colcon_core.package_identification:_identify(src/emergency_priority) by extension 'ignore_ament_install'
[0.223s] Level 1:colcon.colcon_core.package_identification:_identify(src/emergency_priority) by extensions ['colcon_pkg']
[0.223s] Level 1:colcon.colcon_core.package_identification:_identify(src/emergency_priority) by extension 'colcon_pkg'
[0.223s] Level 1:colcon.colcon_core.package_identification:_identify(src/emergency_priority) by extensions ['colcon_meta']
[0.223s] Level 1:colcon.colcon_core.package_identification:_identify(src/emergency_priority) by extension 'colcon_meta'
[0.223s] Level 1:colcon.colcon_core.package_identification:_identify(src/emergency_priority) by extensions ['ros']
[0.223s] Level 1:colcon.colcon_core.package_identification:_identify(src/emergency_priority) by extension 'ros'
[0.226s] DEBUG:colcon.colcon_core.package_identification:Package 'src/emergency_priority' with type 'ros.ament_python' and name 'emergency_priority'
[0.227s] Level 1:colcon.colcon_core.package_identification:_identify(src/qcar2_description) by extensions ['ignore', 'ignore_ament_install']
[0.227s] Level 1:colcon.colcon_core.package_identification:_identify(src/qcar2_description) by extension 'ignore'
[0.227s] Level 1:colcon.colcon_core.package_identification:_identify(src/qcar2_description) by extension 'ignore_ament_install'
[0.227s] Level 1:colcon.colcon_core.package_identification:_identify(src/qcar2_description) by extensions ['colcon_pkg']
[0.227s] Level 1:colcon.colcon_core.package_identification:_identify(src/qcar2_description) by extension 'colcon_pkg'
[0.227s] Level 1:colcon.colcon_core.package_identification:_identify(src/qcar2_description) by extensions ['colcon_meta']
[0.227s] Level 1:colcon.colcon_core.package_identification:_identify(src/qcar2_description) by extension 'colcon_meta'
[0.227s] Level 1:colcon.colcon_core.package_identification:_identify(src/qcar2_description) by extensions ['ros']
[0.227s] Level 1:colcon.colcon_core.package_identification:_identify(src/qcar2_description) by extension 'ros'
[0.228s] DEBUG:colcon.colcon_core.package_identification:Package 'src/qcar2_description' with type 'ros.ament_cmake' and name 'qcar2_description'
[0.228s] Level 1:colcon.colcon_core.package_identification:_identify(src/v2x_custom_stack) by extensions ['ignore', 'ignore_ament_install']
[0.228s] Level 1:colcon.colcon_core.package_identification:_identify(src/v2x_custom_stack) by extension 'ignore'
[0.228s] Level 1:colcon.colcon_core.package_identification:_identify(src/v2x_custom_stack) by extension 'ignore_ament_install'
[0.228s] Level 1:colcon.colcon_core.package_identification:_identify(src/v2x_custom_stack) by extensions ['colcon_pkg']
[0.228s] Level 1:colcon.colcon_core.package_identification:_identify(src/v2x_custom_stack) by extension 'colcon_pkg'
[0.228s] Level 1:colcon.colcon_core.package_identification:_identify(src/v2x_custom_stack) by extensions ['colcon_meta']
[0.229s] Level 1:colcon.colcon_core.package_identification:_identify(src/v2x_custom_stack) by extension 'colcon_meta'
[0.229s] Level 1:colcon.colcon_core.package_identification:_identify(src/v2x_custom_stack) by extensions ['ros']
[0.229s] Level 1:colcon.colcon_core.package_identification:_identify(src/v2x_custom_stack) by extension 'ros'
[0.229s] DEBUG:colcon.colcon_core.package_identification:Package 'src/v2x_custom_stack' with type 'ros.ament_python' and name 'v2x_custom_stack'
[0.229s] Level 1:colcon.colcon_core.package_identification:_identify(src/v2x_emergency) by extensions ['ignore', 'ignore_ament_install']
[0.230s] Level 1:colcon.colcon_core.package_identification:_identify(src/v2x_emergency) by extension 'ignore'
[0.230s] Level 1:colcon.colcon_core.package_identification:_identify(src/v2x_emergency) by extension 'ignore_ament_install'
[0.230s] Level 1:colcon.colcon_core.package_identification:_identify(src/v2x_emergency) by extensions ['colcon_pkg']
[0.230s] Level 1:colcon.colcon_core.package_identification:_identify(src/v2x_emergency) by extension 'colcon_pkg'
[0.230s] Level 1:colcon.colcon_core.package_identification:_identify(src/v2x_emergency) by extensions ['colcon_meta']
[0.230s] Level 1:colcon.colcon_core.package_identification:_identify(src/v2x_emergency) by extension 'colcon_meta'
[0.230s] Level 1:colcon.colcon_core.package_identification:_identify(src/v2x_emergency) by extensions ['ros']
[0.230s] Level 1:colcon.colcon_core.package_identification:_identify(src/v2x_emergency) by extension 'ros'
[0.231s] DEBUG:colcon.colcon_core.package_identification:Package 'src/v2x_emergency' with type 'ros.ament_cmake' and name 'v2x_emergency'
[0.231s] Level 1:colcon.colcon_core.package_identification:_identify(src/v2x_mppi_lane_avoidance) by extensions ['ignore', 'ignore_ament_install']
[0.231s] Level 1:colcon.colcon_core.package_identification:_identify(src/v2x_mppi_lane_avoidance) by extension 'ignore'
[0.231s] Level 1:colcon.colcon_core.package_identification:_identify(src/v2x_mppi_lane_avoidance) by extension 'ignore_ament_install'
[0.231s] Level 1:colcon.colcon_core.package_identification:_identify(src/v2x_mppi_lane_avoidance) by extensions ['colcon_pkg']
[0.231s] Level 1:colcon.colcon_core.package_identification:_identify(src/v2x_mppi_lane_avoidance) by extension 'colcon_pkg'
[0.231s] Level 1:colcon.colcon_core.package_identification:_identify(src/v2x_mppi_lane_avoidance) by extensions ['colcon_meta']
[0.231s] Level 1:colcon.colcon_core.package_identification:_identify(src/v2x_mppi_lane_avoidance) by extension 'colcon_meta'
[0.231s] Level 1:colcon.colcon_core.package_identification:_identify(src/v2x_mppi_lane_avoidance) by extensions ['ros']
[0.231s] Level 1:colcon.colcon_core.package_identification:_identify(src/v2x_mppi_lane_avoidance) by extension 'ros'
[0.232s] DEBUG:colcon.colcon_core.package_identification:Package 'src/v2x_mppi_lane_avoidance' with type 'ros.ament_python' and name 'v2x_mppi_lane_avoidance'
[0.232s] Level 1:colcon.colcon_core.package_identification:_identify(src/v2x_nav2_sim) by extensions ['ignore', 'ignore_ament_install']
[0.233s] Level 1:colcon.colcon_core.package_identification:_identify(src/v2x_nav2_sim) by extension 'ignore'
[0.233s] Level 1:colcon.colcon_core.package_identification:_identify(src/v2x_nav2_sim) by extension 'ignore_ament_install'
[0.233s] Level 1:colcon.colcon_core.package_identification:_identify(src/v2x_nav2_sim) by extensions ['colcon_pkg']
[0.233s] Level 1:colcon.colcon_core.package_identification:_identify(src/v2x_nav2_sim) by extension 'colcon_pkg'
[0.233s] Level 1:colcon.colcon_core.package_identification:_identify(src/v2x_nav2_sim) by extensions ['colcon_meta']
[0.233s] Level 1:colcon.colcon_core.package_identification:_identify(src/v2x_nav2_sim) by extension 'colcon_meta'
[0.233s] Level 1:colcon.colcon_core.package_identification:_identify(src/v2x_nav2_sim) by extensions ['ros']
[0.233s] Level 1:colcon.colcon_core.package_identification:_identify(src/v2x_nav2_sim) by extension 'ros'
[0.234s] DEBUG:colcon.colcon_core.package_identification:Package 'src/v2x_nav2_sim' with type 'ros.ament_python' and name 'v2x_nav2_sim'
[0.234s] Level 1:colcon.colcon_core.package_identification:_identify(src/v2x_opencv_perception) by extensions ['ignore', 'ignore_ament_install']
[0.234s] Level 1:colcon.colcon_core.package_identification:_identify(src/v2x_opencv_perception) by extension 'ignore'
[0.234s] Level 1:colcon.colcon_core.package_identification:_identify(src/v2x_opencv_perception) by extension 'ignore_ament_install'
[0.234s] Level 1:colcon.colcon_core.package_identification:_identify(src/v2x_opencv_perception) by extensions ['colcon_pkg']
[0.234s] Level 1:colcon.colcon_core.package_identification:_identify(src/v2x_opencv_perception) by extension 'colcon_pkg'
[0.234s] Level 1:colcon.colcon_core.package_identification:_identify(src/v2x_opencv_perception) by extensions ['colcon_meta']
[0.234s] Level 1:colcon.colcon_core.package_identification:_identify(src/v2x_opencv_perception) by extension 'colcon_meta'
[0.234s] Level 1:colcon.colcon_core.package_identification:_identify(src/v2x_opencv_perception) by extensions ['ros']
[0.235s] Level 1:colcon.colcon_core.package_identification:_identify(src/v2x_opencv_perception) by extension 'ros'
[0.236s] DEBUG:colcon.colcon_core.package_identification:Package 'src/v2x_opencv_perception' with type 'ros.ament_python' and name 'v2x_opencv_perception'
[0.236s] Level 1:colcon.colcon_core.package_identification:_identify(src/v2x_system_integration) by extensions ['ignore', 'ignore_ament_install']
[0.236s] Level 1:colcon.colcon_core.package_identification:_identify(src/v2x_system_integration) by extension 'ignore'
[0.236s] Level 1:colcon.colcon_core.package_identification:_identify(src/v2x_system_integration) by extension 'ignore_ament_install'
[0.236s] Level 1:colcon.colcon_core.package_identification:_identify(src/v2x_system_integration) by extensions ['colcon_pkg']
[0.236s] Level 1:colcon.colcon_core.package_identification:_identify(src/v2x_system_integration) by extension 'colcon_pkg'
[0.236s] Level 1:colcon.colcon_core.package_identification:_identify(src/v2x_system_integration) by extensions ['colcon_meta']
[0.236s] Level 1:colcon.colcon_core.package_identification:_identify(src/v2x_system_integration) by extension 'colcon_meta'
[0.236s] Level 1:colcon.colcon_core.package_identification:_identify(src/v2x_system_integration) by extensions ['ros']
[0.236s] Level 1:colcon.colcon_core.package_identification:_identify(src/v2x_system_integration) by extension 'ros'
[0.237s] DEBUG:colcon.colcon_core.package_identification:Package 'src/v2x_system_integration' with type 'ros.ament_python' and name 'v2x_system_integration'
[0.237s] Level 1:colcon.colcon_core.package_discovery:discover_packages(recursive) using defaults
[0.237s] Level 1:colcon.colcon_core.package_discovery:discover_packages(ignore) discover
[0.238s] Level 1:colcon.colcon_core.package_discovery:discover_packages(ignore) using defaults
[0.238s] Level 1:colcon.colcon_core.package_discovery:discover_packages(path) discover
[0.238s] Level 1:colcon.colcon_core.package_discovery:discover_packages(path) using defaults
[0.265s] INFO:colcon.colcon_core.package_selection:Skipping not selected package 'emergency_priority' in 'src/emergency_priority'
[0.265s] INFO:colcon.colcon_core.package_selection:Skipping not selected package 'qcar2_description' in 'src/qcar2_description'
[0.265s] INFO:colcon.colcon_core.package_selection:Skipping not selected package 'v2x_emergency' in 'src/v2x_emergency'
[0.265s] INFO:colcon.colcon_core.package_selection:Skipping not selected package 'v2x_nav2_sim' in 'src/v2x_nav2_sim'
[0.265s] INFO:colcon.colcon_core.package_selection:Skipping not selected package 'v2x_opencv_perception' in 'src/v2x_opencv_perception'
[0.265s] INFO:colcon.colcon_core.package_selection:Skipping not selected package 'v2x_custom_stack' in 'src/v2x_custom_stack'
[0.265s] INFO:colcon.colcon_core.package_selection:Skipping not selected package 'v2x_system_integration' in 'src/v2x_system_integration'
[0.266s] Level 1:colcon.colcon_core.package_discovery:discover_packages(prefix_path) check parameters
[0.266s] Level 1:colcon.colcon_core.package_discovery:discover_packages(prefix_path) discover
[0.268s] WARNING:colcon.colcon_ros.prefix_path.ament:The path '/workspaces/Qcar/install/v2x_mppi_lane_avoidance' in the environment variable AMENT_PREFIX_PATH doesn't exist
[0.270s] DEBUG:colcon.colcon_installed_package_information.package_discovery:Found 7 installed packages in /workspaces/Qcar/install
[0.272s] DEBUG:colcon.colcon_installed_package_information.package_discovery:Found 255 installed packages in /opt/ros/jazzy
[0.278s] Level 1:colcon.colcon_core.package_discovery:discover_packages(prefix_path) using defaults
[0.341s] Level 5:colcon.colcon_core.verb:set package 'v2x_mppi_lane_avoidance' build argument 'cmake_args' from command line to '['-DPython3_EXECUTABLE=/usr/bin/python3', '-DPython_EXECUTABLE=/usr/bin/python3']'
[0.341s] Level 5:colcon.colcon_core.verb:set package 'v2x_mppi_lane_avoidance' build argument 'cmake_target' from command line to 'None'
[0.341s] Level 5:colcon.colcon_core.verb:set package 'v2x_mppi_lane_avoidance' build argument 'cmake_target_skip_unavailable' from command line to 'False'
[0.341s] Level 5:colcon.colcon_core.verb:set package 'v2x_mppi_lane_avoidance' build argument 'cmake_clean_cache' from command line to 'False'
[0.341s] Level 5:colcon.colcon_core.verb:set package 'v2x_mppi_lane_avoidance' build argument 'cmake_clean_first' from command line to 'False'
[0.341s] Level 5:colcon.colcon_core.verb:set package 'v2x_mppi_lane_avoidance' build argument 'cmake_force_configure' from command line to 'False'
[0.341s] Level 5:colcon.colcon_core.verb:set package 'v2x_mppi_lane_avoidance' build argument 'ament_cmake_args' from command line to 'None'
[0.341s] Level 5:colcon.colcon_core.verb:set package 'v2x_mppi_lane_avoidance' build argument 'catkin_cmake_args' from command line to 'None'
[0.341s] Level 5:colcon.colcon_core.verb:set package 'v2x_mppi_lane_avoidance' build argument 'catkin_skip_building_tests' from command line to 'False'
[0.341s] DEBUG:colcon.colcon_core.verb:Building package 'v2x_mppi_lane_avoidance' with the following arguments: {'ament_cmake_args': None, 'build_base': '/workspaces/Qcar/build/v2x_mppi_lane_avoidance', 'catkin_cmake_args': None, 'catkin_skip_building_tests': False, 'cmake_args': ['-DPython3_EXECUTABLE=/usr/bin/python3', '-DPython_EXECUTABLE=/usr/bin/python3'], 'cmake_clean_cache': False, 'cmake_clean_first': False, 'cmake_force_configure': False, 'cmake_target': None, 'cmake_target_skip_unavailable': False, 'install_base': '/workspaces/Qcar/install/v2x_mppi_lane_avoidance', 'merge_install': False, 'path': '/workspaces/Qcar/src/v2x_mppi_lane_avoidance', 'symlink_install': True, 'test_result_base': None}
[0.342s] INFO:colcon.colcon_core.executor:Executing jobs using 'parallel' executor
[0.343s] DEBUG:colcon.colcon_parallel_executor.executor.parallel:run_until_complete
[0.344s] INFO:colcon.colcon_ros.task.ament_python.build:Building ROS package in '/workspaces/Qcar/src/v2x_mppi_lane_avoidance' with build type 'ament_python'
[0.344s] Level 1:colcon.colcon_core.shell:create_environment_hook('v2x_mppi_lane_avoidance', 'ament_prefix_path')
[0.346s] INFO:colcon.colcon_core.plugin_system:Skipping extension 'colcon_core.shell.bat': Not used on non-Windows systems
[0.346s] INFO:colcon.colcon_core.shell:Creating environment hook '/workspaces/Qcar/install/v2x_mppi_lane_avoidance/share/v2x_mppi_lane_avoidance/hook/ament_prefix_path.ps1'
[0.347s] INFO:colcon.colcon_core.shell:Creating environment descriptor '/workspaces/Qcar/install/v2x_mppi_lane_avoidance/share/v2x_mppi_lane_avoidance/hook/ament_prefix_path.dsv'
[0.348s] INFO:colcon.colcon_core.shell:Creating environment hook '/workspaces/Qcar/install/v2x_mppi_lane_avoidance/share/v2x_mppi_lane_avoidance/hook/ament_prefix_path.sh'
[0.348s] INFO:colcon.colcon_core.shell:Skip shell extension 'powershell' for command environment: Not usable outside of PowerShell
[0.348s] DEBUG:colcon.colcon_core.shell:Skip shell extension 'dsv' for command environment
[0.595s] INFO:colcon.colcon_core.task.python.build:Building Python package in '/workspaces/Qcar/src/v2x_mppi_lane_avoidance'
[0.596s] INFO:colcon.colcon_core.shell:Skip shell extension 'powershell' for command environment: Not usable outside of PowerShell
[0.596s] DEBUG:colcon.colcon_core.shell:Skip shell extension 'dsv' for command environment
[1.408s] DEBUG:colcon.colcon_core.task.python.build:Available setuptools commands: install_headers, alias, install, build_scripts, upload, test, easy_install, egg_info, rotate, setopt, editable_wheel, bdist_dumb, build, check, bdist, develop, bdist_rpm, register, symlink_data, install_lib, install_egg_info, build_clib, build_py, clean, upload_docs, saveopts, bdist_wheel, bdist_egg, build_ext, sdist, install_scripts, install_data, dist_info
[1.772s] DEBUG:colcon.colcon_core.task.python.build:Available setuptools 'develop' options: --user, --version, --upgrade, --always-unzip, --force-installation-into-system-dir, --uninstall, --help, --build-directory, --record, --install-layout, --script-dir, --multi-version, --install-dir, --prefix, --dry-run, --local-snapshots-ok, --exclude-scripts, --find-links, --quiet, --editable, --allow-hosts, --verbose, --egg-path, --zip-ok, --always-copy, --site-dirs, --optimize, --index-url, --no-deps, --no-find-links, --no-user-cfg
[1.774s] DEBUG:colcon.colcon_core.event_handler.log_command:Invoking command in '/workspaces/Qcar/build/v2x_mppi_lane_avoidance': DEBUGINFOD_URLS=https://debuginfod.ubuntu.com PYTHONPATH=/workspaces/Qcar/build/v2x_mppi_lane_avoidance/prefix_override:/usr/lib/python3/dist-packages/colcon_core/task/python/colcon_distutils_commands:/workspaces/Qcar/install/v2x_mppi_lane_avoidance/lib/python3.12/site-packages:${PYTHONPATH} /usr/bin/python3 -W ignore:setup.py install is deprecated -W ignore:easy_install command is deprecated setup.py develop --editable --build-directory /workspaces/Qcar/build/v2x_mppi_lane_avoidance/build --no-deps symlink_data
[2.344s] Level 1:colcon.colcon_core.shell:create_environment_hook('v2x_mppi_lane_avoidance', 'pythonpath_develop')
[2.344s] INFO:colcon.colcon_core.shell:Creating environment hook '/workspaces/Qcar/build/v2x_mppi_lane_avoidance/share/v2x_mppi_lane_avoidance/hook/pythonpath_develop.ps1'
[2.344s] DEBUG:colcon.colcon_core.event_handler.log_command:Invoked command in '/workspaces/Qcar/build/v2x_mppi_lane_avoidance' returned '0': DEBUGINFOD_URLS=https://debuginfod.ubuntu.com PYTHONPATH=/workspaces/Qcar/build/v2x_mppi_lane_avoidance/prefix_override:/usr/lib/python3/dist-packages/colcon_core/task/python/colcon_distutils_commands:/workspaces/Qcar/install/v2x_mppi_lane_avoidance/lib/python3.12/site-packages:${PYTHONPATH} /usr/bin/python3 -W ignore:setup.py install is deprecated -W ignore:easy_install command is deprecated setup.py develop --editable --build-directory /workspaces/Qcar/build/v2x_mppi_lane_avoidance/build --no-deps symlink_data
[2.345s] INFO:colcon.colcon_core.shell:Creating environment descriptor '/workspaces/Qcar/build/v2x_mppi_lane_avoidance/share/v2x_mppi_lane_avoidance/hook/pythonpath_develop.dsv'
[2.346s] INFO:colcon.colcon_core.shell:Creating environment hook '/workspaces/Qcar/build/v2x_mppi_lane_avoidance/share/v2x_mppi_lane_avoidance/hook/pythonpath_develop.sh'
[2.348s] Level 1:colcon.colcon_core.environment:checking '/workspaces/Qcar/install/v2x_mppi_lane_avoidance' for CMake module files
[2.348s] Level 1:colcon.colcon_core.environment:checking '/workspaces/Qcar/install/v2x_mppi_lane_avoidance' for CMake config files
[2.349s] Level 1:colcon.colcon_core.environment:checking '/workspaces/Qcar/install/v2x_mppi_lane_avoidance/lib'
[2.349s] Level 1:colcon.colcon_core.environment:checking '/workspaces/Qcar/install/v2x_mppi_lane_avoidance/bin'
[2.349s] Level 1:colcon.colcon_core.environment:checking '/workspaces/Qcar/install/v2x_mppi_lane_avoidance/lib/pkgconfig/v2x_mppi_lane_avoidance.pc'
[2.350s] Level 1:colcon.colcon_core.environment:checking '/workspaces/Qcar/install/v2x_mppi_lane_avoidance/lib/python3.12/site-packages'
[2.350s] Level 1:colcon.colcon_core.shell:create_environment_hook('v2x_mppi_lane_avoidance', 'pythonpath')
[2.350s] INFO:colcon.colcon_core.shell:Creating environment hook '/workspaces/Qcar/install/v2x_mppi_lane_avoidance/share/v2x_mppi_lane_avoidance/hook/pythonpath.ps1'
[2.350s] INFO:colcon.colcon_core.shell:Creating environment descriptor '/workspaces/Qcar/install/v2x_mppi_lane_avoidance/share/v2x_mppi_lane_avoidance/hook/pythonpath.dsv'
[2.351s] INFO:colcon.colcon_core.shell:Creating environment hook '/workspaces/Qcar/install/v2x_mppi_lane_avoidance/share/v2x_mppi_lane_avoidance/hook/pythonpath.sh'
[2.352s] Level 1:colcon.colcon_core.environment:checking '/workspaces/Qcar/install/v2x_mppi_lane_avoidance/bin'
[2.352s] Level 1:colcon.colcon_core.environment:create_environment_scripts_only(v2x_mppi_lane_avoidance)
[2.352s] INFO:colcon.colcon_core.shell:Creating package script '/workspaces/Qcar/install/v2x_mppi_lane_avoidance/share/v2x_mppi_lane_avoidance/package.ps1'
[2.353s] INFO:colcon.colcon_core.shell:Creating package descriptor '/workspaces/Qcar/install/v2x_mppi_lane_avoidance/share/v2x_mppi_lane_avoidance/package.dsv'
[2.354s] INFO:colcon.colcon_core.shell:Creating package script '/workspaces/Qcar/install/v2x_mppi_lane_avoidance/share/v2x_mppi_lane_avoidance/package.sh'
[2.355s] INFO:colcon.colcon_core.shell:Creating package script '/workspaces/Qcar/install/v2x_mppi_lane_avoidance/share/v2x_mppi_lane_avoidance/package.bash'
[2.356s] INFO:colcon.colcon_core.shell:Creating package script '/workspaces/Qcar/install/v2x_mppi_lane_avoidance/share/v2x_mppi_lane_avoidance/package.zsh'
[2.356s] Level 1:colcon.colcon_core.environment:create_file_with_runtime_dependencies(/workspaces/Qcar/install/v2x_mppi_lane_avoidance/share/colcon-core/packages/v2x_mppi_lane_avoidance)
[2.357s] DEBUG:colcon.colcon_parallel_executor.executor.parallel:closing loop
[2.357s] DEBUG:colcon.colcon_parallel_executor.executor.parallel:loop closed
[2.357s] DEBUG:colcon.colcon_parallel_executor.executor.parallel:run_until_complete finished with '0'
[2.357s] DEBUG:colcon.colcon_core.event_reactor:joining thread
[2.363s] INFO:colcon.colcon_core.plugin_system:Skipping extension 'colcon_notification.desktop_notification.notify_send': Could not find 'notify-send'
[2.364s] INFO:colcon.colcon_core.plugin_system:Skipping extension 'colcon_notification.desktop_notification.terminal_notifier': Not used on non-Darwin systems
[2.364s] INFO:colcon.colcon_core.plugin_system:Skipping extension 'colcon_notification.desktop_notification.win32': Not used on non-Windows systems
[2.364s] INFO:colcon.colcon_notification.desktop_notification:Sending desktop notification using 'notify2'
[2.364s] DEBUG:colcon.colcon_notification.desktop_notification.notify2:Failed to initialize notify2: org.freedesktop.DBus.Error.NotSupported: Unable to autolaunch a dbus-daemon without a $DISPLAY for X11
[2.364s] DEBUG:colcon.colcon_core.event_reactor:joined thread
[2.364s] INFO:colcon.colcon_core.shell:Creating prefix script '/workspaces/Qcar/install/local_setup.ps1'
[2.365s] INFO:colcon.colcon_core.shell:Creating prefix util module '/workspaces/Qcar/install/_local_setup_util_ps1.py'
[2.367s] INFO:colcon.colcon_core.shell:Creating prefix chain script '/workspaces/Qcar/install/setup.ps1'
[2.368s] INFO:colcon.colcon_core.shell:Creating prefix script '/workspaces/Qcar/install/local_setup.sh'
[2.369s] INFO:colcon.colcon_core.shell:Creating prefix util module '/workspaces/Qcar/install/_local_setup_util_sh.py'
[2.369s] INFO:colcon.colcon_core.shell:Creating prefix chain script '/workspaces/Qcar/install/setup.sh'
[2.370s] INFO:colcon.colcon_core.shell:Creating prefix script '/workspaces/Qcar/install/local_setup.bash'
[2.371s] INFO:colcon.colcon_core.shell:Creating prefix chain script '/workspaces/Qcar/install/setup.bash'
[2.372s] INFO:colcon.colcon_core.shell:Creating prefix script '/workspaces/Qcar/install/local_setup.zsh'
[2.372s] INFO:colcon.colcon_core.shell:Creating prefix chain script '/workspaces/Qcar/install/setup.zsh'
