running develop
running egg_info
creating v2x_mppi_lane_avoidance.egg-info
writing v2x_mppi_lane_avoidance.egg-info/PKG-INFO
writing dependency_links to v2x_mppi_lane_avoidance.egg-info/dependency_links.txt
writing entry points to v2x_mppi_lane_avoidance.egg-info/entry_points.txt
writing requirements to v2x_mppi_lane_avoidance.egg-info/requires.txt
writing top-level names to v2x_mppi_lane_avoidance.egg-info/top_level.txt
writing manifest file 'v2x_mppi_lane_avoidance.egg-info/SOURCES.txt'
reading manifest file 'v2x_mppi_lane_avoidance.egg-info/SOURCES.txt'
writing manifest file 'v2x_mppi_lane_avoidance.egg-info/SOURCES.txt'
running build_ext
Creating /workspaces/Qcar/install/v2x_mppi_lane_avoidance/lib/python3.12/site-packages/v2x-mppi-lane-avoidance.egg-link (link to .)
Installing mppi_path_follower script to /workspaces/Qcar/install/v2x_mppi_lane_avoidance/lib/v2x_mppi_lane_avoidance

Installed /workspaces/Qcar/build/v2x_mppi_lane_avoidance
running symlink_data
creating /workspaces/Qcar/install/v2x_mppi_lane_avoidance/share/ament_index
creating /workspaces/Qcar/install/v2x_mppi_lane_avoidance/share/ament_index/resource_index
creating /workspaces/Qcar/install/v2x_mppi_lane_avoidance/share/ament_index/resource_index/packages
symbolically linking /workspaces/Qcar/build/v2x_mppi_lane_avoidance/resource/v2x_mppi_lane_avoidance -> /workspaces/Qcar/install/v2x_mppi_lane_avoidance/share/ament_index/resource_index/packages
symbolically linking /workspaces/Qcar/build/v2x_mppi_lane_avoidance/package.xml -> /workspaces/Qcar/install/v2x_mppi_lane_avoidance/share/v2x_mppi_lane_avoidance
creating /workspaces/Qcar/install/v2x_mppi_lane_avoidance/share/v2x_mppi_lane_avoidance/launch
symbolically linking /workspaces/Qcar/build/v2x_mppi_lane_avoidance/launch/mppi_path_follower.launch.py -> /workspaces/Qcar/install/v2x_mppi_lane_avoidance/share/v2x_mppi_lane_avoidance/launch
