[1.430s] Invoking command in '/workspaces/Qcar/build/v2x_mppi_lane_avoidance': DEBUGINFOD_URLS=https://debuginfod.ubuntu.com PYTHONPATH=/workspaces/Qcar/build/v2x_mppi_lane_avoidance/prefix_override:/usr/lib/python3/dist-packages/colcon_core/task/python/colcon_distutils_commands:/workspaces/Qcar/install/v2x_mppi_lane_avoidance/lib/python3.12/site-packages:${PYTHONPATH} /usr/bin/python3 -W ignore:setup.py install is deprecated -W ignore:easy_install command is deprecated setup.py develop --editable --build-directory /workspaces/Qcar/build/v2x_mppi_lane_avoidance/build --no-deps symlink_data
[1.732s] running develop
[1.902s] running egg_info
[1.903s] creating v2x_mppi_lane_avoidance.egg-info
[1.918s] writing v2x_mppi_lane_avoidance.egg-info/PKG-INFO
[1.919s] writing dependency_links to v2x_mppi_lane_avoidance.egg-info/dependency_links.txt
[1.919s] writing entry points to v2x_mppi_lane_avoidance.egg-info/entry_points.txt
[1.920s] writing requirements to v2x_mppi_lane_avoidance.egg-info/requires.txt
[1.920s] writing top-level names to v2x_mppi_lane_avoidance.egg-info/top_level.txt
[1.920s] writing manifest file 'v2x_mppi_lane_avoidance.egg-info/SOURCES.txt'
[1.951s] reading manifest file 'v2x_mppi_lane_avoidance.egg-info/SOURCES.txt'
[1.953s] writing manifest file 'v2x_mppi_lane_avoidance.egg-info/SOURCES.txt'
[1.968s] running build_ext
[1.968s] Creating /workspaces/Qcar/install/v2x_mppi_lane_avoidance/lib/python3.12/site-packages/v2x-mppi-lane-avoidance.egg-link (link to .)
[1.969s] Installing mppi_path_follower script to /workspaces/Qcar/install/v2x_mppi_lane_avoidance/lib/v2x_mppi_lane_avoidance
[1.970s] 
[1.970s] Installed /workspaces/Qcar/build/v2x_mppi_lane_avoidance
[1.970s] running symlink_data
[1.970s] creating /workspaces/Qcar/install/v2x_mppi_lane_avoidance/share/ament_index
[1.970s] creating /workspaces/Qcar/install/v2x_mppi_lane_avoidance/share/ament_index/resource_index
[1.971s] creating /workspaces/Qcar/install/v2x_mppi_lane_avoidance/share/ament_index/resource_index/packages
[1.971s] symbolically linking /workspaces/Qcar/build/v2x_mppi_lane_avoidance/resource/v2x_mppi_lane_avoidance -> /workspaces/Qcar/install/v2x_mppi_lane_avoidance/share/ament_index/resource_index/packages
[1.971s] symbolically linking /workspaces/Qcar/build/v2x_mppi_lane_avoidance/package.xml -> /workspaces/Qcar/install/v2x_mppi_lane_avoidance/share/v2x_mppi_lane_avoidance
[1.972s] creating /workspaces/Qcar/install/v2x_mppi_lane_avoidance/share/v2x_mppi_lane_avoidance/launch
[1.972s] symbolically linking /workspaces/Qcar/build/v2x_mppi_lane_avoidance/launch/mppi_path_follower.launch.py -> /workspaces/Qcar/install/v2x_mppi_lane_avoidance/share/v2x_mppi_lane_avoidance/launch
[2.000s] Invoked command in '/workspaces/Qcar/build/v2x_mppi_lane_avoidance' returned '0': DEBUGINFOD_URLS=https://debuginfod.ubuntu.com PYTHONPATH=/workspaces/Qcar/build/v2x_mppi_lane_avoidance/prefix_override:/usr/lib/python3/dist-packages/colcon_core/task/python/colcon_distutils_commands:/workspaces/Qcar/install/v2x_mppi_lane_avoidance/lib/python3.12/site-packages:${PYTHONPATH} /usr/bin/python3 -W ignore:setup.py install is deprecated -W ignore:easy_install command is deprecated setup.py develop --editable --build-directory /workspaces/Qcar/build/v2x_mppi_lane_avoidance/build --no-deps symlink_data
