running egg_info
creating ../../build/v2x_system_integration/v2x_system_integration.egg-info
writing ../../build/v2x_system_integration/v2x_system_integration.egg-info/PKG-INFO
writing dependency_links to ../../build/v2x_system_integration/v2x_system_integration.egg-info/dependency_links.txt
writing requirements to ../../build/v2x_system_integration/v2x_system_integration.egg-info/requires.txt
writing top-level names to ../../build/v2x_system_integration/v2x_system_integration.egg-info/top_level.txt
writing manifest file '../../build/v2x_system_integration/v2x_system_integration.egg-info/SOURCES.txt'
reading manifest file '../../build/v2x_system_integration/v2x_system_integration.egg-info/SOURCES.txt'
writing manifest file '../../build/v2x_system_integration/v2x_system_integration.egg-info/SOURCES.txt'
running build
running install
running install_data
creating /workspaces/Qcar/install/v2x_system_integration/share/ament_index/resource_index/packages
copying resource/v2x_system_integration -> /workspaces/Qcar/install/v2x_system_integration/share/ament_index/resource_index/packages
copying package.xml -> /workspaces/Qcar/install/v2x_system_integration/share/v2x_system_integration
creating /workspaces/Qcar/install/v2x_system_integration/share/v2x_system_integration/launch
copying launch/integrated_v2x_nav2_mppi.launch.py -> /workspaces/Qcar/install/v2x_system_integration/share/v2x_system_integration/launch
running install_egg_info
Copying ../../build/v2x_system_integration/v2x_system_integration.egg-info to /workspaces/Qcar/install/v2x_system_integration/lib/python3.12/site-packages/v2x_system_integration-0.1.0-py3.12.egg-info
running install_scripts
writing list of installed files to '/workspaces/Qcar/build/v2x_system_integration/install.log'
