[1.003s] Invoking command in '/workspaces/Qcar/src/v2x_system_integration': AMENT_PREFIX_PATH=/workspaces/Qcar/install/v2x_opencv_perception:/workspaces/Qcar/install/v2x_nav2_sim:/workspaces/Qcar/install/v2x_mppi_lane_avoidance:/workspaces/Qcar/install/v2x_emergency:/workspaces/Qcar/install/emergency_priority:${AMENT_PREFIX_PATH} CMAKE_PREFIX_PATH=/workspaces/Qcar/install/v2x_emergency DEBUGINFOD_URLS=https://debuginfod.ubuntu.com LD_LIBRARY_PATH=/workspaces/Qcar/install/v2x_emergency/lib:${LD_LIBRARY_PATH} PATH=/workspaces/Qcar/install/v2x_opencv_perception/bin:/workspaces/Qcar/install/v2x_mppi_lane_avoidance/bin:${PATH} PYTHONPATH=/workspaces/Qcar/build/v2x_system_integration/prefix_override:/usr/lib/python3/dist-packages/colcon_core/task/python/colcon_distutils_commands:/workspaces/Qcar/install/v2x_system_integration/lib/python3.12/site-packages:/workspaces/Qcar/install/v2x_opencv_perception/lib/python3.12/site-packages:/workspaces/Qcar/install/v2x_nav2_sim/lib/python3.12/site-packages:/workspaces/Qcar/install/v2x_mppi_lane_avoidance/lib/python3.12/site-packages:/workspaces/Qcar/install/v2x_emergency/lib/python3.12/site-packages:/workspaces/Qcar/install/emergency_priority/lib/python3.12/site-packages:${PYTHONPATH} /usr/bin/python3 -W ignore:setup.py install is deprecated -W ignore:easy_install command is deprecated setup.py egg_info --egg-base ../../build/v2x_system_integration build --build-base /workspaces/Qcar/build/v2x_system_integration/build install --record /workspaces/Qcar/build/v2x_system_integration/install.log --single-version-externally-managed install_data
[1.299s] running egg_info
[1.334s] creating ../../build/v2x_system_integration/v2x_system_integration.egg-info
[1.334s] writing ../../build/v2x_system_integration/v2x_system_integration.egg-info/PKG-INFO
[1.334s] writing dependency_links to ../../build/v2x_system_integration/v2x_system_integration.egg-info/dependency_links.txt
[1.334s] writing requirements to ../../build/v2x_system_integration/v2x_system_integration.egg-info/requires.txt
[1.335s] writing top-level names to ../../build/v2x_system_integration/v2x_system_integration.egg-info/top_level.txt
[1.335s] writing manifest file '../../build/v2x_system_integration/v2x_system_integration.egg-info/SOURCES.txt'
[1.366s] reading manifest file '../../build/v2x_system_integration/v2x_system_integration.egg-info/SOURCES.txt'
[1.368s] writing manifest file '../../build/v2x_system_integration/v2x_system_integration.egg-info/SOURCES.txt'
[1.370s] running build
[1.371s] running install
[1.377s] running install_data
[1.377s] creating /workspaces/Qcar/install/v2x_system_integration/share/ament_index/resource_index/packages
[1.378s] copying resource/v2x_system_integration -> /workspaces/Qcar/install/v2x_system_integration/share/ament_index/resource_index/packages
[1.378s] copying package.xml -> /workspaces/Qcar/install/v2x_system_integration/share/v2x_system_integration
[1.378s] creating /workspaces/Qcar/install/v2x_system_integration/share/v2x_system_integration/launch
[1.378s] copying launch/integrated_v2x_nav2_mppi.launch.py -> /workspaces/Qcar/install/v2x_system_integration/share/v2x_system_integration/launch
[1.380s] running install_egg_info
[1.423s] Copying ../../build/v2x_system_integration/v2x_system_integration.egg-info to /workspaces/Qcar/install/v2x_system_integration/lib/python3.12/site-packages/v2x_system_integration-0.1.0-py3.12.egg-info
[1.424s] running install_scripts
[1.464s] writing list of installed files to '/workspaces/Qcar/build/v2x_system_integration/install.log'
[1.486s] Invoked command in '/workspaces/Qcar/src/v2x_system_integration' returned '0': AMENT_PREFIX_PATH=/workspaces/Qcar/install/v2x_opencv_perception:/workspaces/Qcar/install/v2x_nav2_sim:/workspaces/Qcar/install/v2x_mppi_lane_avoidance:/workspaces/Qcar/install/v2x_emergency:/workspaces/Qcar/install/emergency_priority:${AMENT_PREFIX_PATH} CMAKE_PREFIX_PATH=/workspaces/Qcar/install/v2x_emergency DEBUGINFOD_URLS=https://debuginfod.ubuntu.com LD_LIBRARY_PATH=/workspaces/Qcar/install/v2x_emergency/lib:${LD_LIBRARY_PATH} PATH=/workspaces/Qcar/install/v2x_opencv_perception/bin:/workspaces/Qcar/install/v2x_mppi_lane_avoidance/bin:${PATH} PYTHONPATH=/workspaces/Qcar/build/v2x_system_integration/prefix_override:/usr/lib/python3/dist-packages/colcon_core/task/python/colcon_distutils_commands:/workspaces/Qcar/install/v2x_system_integration/lib/python3.12/site-packages:/workspaces/Qcar/install/v2x_opencv_perception/lib/python3.12/site-packages:/workspaces/Qcar/install/v2x_nav2_sim/lib/python3.12/site-packages:/workspaces/Qcar/install/v2x_mppi_lane_avoidance/lib/python3.12/site-packages:/workspaces/Qcar/install/v2x_emergency/lib/python3.12/site-packages:/workspaces/Qcar/install/emergency_priority/lib/python3.12/site-packages:${PYTHONPATH} /usr/bin/python3 -W ignore:setup.py install is deprecated -W ignore:easy_install command is deprecated setup.py egg_info --egg-base ../../build/v2x_system_integration build --build-base /workspaces/Qcar/build/v2x_system_integration/build install --record /workspaces/Qcar/build/v2x_system_integration/install.log --single-version-externally-managed install_data
